{"C:\\Users\\radia\\OneDrive\\Documents\\Hacktiv 8\\Phase 2-1\\IP-HCK86\\server\\controllers\\aiController.js": {"path":"C:\\Users\\radia\\OneDrive\\Documents\\Hacktiv 8\\Phase 2-1\\IP-HCK86\\server\\controllers\\aiController.js","statementMap":{"0":{"start":{"line":1,"column":31},"end":{"line":1,"column":63}},"1":{"start":{"line":5,"column":22},"end":{"line":5,"column":68}},"2":{"start":{"line":6,"column":18},"end":{"line":6,"column":27}},"3":{"start":{"line":9,"column":17},"end":{"line":9,"column":76}},"4":{"start":{"line":10,"column":2},"end":{"line":14,"column":3}},"5":{"start":{"line":11,"column":16},"end":{"line":11,"column":130}},"6":{"start":{"line":12,"column":4},"end":{"line":12,"column":28}},"7":{"start":{"line":13,"column":4},"end":{"line":13,"column":14}},"8":{"start":{"line":15,"column":16},"end":{"line":15,"column":46}},"9":{"start":{"line":16,"column":15},"end":{"line":16,"column":70}},"10":{"start":{"line":17,"column":2},"end":{"line":17,"column":51}},"11":{"start":{"line":22,"column":22},"end":{"line":22,"column":69}},"12":{"start":{"line":24,"column":2},"end":{"line":43,"column":3}},"13":{"start":{"line":24,"column":15},"end":{"line":24,"column":16}},"14":{"start":{"line":25,"column":4},"end":{"line":42,"column":5}},"15":{"start":{"line":26,"column":6},"end":{"line":26,"column":49}},"16":{"start":{"line":28,"column":21},"end":{"line":28,"column":57}},"17":{"start":{"line":30,"column":6},"end":{"line":39,"column":7}},"18":{"start":{"line":32,"column":25},"end":{"line":32,"column":66}},"19":{"start":{"line":33,"column":27},"end":{"line":33,"column":68}},"20":{"start":{"line":34,"column":21},"end":{"line":34,"column":46}},"21":{"start":{"line":35,"column":23},"end":{"line":35,"column":78}},"22":{"start":{"line":36,"column":24},"end":{"line":36,"column":37}},"23":{"start":{"line":37,"column":8},"end":{"line":37,"column":57}},"24":{"start":{"line":37,"column":33},"end":{"line":37,"column":55}},"25":{"start":{"line":38,"column":8},"end":{"line":38,"column":17}},"26":{"start":{"line":40,"column":6},"end":{"line":40,"column":20}},"27":{"start":{"line":41,"column":6},"end":{"line":41,"column":12}},"28":{"start":{"line":44,"column":2},"end":{"line":44,"column":16}},"29":{"start":{"line":48,"column":23},"end":{"line":48,"column":107}},"30":{"start":{"line":48,"column":82},"end":{"line":48,"column":90}},"31":{"start":{"line":50,"column":24},"end":{"line":50,"column":81}},"32":{"start":{"line":51,"column":21},"end":{"line":59,"column":7}},"33":{"start":{"line":60,"column":16},"end":{"line":60,"column":25}},"34":{"start":{"line":62,"column":2},"end":{"line":80,"column":3}},"35":{"start":{"line":63,"column":4},"end":{"line":63,"column":34}},"36":{"start":{"line":63,"column":25},"end":{"line":63,"column":34}},"37":{"start":{"line":64,"column":4},"end":{"line":64,"column":20}},"38":{"start":{"line":65,"column":18},"end":{"line":65,"column":37}},"39":{"start":{"line":66,"column":4},"end":{"line":79,"column":5}},"40":{"start":{"line":67,"column":18},"end":{"line":67,"column":54}},"41":{"start":{"line":68,"column":6},"end":{"line":70,"column":7}},"42":{"start":{"line":69,"column":8},"end":{"line":69,"column":58}},"43":{"start":{"line":71,"column":6},"end":{"line":71,"column":17}},"44":{"start":{"line":73,"column":21},"end":{"line":73,"column":57}},"45":{"start":{"line":74,"column":6},"end":{"line":74,"column":20}},"46":{"start":{"line":75,"column":6},"end":{"line":77,"column":7}},"47":{"start":{"line":76,"column":8},"end":{"line":76,"column":14}},"48":{"start":{"line":81,"column":2},"end":{"line":81,"column":16}},"49":{"start":{"line":86,"column":4},"end":{"line":143,"column":5}},"50":{"start":{"line":87,"column":57},"end":{"line":87,"column":65}},"51":{"start":{"line":89,"column":16},"end":{"line":89,"column":31}},"52":{"start":{"line":91,"column":21},"end":{"line":110,"column":7}},"53":{"start":{"line":112,"column":17},"end":{"line":112,"column":53}},"54":{"start":{"line":113,"column":17},"end":{"line":113,"column":19}},"55":{"start":{"line":114,"column":6},"end":{"line":119,"column":7}},"56":{"start":{"line":115,"column":25},"end":{"line":115,"column":46}},"57":{"start":{"line":116,"column":8},"end":{"line":116,"column":75}},"58":{"start":{"line":118,"column":8},"end":{"line":118,"column":18}},"59":{"start":{"line":121,"column":6},"end":{"line":140,"column":7}},"60":{"start":{"line":122,"column":27},"end":{"line":122,"column":43}},"61":{"start":{"line":123,"column":8},"end":{"line":126,"column":11}},"62":{"start":{"line":128,"column":8},"end":{"line":139,"column":11}},"63":{"start":{"line":142,"column":6},"end":{"line":142,"column":18}},"64":{"start":{"line":147,"column":4},"end":{"line":209,"column":5}},"65":{"start":{"line":148,"column":66},"end":{"line":148,"column":74}},"66":{"start":{"line":150,"column":16},"end":{"line":150,"column":31}},"67":{"start":{"line":152,"column":21},"end":{"line":177,"column":7}},"68":{"start":{"line":179,"column":17},"end":{"line":179,"column":53}},"69":{"start":{"line":180,"column":17},"end":{"line":180,"column":19}},"70":{"start":{"line":181,"column":6},"end":{"line":186,"column":7}},"71":{"start":{"line":182,"column":25},"end":{"line":182,"column":46}},"72":{"start":{"line":183,"column":8},"end":{"line":183,"column":75}},"73":{"start":{"line":185,"column":8},"end":{"line":185,"column":18}},"74":{"start":{"line":188,"column":6},"end":{"line":206,"column":7}},"75":{"start":{"line":189,"column":27},"end":{"line":189,"column":43}},"76":{"start":{"line":190,"column":8},"end":{"line":193,"column":11}},"77":{"start":{"line":195,"column":8},"end":{"line":205,"column":11}},"78":{"start":{"line":208,"column":6},"end":{"line":208,"column":18}},"79":{"start":{"line":213,"column":4},"end":{"line":295,"column":5}},"80":{"start":{"line":214,"column":36},"end":{"line":214,"column":44}},"81":{"start":{"line":216,"column":6},"end":{"line":221,"column":7}},"82":{"start":{"line":217,"column":8},"end":{"line":220,"column":11}},"83":{"start":{"line":224,"column":18},"end":{"line":224,"column":40}},"84":{"start":{"line":225,"column":18},"end":{"line":225,"column":28}},"85":{"start":{"line":226,"column":21},"end":{"line":226,"column":34}},"86":{"start":{"line":227,"column":19},"end":{"line":227,"column":42}},"87":{"start":{"line":228,"column":21},"end":{"line":228,"column":46}},"88":{"start":{"line":229,"column":6},"end":{"line":234,"column":7}},"89":{"start":{"line":230,"column":8},"end":{"line":233,"column":11}},"90":{"start":{"line":235,"column":6},"end":{"line":235,"column":30}},"91":{"start":{"line":237,"column":20},"end":{"line":237,"column":35}},"92":{"start":{"line":239,"column":21},"end":{"line":246,"column":7}},"93":{"start":{"line":249,"column":6},"end":{"line":279,"column":7}},"94":{"start":{"line":250,"column":8},"end":{"line":250,"column":47}},"95":{"start":{"line":252,"column":8},"end":{"line":252,"column":57}},"96":{"start":{"line":253,"column":23},"end":{"line":253,"column":59}},"97":{"start":{"line":254,"column":20},"end":{"line":254,"column":55}},"98":{"start":{"line":256,"column":8},"end":{"line":262,"column":9}},"99":{"start":{"line":257,"column":10},"end":{"line":261,"column":13}},"100":{"start":{"line":263,"column":8},"end":{"line":269,"column":9}},"101":{"start":{"line":264,"column":10},"end":{"line":268,"column":13}},"102":{"start":{"line":270,"column":8},"end":{"line":276,"column":9}},"103":{"start":{"line":271,"column":10},"end":{"line":275,"column":13}},"104":{"start":{"line":278,"column":8},"end":{"line":278,"column":18}},"105":{"start":{"line":281,"column":23},"end":{"line":281,"column":44}},"106":{"start":{"line":282,"column":19},"end":{"line":282,"column":34}},"107":{"start":{"line":284,"column":6},"end":{"line":291,"column":9}},"108":{"start":{"line":293,"column":6},"end":{"line":293,"column":68}},"109":{"start":{"line":294,"column":6},"end":{"line":294,"column":18}},"110":{"start":{"line":299,"column":4},"end":{"line":354,"column":5}},"111":{"start":{"line":300,"column":55},"end":{"line":300,"column":63}},"112":{"start":{"line":302,"column":16},"end":{"line":302,"column":31}},"113":{"start":{"line":304,"column":21},"end":{"line":323,"column":7}},"114":{"start":{"line":325,"column":17},"end":{"line":325,"column":53}},"115":{"start":{"line":326,"column":17},"end":{"line":326,"column":19}},"116":{"start":{"line":327,"column":6},"end":{"line":332,"column":7}},"117":{"start":{"line":328,"column":25},"end":{"line":328,"column":46}},"118":{"start":{"line":329,"column":8},"end":{"line":329,"column":75}},"119":{"start":{"line":331,"column":8},"end":{"line":331,"column":18}},"120":{"start":{"line":334,"column":6},"end":{"line":351,"column":7}},"121":{"start":{"line":335,"column":27},"end":{"line":335,"column":43}},"122":{"start":{"line":336,"column":8},"end":{"line":339,"column":11}},"123":{"start":{"line":341,"column":8},"end":{"line":350,"column":11}},"124":{"start":{"line":353,"column":6},"end":{"line":353,"column":18}},"125":{"start":{"line":358,"column":4},"end":{"line":417,"column":5}},"126":{"start":{"line":359,"column":35},"end":{"line":359,"column":43}},"127":{"start":{"line":361,"column":6},"end":{"line":366,"column":7}},"128":{"start":{"line":362,"column":8},"end":{"line":365,"column":11}},"129":{"start":{"line":368,"column":20},"end":{"line":368,"column":35}},"130":{"start":{"line":370,"column":21},"end":{"line":379,"column":36}},"131":{"start":{"line":382,"column":6},"end":{"line":401,"column":7}},"132":{"start":{"line":383,"column":8},"end":{"line":383,"column":54}},"133":{"start":{"line":385,"column":8},"end":{"line":385,"column":60}},"134":{"start":{"line":386,"column":23},"end":{"line":386,"column":59}},"135":{"start":{"line":388,"column":8},"end":{"line":393,"column":9}},"136":{"start":{"line":389,"column":10},"end":{"line":392,"column":13}},"137":{"start":{"line":394,"column":8},"end":{"line":399,"column":9}},"138":{"start":{"line":395,"column":10},"end":{"line":398,"column":13}},"139":{"start":{"line":400,"column":8},"end":{"line":400,"column":18}},"140":{"start":{"line":403,"column":23},"end":{"line":403,"column":44}},"141":{"start":{"line":404,"column":19},"end":{"line":404,"column":34}},"142":{"start":{"line":406,"column":6},"end":{"line":413,"column":9}},"143":{"start":{"line":415,"column":6},"end":{"line":415,"column":71}},"144":{"start":{"line":416,"column":6},"end":{"line":416,"column":18}},"145":{"start":{"line":421,"column":0},"end":{"line":421,"column":30}}},"fnMap":{"0":{"name":"getGenAiModel","decl":{"start":{"line":8,"column":9},"end":{"line":8,"column":22}},"loc":{"start":{"line":8,"column":34},"end":{"line":18,"column":1}},"line":8},"1":{"name":"genWithRetry","decl":{"start":{"line":20,"column":15},"end":{"line":20,"column":27}},"loc":{"start":{"line":20,"column":57},"end":{"line":45,"column":1}},"line":20},"2":{"name":"(anonymous_2)","decl":{"start":{"line":37,"column":26},"end":{"line":37,"column":27}},"loc":{"start":{"line":37,"column":33},"end":{"line":37,"column":55}},"line":37},"3":{"name":"genWithFallback","decl":{"start":{"line":47,"column":15},"end":{"line":47,"column":30}},"loc":{"start":{"line":47,"column":52},"end":{"line":82,"column":1}},"line":47},"4":{"name":"(anonymous_4)","decl":{"start":{"line":48,"column":77},"end":{"line":48,"column":78}},"loc":{"start":{"line":48,"column":82},"end":{"line":48,"column":90}},"line":48},"5":{"name":"(anonymous_5)","decl":{"start":{"line":85,"column":2},"end":{"line":85,"column":3}},"loc":{"start":{"line":85,"column":62},"end":{"line":144,"column":3}},"line":85},"6":{"name":"(anonymous_6)","decl":{"start":{"line":146,"column":2},"end":{"line":146,"column":3}},"loc":{"start":{"line":146,"column":49},"end":{"line":210,"column":3}},"line":146},"7":{"name":"(anonymous_7)","decl":{"start":{"line":212,"column":2},"end":{"line":212,"column":3}},"loc":{"start":{"line":212,"column":43},"end":{"line":296,"column":3}},"line":212},"8":{"name":"(anonymous_8)","decl":{"start":{"line":298,"column":2},"end":{"line":298,"column":3}},"loc":{"start":{"line":298,"column":44},"end":{"line":355,"column":3}},"line":298},"9":{"name":"(anonymous_9)","decl":{"start":{"line":357,"column":2},"end":{"line":357,"column":3}},"loc":{"start":{"line":357,"column":46},"end":{"line":418,"column":3}},"line":357}},"branchMap":{"0":{"loc":{"start":{"line":5,"column":29},"end":{"line":5,"column":67}},"type":"binary-expr","locations":[{"start":{"line":5,"column":29},"end":{"line":5,"column":59}},{"start":{"line":5,"column":63},"end":{"line":5,"column":67}}],"line":5},"1":{"loc":{"start":{"line":9,"column":17},"end":{"line":9,"column":76}},"type":"binary-expr","locations":[{"start":{"line":9,"column":17},"end":{"line":9,"column":46}},{"start":{"line":9,"column":50},"end":{"line":9,"column":76}}],"line":9},"2":{"loc":{"start":{"line":10,"column":2},"end":{"line":14,"column":3}},"type":"if","locations":[{"start":{"line":10,"column":2},"end":{"line":14,"column":3}},{"start":{},"end":{}}],"line":10},"3":{"loc":{"start":{"line":16,"column":15},"end":{"line":16,"column":70}},"type":"binary-expr","locations":[{"start":{"line":16,"column":15},"end":{"line":16,"column":24}},{"start":{"line":16,"column":28},"end":{"line":16,"column":48}},{"start":{"line":16,"column":52},"end":{"line":16,"column":70}}],"line":16},"4":{"loc":{"start":{"line":20,"column":43},"end":{"line":20,"column":55}},"type":"default-arg","locations":[{"start":{"line":20,"column":54},"end":{"line":20,"column":55}}],"line":20},"5":{"loc":{"start":{"line":22,"column":29},"end":{"line":22,"column":68}},"type":"binary-expr","locations":[{"start":{"line":22,"column":29},"end":{"line":22,"column":56}},{"start":{"line":22,"column":60},"end":{"line":22,"column":68}}],"line":22},"6":{"loc":{"start":{"line":28,"column":21},"end":{"line":28,"column":57}},"type":"binary-expr","locations":[{"start":{"line":28,"column":21},"end":{"line":28,"column":32}},{"start":{"line":28,"column":36},"end":{"line":28,"column":57}}],"line":28},"7":{"loc":{"start":{"line":30,"column":6},"end":{"line":39,"column":7}},"type":"if","locations":[{"start":{"line":30,"column":6},"end":{"line":39,"column":7}},{"start":{},"end":{}}],"line":30},"8":{"loc":{"start":{"line":30,"column":10},"end":{"line":30,"column":121}},"type":"binary-expr","locations":[{"start":{"line":30,"column":11},"end":{"line":30,"column":25}},{"start":{"line":30,"column":29},"end":{"line":30,"column":43}},{"start":{"line":30,"column":47},"end":{"line":30,"column":61}},{"start":{"line":30,"column":65},"end":{"line":30,"column":79}},{"start":{"line":30,"column":83},"end":{"line":30,"column":97}},{"start":{"line":30,"column":102},"end":{"line":30,"column":121}}],"line":30},"9":{"loc":{"start":{"line":32,"column":25},"end":{"line":32,"column":66}},"type":"cond-expr","locations":[{"start":{"line":32,"column":59},"end":{"line":32,"column":60}},{"start":{"line":32,"column":63},"end":{"line":32,"column":66}}],"line":32},"10":{"loc":{"start":{"line":33,"column":27},"end":{"line":33,"column":68}},"type":"cond-expr","locations":[{"start":{"line":33,"column":61},"end":{"line":33,"column":62}},{"start":{"line":33,"column":65},"end":{"line":33,"column":68}}],"line":33},"11":{"loc":{"start":{"line":35,"column":23},"end":{"line":35,"column":78}},"type":"cond-expr","locations":[{"start":{"line":35,"column":36},"end":{"line":35,"column":74}},{"start":{"line":35,"column":77},"end":{"line":35,"column":78}}],"line":35},"12":{"loc":{"start":{"line":48,"column":24},"end":{"line":48,"column":60}},"type":"binary-expr","locations":[{"start":{"line":48,"column":24},"end":{"line":48,"column":54}},{"start":{"line":48,"column":58},"end":{"line":48,"column":60}}],"line":48},"13":{"loc":{"start":{"line":50,"column":24},"end":{"line":50,"column":81}},"type":"binary-expr","locations":[{"start":{"line":50,"column":24},"end":{"line":50,"column":35}},{"start":{"line":50,"column":39},"end":{"line":50,"column":59}},{"start":{"line":50,"column":63},"end":{"line":50,"column":81}}],"line":50},"14":{"loc":{"start":{"line":51,"column":21},"end":{"line":59,"column":7}},"type":"cond-expr","locations":[{"start":{"line":52,"column":6},"end":{"line":52,"column":38}},{"start":{"line":53,"column":6},"end":{"line":59,"column":7}}],"line":51},"15":{"loc":{"start":{"line":63,"column":4},"end":{"line":63,"column":34}},"type":"if","locations":[{"start":{"line":63,"column":4},"end":{"line":63,"column":34}},{"start":{},"end":{}}],"line":63},"16":{"loc":{"start":{"line":68,"column":6},"end":{"line":70,"column":7}},"type":"if","locations":[{"start":{"line":68,"column":6},"end":{"line":70,"column":7}},{"start":{},"end":{}}],"line":68},"17":{"loc":{"start":{"line":73,"column":21},"end":{"line":73,"column":57}},"type":"binary-expr","locations":[{"start":{"line":73,"column":21},"end":{"line":73,"column":32}},{"start":{"line":73,"column":36},"end":{"line":73,"column":57}}],"line":73},"18":{"loc":{"start":{"line":75,"column":6},"end":{"line":77,"column":7}},"type":"if","locations":[{"start":{"line":75,"column":6},"end":{"line":77,"column":7}},{"start":{},"end":{}}],"line":75},"19":{"loc":{"start":{"line":75,"column":12},"end":{"line":75,"column":98}},"type":"binary-expr","locations":[{"start":{"line":75,"column":12},"end":{"line":75,"column":26}},{"start":{"line":75,"column":30},"end":{"line":75,"column":44}},{"start":{"line":75,"column":48},"end":{"line":75,"column":62}},{"start":{"line":75,"column":66},"end":{"line":75,"column":80}},{"start":{"line":75,"column":84},"end":{"line":75,"column":98}}],"line":75},"20":{"loc":{"start":{"line":116,"column":15},"end":{"line":116,"column":74}},"type":"cond-expr","locations":[{"start":{"line":116,"column":54},"end":{"line":116,"column":69}},{"start":{"line":116,"column":72},"end":{"line":116,"column":74}}],"line":116},"21":{"loc":{"start":{"line":133,"column":19},"end":{"line":133,"column":60}},"type":"binary-expr","locations":[{"start":{"line":133,"column":19},"end":{"line":133,"column":23}},{"start":{"line":133,"column":27},"end":{"line":133,"column":60}}],"line":133},"22":{"loc":{"start":{"line":183,"column":15},"end":{"line":183,"column":74}},"type":"cond-expr","locations":[{"start":{"line":183,"column":54},"end":{"line":183,"column":69}},{"start":{"line":183,"column":72},"end":{"line":183,"column":74}}],"line":183},"23":{"loc":{"start":{"line":201,"column":19},"end":{"line":201,"column":60}},"type":"binary-expr","locations":[{"start":{"line":201,"column":19},"end":{"line":201,"column":23}},{"start":{"line":201,"column":27},"end":{"line":201,"column":60}}],"line":201},"24":{"loc":{"start":{"line":216,"column":6},"end":{"line":221,"column":7}},"type":"if","locations":[{"start":{"line":216,"column":6},"end":{"line":221,"column":7}},{"start":{},"end":{}}],"line":216},"25":{"loc":{"start":{"line":216,"column":10},"end":{"line":216,"column":39}},"type":"binary-expr","locations":[{"start":{"line":216,"column":10},"end":{"line":216,"column":19}},{"start":{"line":216,"column":23},"end":{"line":216,"column":39}}],"line":216},"26":{"loc":{"start":{"line":224,"column":18},"end":{"line":224,"column":40}},"type":"binary-expr","locations":[{"start":{"line":224,"column":18},"end":{"line":224,"column":30}},{"start":{"line":224,"column":34},"end":{"line":224,"column":40}}],"line":224},"27":{"loc":{"start":{"line":227,"column":19},"end":{"line":227,"column":42}},"type":"binary-expr","locations":[{"start":{"line":227,"column":19},"end":{"line":227,"column":37}},{"start":{"line":227,"column":41},"end":{"line":227,"column":42}}],"line":227},"28":{"loc":{"start":{"line":229,"column":6},"end":{"line":234,"column":7}},"type":"if","locations":[{"start":{"line":229,"column":6},"end":{"line":234,"column":7}},{"start":{},"end":{}}],"line":229},"29":{"loc":{"start":{"line":243,"column":19},"end":{"line":243,"column":56}},"type":"binary-expr","locations":[{"start":{"line":243,"column":19},"end":{"line":243,"column":26}},{"start":{"line":243,"column":30},"end":{"line":243,"column":56}}],"line":243},"30":{"loc":{"start":{"line":253,"column":23},"end":{"line":253,"column":59}},"type":"binary-expr","locations":[{"start":{"line":253,"column":23},"end":{"line":253,"column":34}},{"start":{"line":253,"column":38},"end":{"line":253,"column":59}}],"line":253},"31":{"loc":{"start":{"line":254,"column":20},"end":{"line":254,"column":55}},"type":"binary-expr","locations":[{"start":{"line":254,"column":20},"end":{"line":254,"column":32}},{"start":{"line":254,"column":36},"end":{"line":254,"column":55}}],"line":254},"32":{"loc":{"start":{"line":256,"column":8},"end":{"line":262,"column":9}},"type":"if","locations":[{"start":{"line":256,"column":8},"end":{"line":262,"column":9}},{"start":{},"end":{}}],"line":256},"33":{"loc":{"start":{"line":263,"column":8},"end":{"line":269,"column":9}},"type":"if","locations":[{"start":{"line":263,"column":8},"end":{"line":269,"column":9}},{"start":{},"end":{}}],"line":263},"34":{"loc":{"start":{"line":270,"column":8},"end":{"line":276,"column":9}},"type":"if","locations":[{"start":{"line":270,"column":8},"end":{"line":276,"column":9}},{"start":{},"end":{}}],"line":270},"35":{"loc":{"start":{"line":300,"column":33},"end":{"line":300,"column":50}},"type":"default-arg","locations":[{"start":{"line":300,"column":49},"end":{"line":300,"column":50}}],"line":300},"36":{"loc":{"start":{"line":329,"column":15},"end":{"line":329,"column":74}},"type":"cond-expr","locations":[{"start":{"line":329,"column":54},"end":{"line":329,"column":69}},{"start":{"line":329,"column":72},"end":{"line":329,"column":74}}],"line":329},"37":{"loc":{"start":{"line":347,"column":15},"end":{"line":347,"column":56}},"type":"binary-expr","locations":[{"start":{"line":347,"column":15},"end":{"line":347,"column":19}},{"start":{"line":347,"column":23},"end":{"line":347,"column":56}}],"line":347},"38":{"loc":{"start":{"line":361,"column":6},"end":{"line":366,"column":7}},"type":"if","locations":[{"start":{"line":361,"column":6},"end":{"line":366,"column":7}},{"start":{},"end":{}}],"line":361},"39":{"loc":{"start":{"line":361,"column":10},"end":{"line":361,"column":37}},"type":"binary-expr","locations":[{"start":{"line":361,"column":10},"end":{"line":361,"column":18}},{"start":{"line":361,"column":22},"end":{"line":361,"column":37}}],"line":361},"40":{"loc":{"start":{"line":373,"column":11},"end":{"line":373,"column":41}},"type":"binary-expr","locations":[{"start":{"line":373,"column":11},"end":{"line":373,"column":18}},{"start":{"line":373,"column":22},"end":{"line":373,"column":41}}],"line":373},"41":{"loc":{"start":{"line":386,"column":23},"end":{"line":386,"column":59}},"type":"binary-expr","locations":[{"start":{"line":386,"column":23},"end":{"line":386,"column":34}},{"start":{"line":386,"column":38},"end":{"line":386,"column":59}}],"line":386},"42":{"loc":{"start":{"line":388,"column":8},"end":{"line":393,"column":9}},"type":"if","locations":[{"start":{"line":388,"column":8},"end":{"line":393,"column":9}},{"start":{},"end":{}}],"line":388},"43":{"loc":{"start":{"line":394,"column":8},"end":{"line":399,"column":9}},"type":"if","locations":[{"start":{"line":394,"column":8},"end":{"line":399,"column":9}},{"start":{},"end":{}}],"line":394}},"s":{"0":26,"1":26,"2":26,"3":35,"4":35,"5":1,"6":1,"7":1,"8":34,"9":34,"10":34,"11":24,"12":24,"13":24,"14":35,"15":35,"16":20,"17":20,"18":11,"19":11,"20":11,"21":11,"22":11,"23":11,"24":11,"25":11,"26":9,"27":9,"28":9,"29":10,"30":12,"31":10,"32":10,"33":10,"34":10,"35":11,"36":0,"37":11,"38":11,"39":11,"40":11,"41":5,"42":1,"43":5,"44":6,"45":6,"46":6,"47":3,"48":5,"49":3,"50":3,"51":3,"52":3,"53":3,"54":3,"55":3,"56":3,"57":3,"58":0,"59":3,"60":3,"61":1,"62":2,"63":0,"64":4,"65":4,"66":4,"67":3,"68":3,"69":3,"70":3,"71":3,"72":3,"73":0,"74":3,"75":3,"76":1,"77":2,"78":1,"79":12,"80":12,"81":12,"82":1,"83":11,"84":11,"85":11,"86":11,"87":11,"88":11,"89":1,"90":10,"91":10,"92":10,"93":10,"94":10,"95":5,"96":5,"97":5,"98":5,"99":1,"100":4,"101":1,"102":3,"103":2,"104":1,"105":5,"106":5,"107":5,"108":1,"109":1,"110":3,"111":3,"112":3,"113":3,"114":3,"115":3,"116":3,"117":3,"118":3,"119":0,"120":3,"121":3,"122":1,"123":2,"124":0,"125":5,"126":5,"127":5,"128":1,"129":4,"130":4,"131":4,"132":4,"133":3,"134":3,"135":3,"136":1,"137":2,"138":1,"139":1,"140":1,"141":1,"142":1,"143":1,"144":1,"145":26},"f":{"0":35,"1":24,"2":11,"3":10,"4":12,"5":3,"6":4,"7":12,"8":3,"9":5},"b":{"0":[26,24],"1":[35,1],"2":[1,34],"3":[34,23,23],"4":[0],"5":[24,18],"6":[20,0],"7":[11,9],"8":[20,13,13,13,4,16],"9":[11,0],"10":[11,0],"11":[0,11],"12":[10,7],"13":[10,10,10],"14":[10,0],"15":[0,11],"16":[1,4],"17":[6,0],"18":[3,3],"19":[6,5,5,5,3],"20":[2,1],"21":[2,1],"22":[2,1],"23":[2,1],"24":[1,11],"25":[12,12],"26":[11,0],"27":[11,10],"28":[1,10],"29":[10,9],"30":[5,0],"31":[5,0],"32":[1,4],"33":[1,3],"34":[2,1],"35":[0],"36":[2,1],"37":[2,1],"38":[1,4],"39":[5,5],"40":[4,4],"41":[3,0],"42":[1,2],"43":[1,1]},"_coverageSchema":"1a1c01bbd47fc00a2c39e90264f33305004495a9","hash":"c28ca54b3afce5ba111d97ac933fd2cc299081de"}
,"C:\\Users\\radia\\OneDrive\\Documents\\Hacktiv 8\\Phase 2-1\\IP-HCK86\\server\\controllers\\courseController.js": {"path":"C:\\Users\\radia\\OneDrive\\Documents\\Hacktiv 8\\Phase 2-1\\IP-HCK86\\server\\controllers\\courseController.js","statementMap":{"0":{"start":{"line":1,"column":45},"end":{"line":1,"column":65}},"1":{"start":{"line":2,"column":15},"end":{"line":2,"column":35}},"2":{"start":{"line":3,"column":23},"end":{"line":3,"column":52}},"3":{"start":{"line":7,"column":4},"end":{"line":38,"column":5}},"4":{"start":{"line":8,"column":42},"end":{"line":8,"column":51}},"5":{"start":{"line":9,"column":20},"end":{"line":9,"column":41}},"6":{"start":{"line":11,"column":6},"end":{"line":11,"column":46}},"7":{"start":{"line":11,"column":20},"end":{"line":11,"column":46}},"8":{"start":{"line":12,"column":6},"end":{"line":12,"column":37}},"9":{"start":{"line":12,"column":17},"end":{"line":12,"column":37}},"10":{"start":{"line":13,"column":6},"end":{"line":18,"column":7}},"11":{"start":{"line":14,"column":8},"end":{"line":17,"column":10}},"12":{"start":{"line":20,"column":22},"end":{"line":30,"column":8}},"13":{"start":{"line":32,"column":6},"end":{"line":35,"column":9}},"14":{"start":{"line":37,"column":6},"end":{"line":37,"column":18}},"15":{"start":{"line":42,"column":4},"end":{"line":69,"column":5}},"16":{"start":{"line":43,"column":21},"end":{"line":43,"column":31}},"17":{"start":{"line":45,"column":21},"end":{"line":57,"column":8}},"18":{"start":{"line":59,"column":6},"end":{"line":61,"column":7}},"19":{"start":{"line":60,"column":8},"end":{"line":60,"column":64}},"20":{"start":{"line":63,"column":6},"end":{"line":66,"column":9}},"21":{"start":{"line":68,"column":6},"end":{"line":68,"column":18}},"22":{"start":{"line":73,"column":4},"end":{"line":101,"column":5}},"23":{"start":{"line":74,"column":77},"end":{"line":74,"column":85}},"24":{"start":{"line":76,"column":25},"end":{"line":76,"column":29}},"25":{"start":{"line":77,"column":6},"end":{"line":80,"column":7}},"26":{"start":{"line":78,"column":25},"end":{"line":78,"column":73}},"27":{"start":{"line":79,"column":8},"end":{"line":79,"column":60}},"28":{"start":{"line":82,"column":21},"end":{"line":92,"column":8}},"29":{"start":{"line":94,"column":6},"end":{"line":98,"column":9}},"30":{"start":{"line":100,"column":6},"end":{"line":100,"column":18}},"31":{"start":{"line":105,"column":4},"end":{"line":131,"column":5}},"32":{"start":{"line":106,"column":21},"end":{"line":106,"column":31}},"33":{"start":{"line":107,"column":22},"end":{"line":107,"column":30}},"34":{"start":{"line":109,"column":21},"end":{"line":111,"column":8}},"35":{"start":{"line":113,"column":6},"end":{"line":115,"column":7}},"36":{"start":{"line":114,"column":8},"end":{"line":114,"column":90}},"37":{"start":{"line":117,"column":6},"end":{"line":120,"column":7}},"38":{"start":{"line":118,"column":25},"end":{"line":118,"column":73}},"39":{"start":{"line":119,"column":8},"end":{"line":119,"column":65}},"40":{"start":{"line":122,"column":6},"end":{"line":122,"column":35}},"41":{"start":{"line":124,"column":6},"end":{"line":128,"column":9}},"42":{"start":{"line":130,"column":6},"end":{"line":130,"column":18}},"43":{"start":{"line":135,"column":4},"end":{"line":154,"column":5}},"44":{"start":{"line":136,"column":21},"end":{"line":136,"column":31}},"45":{"start":{"line":138,"column":21},"end":{"line":140,"column":8}},"46":{"start":{"line":142,"column":6},"end":{"line":144,"column":7}},"47":{"start":{"line":143,"column":8},"end":{"line":143,"column":90}},"48":{"start":{"line":146,"column":6},"end":{"line":146,"column":29}},"49":{"start":{"line":148,"column":6},"end":{"line":151,"column":9}},"50":{"start":{"line":153,"column":6},"end":{"line":153,"column":18}},"51":{"start":{"line":158,"column":4},"end":{"line":175,"column":5}},"52":{"start":{"line":159,"column":22},"end":{"line":167,"column":8}},"53":{"start":{"line":169,"column":6},"end":{"line":172,"column":9}},"54":{"start":{"line":174,"column":6},"end":{"line":174,"column":18}},"55":{"start":{"line":179,"column":4},"end":{"line":199,"column":5}},"56":{"start":{"line":180,"column":21},"end":{"line":180,"column":31}},"57":{"start":{"line":182,"column":21},"end":{"line":184,"column":8}},"58":{"start":{"line":186,"column":6},"end":{"line":188,"column":7}},"59":{"start":{"line":187,"column":8},"end":{"line":187,"column":90}},"60":{"start":{"line":190,"column":6},"end":{"line":190,"column":64}},"61":{"start":{"line":192,"column":6},"end":{"line":196,"column":9}},"62":{"start":{"line":198,"column":6},"end":{"line":198,"column":18}},"63":{"start":{"line":202,"column":2},"end":{"line":225,"column":3}},"64":{"start":{"line":203,"column":19},"end":{"line":203,"column":39}},"65":{"start":{"line":206,"column":23},"end":{"line":215,"column":6}},"66":{"start":{"line":217,"column":25},"end":{"line":217,"column":66}},"67":{"start":{"line":217,"column":50},"end":{"line":217,"column":65}},"68":{"start":{"line":219,"column":4},"end":{"line":222,"column":7}},"69":{"start":{"line":224,"column":4},"end":{"line":224,"column":16}},"70":{"start":{"line":229,"column":0},"end":{"line":229,"column":34}}},"fnMap":{"0":{"name":"(anonymous_0)","decl":{"start":{"line":6,"column":2},"end":{"line":6,"column":3}},"loc":{"start":{"line":6,"column":45},"end":{"line":39,"column":3}},"line":6},"1":{"name":"(anonymous_1)","decl":{"start":{"line":41,"column":2},"end":{"line":41,"column":3}},"loc":{"start":{"line":41,"column":45},"end":{"line":70,"column":3}},"line":41},"2":{"name":"(anonymous_2)","decl":{"start":{"line":72,"column":2},"end":{"line":72,"column":3}},"loc":{"start":{"line":72,"column":44},"end":{"line":102,"column":3}},"line":72},"3":{"name":"(anonymous_3)","decl":{"start":{"line":104,"column":2},"end":{"line":104,"column":3}},"loc":{"start":{"line":104,"column":44},"end":{"line":132,"column":3}},"line":104},"4":{"name":"(anonymous_4)","decl":{"start":{"line":134,"column":2},"end":{"line":134,"column":3}},"loc":{"start":{"line":134,"column":44},"end":{"line":155,"column":3}},"line":134},"5":{"name":"(anonymous_5)","decl":{"start":{"line":157,"column":2},"end":{"line":157,"column":3}},"loc":{"start":{"line":157,"column":44},"end":{"line":176,"column":3}},"line":157},"6":{"name":"(anonymous_6)","decl":{"start":{"line":178,"column":2},"end":{"line":178,"column":3}},"loc":{"start":{"line":178,"column":45},"end":{"line":200,"column":3}},"line":178},"7":{"name":"(anonymous_7)","decl":{"start":{"line":201,"column":2},"end":{"line":201,"column":3}},"loc":{"start":{"line":201,"column":51},"end":{"line":226,"column":1}},"line":201},"8":{"name":"(anonymous_8)","decl":{"start":{"line":217,"column":40},"end":{"line":217,"column":41}},"loc":{"start":{"line":217,"column":50},"end":{"line":217,"column":65}},"line":217}},"branchMap":{"0":{"loc":{"start":{"line":11,"column":6},"end":{"line":11,"column":46}},"type":"if","locations":[{"start":{"line":11,"column":6},"end":{"line":11,"column":46}},{"start":{},"end":{}}],"line":11},"1":{"loc":{"start":{"line":12,"column":6},"end":{"line":12,"column":37}},"type":"if","locations":[{"start":{"line":12,"column":6},"end":{"line":12,"column":37}},{"start":{},"end":{}}],"line":12},"2":{"loc":{"start":{"line":13,"column":6},"end":{"line":18,"column":7}},"type":"if","locations":[{"start":{"line":13,"column":6},"end":{"line":18,"column":7}},{"start":{},"end":{}}],"line":13},"3":{"loc":{"start":{"line":59,"column":6},"end":{"line":61,"column":7}},"type":"if","locations":[{"start":{"line":59,"column":6},"end":{"line":61,"column":7}},{"start":{},"end":{}}],"line":59},"4":{"loc":{"start":{"line":77,"column":6},"end":{"line":80,"column":7}},"type":"if","locations":[{"start":{"line":77,"column":6},"end":{"line":80,"column":7}},{"start":{},"end":{}}],"line":77},"5":{"loc":{"start":{"line":113,"column":6},"end":{"line":115,"column":7}},"type":"if","locations":[{"start":{"line":113,"column":6},"end":{"line":115,"column":7}},{"start":{},"end":{}}],"line":113},"6":{"loc":{"start":{"line":117,"column":6},"end":{"line":120,"column":7}},"type":"if","locations":[{"start":{"line":117,"column":6},"end":{"line":120,"column":7}},{"start":{},"end":{}}],"line":117},"7":{"loc":{"start":{"line":142,"column":6},"end":{"line":144,"column":7}},"type":"if","locations":[{"start":{"line":142,"column":6},"end":{"line":144,"column":7}},{"start":{},"end":{}}],"line":142},"8":{"loc":{"start":{"line":186,"column":6},"end":{"line":188,"column":7}},"type":"if","locations":[{"start":{"line":186,"column":6},"end":{"line":188,"column":7}},{"start":{},"end":{}}],"line":186},"9":{"loc":{"start":{"line":194,"column":27},"end":{"line":194,"column":75}},"type":"cond-expr","locations":[{"start":{"line":194,"column":48},"end":{"line":194,"column":59}},{"start":{"line":194,"column":62},"end":{"line":194,"column":75}}],"line":194}},"s":{"0":4,"1":4,"2":4,"3":2,"4":2,"5":2,"6":2,"7":1,"8":2,"9":1,"10":2,"11":1,"12":2,"13":2,"14":0,"15":2,"16":2,"17":2,"18":2,"19":1,"20":1,"21":1,"22":2,"23":2,"24":2,"25":2,"26":1,"27":1,"28":2,"29":2,"30":0,"31":2,"32":2,"33":2,"34":2,"35":2,"36":1,"37":1,"38":1,"39":1,"40":1,"41":1,"42":1,"43":1,"44":1,"45":1,"46":1,"47":0,"48":1,"49":1,"50":0,"51":1,"52":1,"53":1,"54":0,"55":3,"56":3,"57":3,"58":3,"59":1,"60":2,"61":2,"62":1,"63":0,"64":0,"65":0,"66":0,"67":0,"68":0,"69":0,"70":4},"f":{"0":2,"1":2,"2":2,"3":2,"4":1,"5":1,"6":3,"7":0,"8":0},"b":{"0":[1,1],"1":[1,1],"2":[1,1],"3":[1,1],"4":[1,1],"5":[1,1],"6":[1,0],"7":[0,1],"8":[1,2],"9":[1,1]},"_coverageSchema":"1a1c01bbd47fc00a2c39e90264f33305004495a9","hash":"99aad4113499609f97b74681c39d9b6fb15054e7"}
,"C:\\Users\\radia\\OneDrive\\Documents\\Hacktiv 8\\Phase 2-1\\IP-HCK86\\server\\controllers\\enrollmentController.js": {"path":"C:\\Users\\radia\\OneDrive\\Documents\\Hacktiv 8\\Phase 2-1\\IP-HCK86\\server\\controllers\\enrollmentController.js","statementMap":{"0":{"start":{"line":1,"column":55},"end":{"line":1,"column":75}},"1":{"start":{"line":5,"column":4},"end":{"line":33,"column":5}},"2":{"start":{"line":6,"column":19},"end":{"line":6,"column":59}},"3":{"start":{"line":8,"column":21},"end":{"line":8,"column":52}},"4":{"start":{"line":9,"column":6},"end":{"line":11,"column":7}},"5":{"start":{"line":10,"column":8},"end":{"line":10,"column":81}},"6":{"start":{"line":13,"column":33},"end":{"line":15,"column":8}},"7":{"start":{"line":17,"column":6},"end":{"line":19,"column":7}},"8":{"start":{"line":18,"column":8},"end":{"line":18,"column":81}},"9":{"start":{"line":21,"column":25},"end":{"line":24,"column":8}},"10":{"start":{"line":26,"column":6},"end":{"line":30,"column":9}},"11":{"start":{"line":32,"column":6},"end":{"line":32,"column":18}},"12":{"start":{"line":37,"column":4},"end":{"line":61,"column":5}},"13":{"start":{"line":38,"column":26},"end":{"line":53,"column":8}},"14":{"start":{"line":55,"column":6},"end":{"line":58,"column":9}},"15":{"start":{"line":60,"column":6},"end":{"line":60,"column":18}},"16":{"start":{"line":65,"column":4},"end":{"line":72,"column":5}},"17":{"start":{"line":66,"column":27},"end":{"line":66,"column":37}},"18":{"start":{"line":67,"column":25},"end":{"line":67,"column":95}},"19":{"start":{"line":68,"column":6},"end":{"line":68,"column":83}},"20":{"start":{"line":68,"column":23},"end":{"line":68,"column":83}},"21":{"start":{"line":69,"column":6},"end":{"line":69,"column":87}},"22":{"start":{"line":71,"column":6},"end":{"line":71,"column":18}},"23":{"start":{"line":76,"column":4},"end":{"line":101,"column":5}},"24":{"start":{"line":77,"column":27},"end":{"line":77,"column":37}},"25":{"start":{"line":78,"column":27},"end":{"line":78,"column":35}},"26":{"start":{"line":80,"column":25},"end":{"line":82,"column":8}},"27":{"start":{"line":84,"column":6},"end":{"line":86,"column":7}},"28":{"start":{"line":85,"column":8},"end":{"line":85,"column":68}},"29":{"start":{"line":88,"column":6},"end":{"line":88,"column":44}},"30":{"start":{"line":90,"column":6},"end":{"line":92,"column":7}},"31":{"start":{"line":91,"column":8},"end":{"line":91,"column":61}},"32":{"start":{"line":94,"column":6},"end":{"line":98,"column":9}},"33":{"start":{"line":100,"column":6},"end":{"line":100,"column":18}},"34":{"start":{"line":105,"column":4},"end":{"line":166,"column":5}},"35":{"start":{"line":106,"column":37},"end":{"line":106,"column":47}},"36":{"start":{"line":107,"column":21},"end":{"line":107,"column":32}},"37":{"start":{"line":110,"column":25},"end":{"line":110,"column":82}},"38":{"start":{"line":111,"column":6},"end":{"line":111,"column":83}},"39":{"start":{"line":111,"column":23},"end":{"line":111,"column":83}},"40":{"start":{"line":114,"column":21},"end":{"line":114,"column":80}},"41":{"start":{"line":115,"column":6},"end":{"line":115,"column":90}},"42":{"start":{"line":115,"column":19},"end":{"line":115,"column":90}},"43":{"start":{"line":118,"column":21},"end":{"line":118,"column":86}},"44":{"start":{"line":119,"column":6},"end":{"line":129,"column":7}},"45":{"start":{"line":120,"column":8},"end":{"line":126,"column":11}},"46":{"start":{"line":127,"column":13},"end":{"line":129,"column":7}},"47":{"start":{"line":128,"column":8},"end":{"line":128,"column":78}},"48":{"start":{"line":132,"column":28},"end":{"line":132,"column":93}},"49":{"start":{"line":133,"column":24},"end":{"line":133,"column":52}},"50":{"start":{"line":133,"column":47},"end":{"line":133,"column":51}},"51":{"start":{"line":134,"column":29},"end":{"line":141,"column":8}},"52":{"start":{"line":142,"column":20},"end":{"line":142,"column":41}},"53":{"start":{"line":143,"column":22},"end":{"line":143,"column":79}},"54":{"start":{"line":146,"column":6},"end":{"line":149,"column":9}},"55":{"start":{"line":152,"column":6},"end":{"line":152,"column":32}},"56":{"start":{"line":154,"column":6},"end":{"line":163,"column":9}},"57":{"start":{"line":165,"column":6},"end":{"line":165,"column":18}},"58":{"start":{"line":170,"column":4},"end":{"line":199,"column":5}},"59":{"start":{"line":171,"column":27},"end":{"line":171,"column":37}},"60":{"start":{"line":172,"column":21},"end":{"line":172,"column":32}},"61":{"start":{"line":175,"column":25},"end":{"line":175,"column":82}},"62":{"start":{"line":176,"column":6},"end":{"line":176,"column":83}},"63":{"start":{"line":176,"column":23},"end":{"line":176,"column":83}},"64":{"start":{"line":178,"column":22},"end":{"line":178,"column":87}},"65":{"start":{"line":179,"column":24},"end":{"line":179,"column":46}},"66":{"start":{"line":179,"column":41},"end":{"line":179,"column":45}},"67":{"start":{"line":181,"column":6},"end":{"line":183,"column":7}},"68":{"start":{"line":182,"column":8},"end":{"line":182,"column":65}},"69":{"start":{"line":185,"column":24},"end":{"line":193,"column":8}},"70":{"start":{"line":195,"column":18},"end":{"line":195,"column":48}},"71":{"start":{"line":195,"column":37},"end":{"line":195,"column":47}},"72":{"start":{"line":196,"column":6},"end":{"line":196,"column":57}},"73":{"start":{"line":198,"column":6},"end":{"line":198,"column":18}},"74":{"start":{"line":203,"column":4},"end":{"line":223,"column":5}},"75":{"start":{"line":204,"column":27},"end":{"line":204,"column":37}},"76":{"start":{"line":206,"column":25},"end":{"line":208,"column":8}},"77":{"start":{"line":210,"column":6},"end":{"line":212,"column":7}},"78":{"start":{"line":211,"column":8},"end":{"line":211,"column":68}},"79":{"start":{"line":214,"column":6},"end":{"line":214,"column":70}},"80":{"start":{"line":216,"column":6},"end":{"line":220,"column":9}},"81":{"start":{"line":222,"column":6},"end":{"line":222,"column":18}},"82":{"start":{"line":227,"column":4},"end":{"line":250,"column":5}},"83":{"start":{"line":228,"column":24},"end":{"line":242,"column":8}},"84":{"start":{"line":244,"column":6},"end":{"line":247,"column":9}},"85":{"start":{"line":249,"column":6},"end":{"line":249,"column":18}},"86":{"start":{"line":254,"column":4},"end":{"line":262,"column":5}},"87":{"start":{"line":255,"column":27},"end":{"line":255,"column":35}},"88":{"start":{"line":256,"column":25},"end":{"line":256,"column":95}},"89":{"start":{"line":257,"column":6},"end":{"line":257,"column":83}},"90":{"start":{"line":257,"column":23},"end":{"line":257,"column":83}},"91":{"start":{"line":258,"column":6},"end":{"line":258,"column":52}},"92":{"start":{"line":259,"column":6},"end":{"line":259,"column":95}},"93":{"start":{"line":261,"column":6},"end":{"line":261,"column":18}},"94":{"start":{"line":266,"column":4},"end":{"line":274,"column":5}},"95":{"start":{"line":267,"column":27},"end":{"line":267,"column":37}},"96":{"start":{"line":268,"column":25},"end":{"line":268,"column":95}},"97":{"start":{"line":269,"column":6},"end":{"line":269,"column":83}},"98":{"start":{"line":269,"column":23},"end":{"line":269,"column":83}},"99":{"start":{"line":270,"column":6},"end":{"line":270,"column":53}},"100":{"start":{"line":271,"column":6},"end":{"line":271,"column":99}},"101":{"start":{"line":273,"column":6},"end":{"line":273,"column":18}},"102":{"start":{"line":278,"column":4},"end":{"line":297,"column":5}},"103":{"start":{"line":279,"column":27},"end":{"line":279,"column":37}},"104":{"start":{"line":281,"column":25},"end":{"line":283,"column":8}},"105":{"start":{"line":285,"column":6},"end":{"line":287,"column":7}},"106":{"start":{"line":286,"column":8},"end":{"line":286,"column":68}},"107":{"start":{"line":289,"column":6},"end":{"line":289,"column":33}},"108":{"start":{"line":291,"column":6},"end":{"line":294,"column":9}},"109":{"start":{"line":296,"column":6},"end":{"line":296,"column":18}},"110":{"start":{"line":301,"column":0},"end":{"line":301,"column":38}}},"fnMap":{"0":{"name":"(anonymous_0)","decl":{"start":{"line":4,"column":2},"end":{"line":4,"column":3}},"loc":{"start":{"line":4,"column":44},"end":{"line":34,"column":3}},"line":4},"1":{"name":"(anonymous_1)","decl":{"start":{"line":36,"column":2},"end":{"line":36,"column":3}},"loc":{"start":{"line":36,"column":48},"end":{"line":62,"column":3}},"line":36},"2":{"name":"(anonymous_2)","decl":{"start":{"line":64,"column":2},"end":{"line":64,"column":3}},"loc":{"start":{"line":64,"column":43},"end":{"line":73,"column":3}},"line":64},"3":{"name":"(anonymous_3)","decl":{"start":{"line":75,"column":2},"end":{"line":75,"column":3}},"loc":{"start":{"line":75,"column":46},"end":{"line":102,"column":3}},"line":75},"4":{"name":"(anonymous_4)","decl":{"start":{"line":104,"column":2},"end":{"line":104,"column":3}},"loc":{"start":{"line":104,"column":50},"end":{"line":167,"column":3}},"line":104},"5":{"name":"(anonymous_5)","decl":{"start":{"line":133,"column":42},"end":{"line":133,"column":43}},"loc":{"start":{"line":133,"column":47},"end":{"line":133,"column":51}},"line":133},"6":{"name":"(anonymous_6)","decl":{"start":{"line":169,"column":2},"end":{"line":169,"column":3}},"loc":{"start":{"line":169,"column":51},"end":{"line":200,"column":3}},"line":169},"7":{"name":"(anonymous_7)","decl":{"start":{"line":179,"column":36},"end":{"line":179,"column":37}},"loc":{"start":{"line":179,"column":41},"end":{"line":179,"column":45}},"line":179},"8":{"name":"(anonymous_8)","decl":{"start":{"line":195,"column":32},"end":{"line":195,"column":33}},"loc":{"start":{"line":195,"column":37},"end":{"line":195,"column":47}},"line":195},"9":{"name":"(anonymous_9)","decl":{"start":{"line":202,"column":2},"end":{"line":202,"column":3}},"loc":{"start":{"line":202,"column":46},"end":{"line":224,"column":3}},"line":202},"10":{"name":"(anonymous_10)","decl":{"start":{"line":226,"column":2},"end":{"line":226,"column":3}},"loc":{"start":{"line":226,"column":44},"end":{"line":251,"column":3}},"line":226},"11":{"name":"(anonymous_11)","decl":{"start":{"line":253,"column":2},"end":{"line":253,"column":3}},"loc":{"start":{"line":253,"column":43},"end":{"line":263,"column":3}},"line":253},"12":{"name":"(anonymous_12)","decl":{"start":{"line":265,"column":2},"end":{"line":265,"column":3}},"loc":{"start":{"line":265,"column":46},"end":{"line":275,"column":3}},"line":265},"13":{"name":"(anonymous_13)","decl":{"start":{"line":277,"column":2},"end":{"line":277,"column":3}},"loc":{"start":{"line":277,"column":46},"end":{"line":298,"column":3}},"line":277}},"branchMap":{"0":{"loc":{"start":{"line":6,"column":19},"end":{"line":6,"column":59}},"type":"binary-expr","locations":[{"start":{"line":6,"column":19},"end":{"line":6,"column":38}},{"start":{"line":6,"column":42},"end":{"line":6,"column":59}}],"line":6},"1":{"loc":{"start":{"line":9,"column":6},"end":{"line":11,"column":7}},"type":"if","locations":[{"start":{"line":9,"column":6},"end":{"line":11,"column":7}},{"start":{},"end":{}}],"line":9},"2":{"loc":{"start":{"line":9,"column":10},"end":{"line":9,"column":40}},"type":"binary-expr","locations":[{"start":{"line":9,"column":10},"end":{"line":9,"column":17}},{"start":{"line":9,"column":21},"end":{"line":9,"column":40}}],"line":9},"3":{"loc":{"start":{"line":17,"column":6},"end":{"line":19,"column":7}},"type":"if","locations":[{"start":{"line":17,"column":6},"end":{"line":19,"column":7}},{"start":{},"end":{}}],"line":17},"4":{"loc":{"start":{"line":68,"column":6},"end":{"line":68,"column":83}},"type":"if","locations":[{"start":{"line":68,"column":6},"end":{"line":68,"column":83}},{"start":{},"end":{}}],"line":68},"5":{"loc":{"start":{"line":84,"column":6},"end":{"line":86,"column":7}},"type":"if","locations":[{"start":{"line":84,"column":6},"end":{"line":86,"column":7}},{"start":{},"end":{}}],"line":84},"6":{"loc":{"start":{"line":90,"column":6},"end":{"line":92,"column":7}},"type":"if","locations":[{"start":{"line":90,"column":6},"end":{"line":92,"column":7}},{"start":{},"end":{}}],"line":90},"7":{"loc":{"start":{"line":111,"column":6},"end":{"line":111,"column":83}},"type":"if","locations":[{"start":{"line":111,"column":6},"end":{"line":111,"column":83}},{"start":{},"end":{}}],"line":111},"8":{"loc":{"start":{"line":115,"column":6},"end":{"line":115,"column":90}},"type":"if","locations":[{"start":{"line":115,"column":6},"end":{"line":115,"column":90}},{"start":{},"end":{}}],"line":115},"9":{"loc":{"start":{"line":119,"column":6},"end":{"line":129,"column":7}},"type":"if","locations":[{"start":{"line":119,"column":6},"end":{"line":129,"column":7}},{"start":{"line":127,"column":13},"end":{"line":129,"column":7}}],"line":119},"10":{"loc":{"start":{"line":127,"column":13},"end":{"line":129,"column":7}},"type":"if","locations":[{"start":{"line":127,"column":13},"end":{"line":129,"column":7}},{"start":{},"end":{}}],"line":127},"11":{"loc":{"start":{"line":142,"column":20},"end":{"line":142,"column":41}},"type":"binary-expr","locations":[{"start":{"line":142,"column":20},"end":{"line":142,"column":36}},{"start":{"line":142,"column":40},"end":{"line":142,"column":41}}],"line":142},"12":{"loc":{"start":{"line":148,"column":21},"end":{"line":148,"column":73}},"type":"cond-expr","locations":[{"start":{"line":148,"column":38},"end":{"line":148,"column":48}},{"start":{"line":148,"column":51},"end":{"line":148,"column":73}}],"line":148},"13":{"loc":{"start":{"line":176,"column":6},"end":{"line":176,"column":83}},"type":"if","locations":[{"start":{"line":176,"column":6},"end":{"line":176,"column":83}},{"start":{},"end":{}}],"line":176},"14":{"loc":{"start":{"line":181,"column":6},"end":{"line":183,"column":7}},"type":"if","locations":[{"start":{"line":181,"column":6},"end":{"line":183,"column":7}},{"start":{},"end":{}}],"line":181},"15":{"loc":{"start":{"line":210,"column":6},"end":{"line":212,"column":7}},"type":"if","locations":[{"start":{"line":210,"column":6},"end":{"line":212,"column":7}},{"start":{},"end":{}}],"line":210},"16":{"loc":{"start":{"line":218,"column":27},"end":{"line":218,"column":78}},"type":"cond-expr","locations":[{"start":{"line":218,"column":51},"end":{"line":218,"column":61}},{"start":{"line":218,"column":64},"end":{"line":218,"column":78}}],"line":218},"17":{"loc":{"start":{"line":257,"column":6},"end":{"line":257,"column":83}},"type":"if","locations":[{"start":{"line":257,"column":6},"end":{"line":257,"column":83}},{"start":{},"end":{}}],"line":257},"18":{"loc":{"start":{"line":269,"column":6},"end":{"line":269,"column":83}},"type":"if","locations":[{"start":{"line":269,"column":6},"end":{"line":269,"column":83}},{"start":{},"end":{}}],"line":269},"19":{"loc":{"start":{"line":285,"column":6},"end":{"line":287,"column":7}},"type":"if","locations":[{"start":{"line":285,"column":6},"end":{"line":287,"column":7}},{"start":{},"end":{}}],"line":285}},"s":{"0":9,"1":3,"2":3,"3":3,"4":3,"5":1,"6":2,"7":2,"8":1,"9":1,"10":1,"11":2,"12":1,"13":1,"14":1,"15":0,"16":2,"17":2,"18":2,"19":2,"20":1,"21":1,"22":1,"23":2,"24":2,"25":2,"26":2,"27":2,"28":1,"29":1,"30":1,"31":1,"32":1,"33":1,"34":2,"35":2,"36":2,"37":2,"38":2,"39":0,"40":2,"41":2,"42":0,"43":2,"44":2,"45":1,"46":1,"47":1,"48":2,"49":2,"50":7,"51":2,"52":2,"53":2,"54":2,"55":2,"56":2,"57":0,"58":2,"59":2,"60":2,"61":2,"62":2,"63":0,"64":2,"65":2,"66":2,"67":2,"68":1,"69":1,"70":1,"71":1,"72":1,"73":0,"74":3,"75":3,"76":3,"77":3,"78":1,"79":2,"80":2,"81":1,"82":1,"83":1,"84":1,"85":0,"86":2,"87":2,"88":2,"89":2,"90":1,"91":1,"92":1,"93":1,"94":1,"95":1,"96":1,"97":1,"98":0,"99":1,"100":1,"101":0,"102":2,"103":2,"104":2,"105":2,"106":1,"107":1,"108":1,"109":1,"110":9},"f":{"0":3,"1":1,"2":2,"3":2,"4":2,"5":7,"6":2,"7":2,"8":1,"9":3,"10":1,"11":2,"12":1,"13":2},"b":{"0":[3,0],"1":[1,2],"2":[3,2],"3":[1,1],"4":[1,1],"5":[1,1],"6":[1,0],"7":[0,2],"8":[0,2],"9":[1,1],"10":[1,0],"11":[2,0],"12":[0,2],"13":[0,2],"14":[1,1],"15":[1,2],"16":[1,1],"17":[1,1],"18":[0,1],"19":[1,1]},"_coverageSchema":"1a1c01bbd47fc00a2c39e90264f33305004495a9","hash":"3ceff939b107079e35b228ea0f4019a6914b9c6c"}
,"C:\\Users\\radia\\OneDrive\\Documents\\Hacktiv 8\\Phase 2-1\\IP-HCK86\\server\\controllers\\userController.js": {"path":"C:\\Users\\radia\\OneDrive\\Documents\\Hacktiv 8\\Phase 2-1\\IP-HCK86\\server\\controllers\\userController.js","statementMap":{"0":{"start":{"line":1,"column":17},"end":{"line":1,"column":37}},"1":{"start":{"line":2,"column":15},"end":{"line":2,"column":35}},"2":{"start":{"line":3,"column":22},"end":{"line":3,"column":46}},"3":{"start":{"line":4,"column":12},"end":{"line":4,"column":35}},"4":{"start":{"line":5,"column":21},"end":{"line":5,"column":48}},"5":{"start":{"line":6,"column":14},"end":{"line":6,"column":39}},"6":{"start":{"line":8,"column":0},"end":{"line":8,"column":30}},"7":{"start":{"line":9,"column":14},"end":{"line":9,"column":30}},"8":{"start":{"line":13,"column":4},"end":{"line":60,"column":5}},"9":{"start":{"line":14,"column":62},"end":{"line":14,"column":70}},"10":{"start":{"line":16,"column":19},"end":{"line":21,"column":8}},"11":{"start":{"line":24,"column":6},"end":{"line":46,"column":7}},"12":{"start":{"line":25,"column":22},"end":{"line":25,"column":93}},"13":{"start":{"line":26,"column":24},"end":{"line":26,"column":78}},"14":{"start":{"line":27,"column":26},"end":{"line":27,"column":86}},"15":{"start":{"line":29,"column":8},"end":{"line":43,"column":11}},"16":{"start":{"line":45,"column":8},"end":{"line":45,"column":70}},"17":{"start":{"line":48,"column":6},"end":{"line":57,"column":9}},"18":{"start":{"line":59,"column":6},"end":{"line":59,"column":18}},"19":{"start":{"line":64,"column":4},"end":{"line":95,"column":5}},"20":{"start":{"line":65,"column":34},"end":{"line":65,"column":42}},"21":{"start":{"line":67,"column":6},"end":{"line":69,"column":7}},"22":{"start":{"line":68,"column":8},"end":{"line":68,"column":81}},"23":{"start":{"line":71,"column":19},"end":{"line":71,"column":59}},"24":{"start":{"line":73,"column":6},"end":{"line":75,"column":7}},"25":{"start":{"line":74,"column":8},"end":{"line":74,"column":77}},"26":{"start":{"line":77,"column":20},"end":{"line":77,"column":65}},"27":{"start":{"line":79,"column":6},"end":{"line":92,"column":9}},"28":{"start":{"line":94,"column":6},"end":{"line":94,"column":18}},"29":{"start":{"line":99,"column":4},"end":{"line":110,"column":5}},"30":{"start":{"line":100,"column":19},"end":{"line":102,"column":8}},"31":{"start":{"line":104,"column":6},"end":{"line":107,"column":9}},"32":{"start":{"line":109,"column":6},"end":{"line":109,"column":18}},"33":{"start":{"line":114,"column":4},"end":{"line":145,"column":5}},"34":{"start":{"line":115,"column":77},"end":{"line":115,"column":85}},"35":{"start":{"line":117,"column":22},"end":{"line":117,"column":24}},"36":{"start":{"line":118,"column":6},"end":{"line":118,"column":62}},"37":{"start":{"line":118,"column":34},"end":{"line":118,"column":62}},"38":{"start":{"line":119,"column":6},"end":{"line":119,"column":71}},"39":{"start":{"line":119,"column":37},"end":{"line":119,"column":71}},"40":{"start":{"line":120,"column":6},"end":{"line":130,"column":7}},"41":{"start":{"line":122,"column":8},"end":{"line":129,"column":9}},"42":{"start":{"line":123,"column":10},"end":{"line":123,"column":35}},"43":{"start":{"line":124,"column":15},"end":{"line":129,"column":9}},"44":{"start":{"line":125,"column":10},"end":{"line":125,"column":40}},"45":{"start":{"line":128,"column":10},"end":{"line":128,"column":93}},"46":{"start":{"line":131,"column":6},"end":{"line":131,"column":47}},"47":{"start":{"line":131,"column":29},"end":{"line":131,"column":47}},"48":{"start":{"line":132,"column":6},"end":{"line":132,"column":95}},"49":{"start":{"line":132,"column":45},"end":{"line":132,"column":95}},"50":{"start":{"line":134,"column":6},"end":{"line":134,"column":65}},"51":{"start":{"line":136,"column":26},"end":{"line":136,"column":101}},"52":{"start":{"line":138,"column":6},"end":{"line":142,"column":9}},"53":{"start":{"line":144,"column":6},"end":{"line":144,"column":18}},"54":{"start":{"line":149,"column":4},"end":{"line":156,"column":5}},"55":{"start":{"line":150,"column":19},"end":{"line":150,"column":51}},"56":{"start":{"line":151,"column":6},"end":{"line":151,"column":71}},"57":{"start":{"line":151,"column":17},"end":{"line":151,"column":71}},"58":{"start":{"line":152,"column":6},"end":{"line":152,"column":27}},"59":{"start":{"line":153,"column":6},"end":{"line":153,"column":74}},"60":{"start":{"line":155,"column":6},"end":{"line":155,"column":18}},"61":{"start":{"line":160,"column":4},"end":{"line":192,"column":5}},"62":{"start":{"line":161,"column":52},"end":{"line":161,"column":61}},"63":{"start":{"line":162,"column":20},"end":{"line":162,"column":22}},"64":{"start":{"line":163,"column":6},"end":{"line":168,"column":7}},"65":{"start":{"line":164,"column":8},"end":{"line":167,"column":10}},"66":{"start":{"line":170,"column":21},"end":{"line":176,"column":8}},"67":{"start":{"line":178,"column":6},"end":{"line":189,"column":9}},"68":{"start":{"line":191,"column":6},"end":{"line":191,"column":18}},"69":{"start":{"line":196,"column":4},"end":{"line":238,"column":5}},"70":{"start":{"line":197,"column":26},"end":{"line":197,"column":34}},"71":{"start":{"line":198,"column":6},"end":{"line":198,"column":81}},"72":{"start":{"line":198,"column":20},"end":{"line":198,"column":81}},"73":{"start":{"line":200,"column":6},"end":{"line":202,"column":7}},"74":{"start":{"line":201,"column":8},"end":{"line":201,"column":96}},"75":{"start":{"line":204,"column":22},"end":{"line":204,"column":63}},"76":{"start":{"line":205,"column":20},"end":{"line":205,"column":33}},"77":{"start":{"line":206,"column":23},"end":{"line":206,"column":58}},"78":{"start":{"line":207,"column":22},"end":{"line":207,"column":45}},"79":{"start":{"line":209,"column":17},"end":{"line":209,"column":57}},"80":{"start":{"line":210,"column":6},"end":{"line":219,"column":7}},"81":{"start":{"line":211,"column":8},"end":{"line":218,"column":11}},"82":{"start":{"line":221,"column":20},"end":{"line":221,"column":65}},"83":{"start":{"line":222,"column":6},"end":{"line":235,"column":9}},"84":{"start":{"line":237,"column":6},"end":{"line":237,"column":18}},"85":{"start":{"line":243,"column":4},"end":{"line":329,"column":5}},"86":{"start":{"line":244,"column":36},"end":{"line":244,"column":44}},"87":{"start":{"line":245,"column":6},"end":{"line":247,"column":7}},"88":{"start":{"line":246,"column":8},"end":{"line":246,"column":76}},"89":{"start":{"line":250,"column":35},"end":{"line":250,"column":123}},"90":{"start":{"line":252,"column":23},"end":{"line":252,"column":51}},"91":{"start":{"line":253,"column":27},"end":{"line":253,"column":59}},"92":{"start":{"line":254,"column":6},"end":{"line":260,"column":7}},"93":{"start":{"line":255,"column":24},"end":{"line":258,"column":36}},"94":{"start":{"line":259,"column":8},"end":{"line":259,"column":100}},"95":{"start":{"line":264,"column":6},"end":{"line":280,"column":7}},"96":{"start":{"line":265,"column":21},"end":{"line":265,"column":42}},"97":{"start":{"line":266,"column":8},"end":{"line":266,"column":34}},"98":{"start":{"line":267,"column":8},"end":{"line":267,"column":43}},"99":{"start":{"line":268,"column":8},"end":{"line":268,"column":51}},"100":{"start":{"line":269,"column":8},"end":{"line":269,"column":58}},"101":{"start":{"line":270,"column":8},"end":{"line":270,"column":56}},"102":{"start":{"line":272,"column":8},"end":{"line":274,"column":11}},"103":{"start":{"line":276,"column":23},"end":{"line":276,"column":131}},"104":{"start":{"line":277,"column":8},"end":{"line":277,"column":32}},"105":{"start":{"line":278,"column":8},"end":{"line":278,"column":64}},"106":{"start":{"line":279,"column":8},"end":{"line":279,"column":18}},"107":{"start":{"line":281,"column":41},"end":{"line":281,"column":54}},"108":{"start":{"line":285,"column":6},"end":{"line":294,"column":7}},"109":{"start":{"line":286,"column":8},"end":{"line":288,"column":11}},"110":{"start":{"line":290,"column":23},"end":{"line":290,"column":131}},"111":{"start":{"line":291,"column":8},"end":{"line":291,"column":32}},"112":{"start":{"line":292,"column":8},"end":{"line":292,"column":64}},"113":{"start":{"line":293,"column":8},"end":{"line":293,"column":18}},"114":{"start":{"line":295,"column":39},"end":{"line":295,"column":51}},"115":{"start":{"line":297,"column":6},"end":{"line":297,"column":98}},"116":{"start":{"line":297,"column":18},"end":{"line":297,"column":98}},"117":{"start":{"line":299,"column":17},"end":{"line":299,"column":57}},"118":{"start":{"line":300,"column":6},"end":{"line":309,"column":7}},"119":{"start":{"line":301,"column":8},"end":{"line":308,"column":11}},"120":{"start":{"line":311,"column":20},"end":{"line":311,"column":65}},"121":{"start":{"line":312,"column":6},"end":{"line":326,"column":9}},"122":{"start":{"line":328,"column":6},"end":{"line":328,"column":18}},"123":{"start":{"line":333,"column":19},"end":{"line":333,"column":53}},"124":{"start":{"line":334,"column":4},"end":{"line":334,"column":52}},"125":{"start":{"line":338,"column":19},"end":{"line":338,"column":53}},"126":{"start":{"line":339,"column":4},"end":{"line":339,"column":37}},"127":{"start":{"line":343,"column":4},"end":{"line":368,"column":5}},"128":{"start":{"line":344,"column":19},"end":{"line":344,"column":51}},"129":{"start":{"line":345,"column":6},"end":{"line":345,"column":71}},"130":{"start":{"line":345,"column":17},"end":{"line":345,"column":71}},"131":{"start":{"line":346,"column":6},"end":{"line":348,"column":7}},"132":{"start":{"line":347,"column":8},"end":{"line":347,"column":90}},"133":{"start":{"line":350,"column":20},"end":{"line":350,"column":81}},"134":{"start":{"line":351,"column":22},"end":{"line":351,"column":76}},"135":{"start":{"line":352,"column":24},"end":{"line":352,"column":84}},"136":{"start":{"line":354,"column":6},"end":{"line":363,"column":9}},"137":{"start":{"line":365,"column":6},"end":{"line":365,"column":82}},"138":{"start":{"line":367,"column":6},"end":{"line":367,"column":18}},"139":{"start":{"line":372,"column":4},"end":{"line":390,"column":5}},"140":{"start":{"line":373,"column":24},"end":{"line":373,"column":32}},"141":{"start":{"line":374,"column":6},"end":{"line":374,"column":77}},"142":{"start":{"line":374,"column":18},"end":{"line":374,"column":77}},"143":{"start":{"line":375,"column":22},"end":{"line":375,"column":51}},"144":{"start":{"line":376,"column":6},"end":{"line":376,"column":97}},"145":{"start":{"line":376,"column":37},"end":{"line":376,"column":97}},"146":{"start":{"line":378,"column":19},"end":{"line":378,"column":51}},"147":{"start":{"line":379,"column":6},"end":{"line":379,"column":71}},"148":{"start":{"line":379,"column":17},"end":{"line":379,"column":71}},"149":{"start":{"line":380,"column":6},"end":{"line":383,"column":7}},"150":{"start":{"line":381,"column":8},"end":{"line":381,"column":31}},"151":{"start":{"line":382,"column":8},"end":{"line":382,"column":26}},"152":{"start":{"line":384,"column":6},"end":{"line":384,"column":73}},"153":{"start":{"line":386,"column":6},"end":{"line":388,"column":7}},"154":{"start":{"line":387,"column":8},"end":{"line":387,"column":65}},"155":{"start":{"line":389,"column":6},"end":{"line":389,"column":18}},"156":{"start":{"line":394,"column":4},"end":{"line":422,"column":5}},"157":{"start":{"line":395,"column":24},"end":{"line":395,"column":32}},"158":{"start":{"line":396,"column":6},"end":{"line":396,"column":77}},"159":{"start":{"line":396,"column":18},"end":{"line":396,"column":77}},"160":{"start":{"line":397,"column":19},"end":{"line":397,"column":59}},"161":{"start":{"line":399,"column":6},"end":{"line":417,"column":7}},"162":{"start":{"line":400,"column":22},"end":{"line":400,"column":82}},"163":{"start":{"line":401,"column":24},"end":{"line":401,"column":78}},"164":{"start":{"line":402,"column":25},"end":{"line":402,"column":87}},"165":{"start":{"line":403,"column":8},"end":{"line":416,"column":9}},"166":{"start":{"line":404,"column":10},"end":{"line":413,"column":13}},"167":{"start":{"line":415,"column":10},"end":{"line":415,"column":75}},"168":{"start":{"line":419,"column":6},"end":{"line":419,"column":106}},"169":{"start":{"line":421,"column":6},"end":{"line":421,"column":18}},"170":{"start":{"line":426,"column":4},"end":{"line":446,"column":5}},"171":{"start":{"line":427,"column":37},"end":{"line":427,"column":45}},"172":{"start":{"line":428,"column":6},"end":{"line":428,"column":110}},"173":{"start":{"line":428,"column":34},"end":{"line":428,"column":110}},"174":{"start":{"line":429,"column":6},"end":{"line":429,"column":122}},"175":{"start":{"line":429,"column":42},"end":{"line":429,"column":122}},"176":{"start":{"line":431,"column":22},"end":{"line":431,"column":51}},"177":{"start":{"line":432,"column":6},"end":{"line":432,"column":96}},"178":{"start":{"line":432,"column":36},"end":{"line":432,"column":96}},"179":{"start":{"line":434,"column":19},"end":{"line":434,"column":51}},"180":{"start":{"line":435,"column":6},"end":{"line":435,"column":71}},"181":{"start":{"line":435,"column":17},"end":{"line":435,"column":71}},"182":{"start":{"line":437,"column":6},"end":{"line":437,"column":34}},"183":{"start":{"line":438,"column":6},"end":{"line":438,"column":24}},"184":{"start":{"line":440,"column":6},"end":{"line":440,"column":82}},"185":{"start":{"line":442,"column":6},"end":{"line":444,"column":7}},"186":{"start":{"line":443,"column":8},"end":{"line":443,"column":65}},"187":{"start":{"line":445,"column":6},"end":{"line":445,"column":18}},"188":{"start":{"line":452,"column":4},"end":{"line":489,"column":5}},"189":{"start":{"line":453,"column":111},"end":{"line":453,"column":119}},"190":{"start":{"line":454,"column":6},"end":{"line":456,"column":7}},"191":{"start":{"line":455,"column":8},"end":{"line":455,"column":92}},"192":{"start":{"line":458,"column":28},"end":{"line":458,"column":96}},"193":{"start":{"line":459,"column":24},"end":{"line":459,"column":78}},"194":{"start":{"line":461,"column":21},"end":{"line":461,"column":61}},"195":{"start":{"line":462,"column":6},"end":{"line":462,"column":95}},"196":{"start":{"line":462,"column":18},"end":{"line":462,"column":95}},"197":{"start":{"line":464,"column":19},"end":{"line":473,"column":8}},"198":{"start":{"line":475,"column":6},"end":{"line":486,"column":9}},"199":{"start":{"line":488,"column":6},"end":{"line":488,"column":18}},"200":{"start":{"line":494,"column":4},"end":{"line":527,"column":5}},"201":{"start":{"line":495,"column":58},"end":{"line":495,"column":67}},"202":{"start":{"line":496,"column":20},"end":{"line":496,"column":22}},"203":{"start":{"line":497,"column":6},"end":{"line":497,"column":87}},"204":{"start":{"line":497,"column":69},"end":{"line":497,"column":87}},"205":{"start":{"line":498,"column":6},"end":{"line":503,"column":7}},"206":{"start":{"line":499,"column":8},"end":{"line":502,"column":10}},"207":{"start":{"line":505,"column":21},"end":{"line":511,"column":8}},"208":{"start":{"line":513,"column":6},"end":{"line":524,"column":9}},"209":{"start":{"line":526,"column":6},"end":{"line":526,"column":18}},"210":{"start":{"line":532,"column":4},"end":{"line":542,"column":5}},"211":{"start":{"line":533,"column":21},"end":{"line":533,"column":31}},"212":{"start":{"line":536,"column":19},"end":{"line":536,"column":85}},"213":{"start":{"line":537,"column":6},"end":{"line":537,"column":71}},"214":{"start":{"line":537,"column":17},"end":{"line":537,"column":71}},"215":{"start":{"line":539,"column":6},"end":{"line":539,"column":58}},"216":{"start":{"line":541,"column":6},"end":{"line":541,"column":18}},"217":{"start":{"line":547,"column":4},"end":{"line":576,"column":5}},"218":{"start":{"line":548,"column":21},"end":{"line":548,"column":31}},"219":{"start":{"line":549,"column":21},"end":{"line":549,"column":55}},"220":{"start":{"line":550,"column":22},"end":{"line":550,"column":47}},"221":{"start":{"line":551,"column":6},"end":{"line":551,"column":85}},"222":{"start":{"line":551,"column":31},"end":{"line":551,"column":85}},"223":{"start":{"line":553,"column":22},"end":{"line":553,"column":24}},"224":{"start":{"line":554,"column":92},"end":{"line":554,"column":100}},"225":{"start":{"line":555,"column":6},"end":{"line":555,"column":62}},"226":{"start":{"line":555,"column":34},"end":{"line":555,"column":62}},"227":{"start":{"line":556,"column":6},"end":{"line":556,"column":80}},"228":{"start":{"line":556,"column":40},"end":{"line":556,"column":80}},"229":{"start":{"line":557,"column":6},"end":{"line":557,"column":95}},"230":{"start":{"line":557,"column":45},"end":{"line":557,"column":95}},"231":{"start":{"line":558,"column":6},"end":{"line":558,"column":62}},"232":{"start":{"line":558,"column":34},"end":{"line":558,"column":62}},"233":{"start":{"line":559,"column":6},"end":{"line":567,"column":7}},"234":{"start":{"line":560,"column":8},"end":{"line":565,"column":9}},"235":{"start":{"line":561,"column":10},"end":{"line":563,"column":11}},"236":{"start":{"line":562,"column":12},"end":{"line":562,"column":66}},"237":{"start":{"line":564,"column":10},"end":{"line":564,"column":30}},"238":{"start":{"line":566,"column":8},"end":{"line":566,"column":72}},"239":{"start":{"line":566,"column":38},"end":{"line":566,"column":72}},"240":{"start":{"line":569,"column":6},"end":{"line":569,"column":52}},"241":{"start":{"line":570,"column":22},"end":{"line":570,"column":88}},"242":{"start":{"line":571,"column":6},"end":{"line":571,"column":74}},"243":{"start":{"line":571,"column":20},"end":{"line":571,"column":74}},"244":{"start":{"line":573,"column":6},"end":{"line":573,"column":86}},"245":{"start":{"line":575,"column":6},"end":{"line":575,"column":18}},"246":{"start":{"line":581,"column":4},"end":{"line":592,"column":5}},"247":{"start":{"line":582,"column":21},"end":{"line":582,"column":31}},"248":{"start":{"line":583,"column":21},"end":{"line":583,"column":55}},"249":{"start":{"line":584,"column":22},"end":{"line":584,"column":47}},"250":{"start":{"line":585,"column":6},"end":{"line":585,"column":85}},"251":{"start":{"line":585,"column":31},"end":{"line":585,"column":85}},"252":{"start":{"line":586,"column":19},"end":{"line":586,"column":42}},"253":{"start":{"line":587,"column":6},"end":{"line":587,"column":71}},"254":{"start":{"line":587,"column":17},"end":{"line":587,"column":71}},"255":{"start":{"line":588,"column":6},"end":{"line":588,"column":27}},"256":{"start":{"line":589,"column":6},"end":{"line":589,"column":71}},"257":{"start":{"line":591,"column":6},"end":{"line":591,"column":18}},"258":{"start":{"line":596,"column":0},"end":{"line":596,"column":32}}},"fnMap":{"0":{"name":"(anonymous_0)","decl":{"start":{"line":12,"column":2},"end":{"line":12,"column":3}},"loc":{"start":{"line":12,"column":40},"end":{"line":61,"column":3}},"line":12},"1":{"name":"(anonymous_1)","decl":{"start":{"line":63,"column":2},"end":{"line":63,"column":3}},"loc":{"start":{"line":63,"column":37},"end":{"line":96,"column":3}},"line":63},"2":{"name":"(anonymous_2)","decl":{"start":{"line":98,"column":2},"end":{"line":98,"column":3}},"loc":{"start":{"line":98,"column":42},"end":{"line":111,"column":3}},"line":98},"3":{"name":"(anonymous_3)","decl":{"start":{"line":113,"column":2},"end":{"line":113,"column":3}},"loc":{"start":{"line":113,"column":45},"end":{"line":146,"column":3}},"line":113},"4":{"name":"(anonymous_4)","decl":{"start":{"line":148,"column":2},"end":{"line":148,"column":3}},"loc":{"start":{"line":148,"column":45},"end":{"line":157,"column":3}},"line":148},"5":{"name":"(anonymous_5)","decl":{"start":{"line":159,"column":2},"end":{"line":159,"column":3}},"loc":{"start":{"line":159,"column":43},"end":{"line":193,"column":3}},"line":159},"6":{"name":"(anonymous_6)","decl":{"start":{"line":195,"column":2},"end":{"line":195,"column":3}},"loc":{"start":{"line":195,"column":44},"end":{"line":239,"column":3}},"line":195},"7":{"name":"(anonymous_7)","decl":{"start":{"line":242,"column":2},"end":{"line":242,"column":3}},"loc":{"start":{"line":242,"column":43},"end":{"line":330,"column":3}},"line":242},"8":{"name":"(anonymous_8)","decl":{"start":{"line":332,"column":2},"end":{"line":332,"column":3}},"loc":{"start":{"line":332,"column":46},"end":{"line":335,"column":3}},"line":332},"9":{"name":"(anonymous_9)","decl":{"start":{"line":337,"column":2},"end":{"line":337,"column":3}},"loc":{"start":{"line":337,"column":34},"end":{"line":340,"column":3}},"line":337},"10":{"name":"(anonymous_10)","decl":{"start":{"line":342,"column":2},"end":{"line":342,"column":3}},"loc":{"start":{"line":342,"column":56},"end":{"line":369,"column":3}},"line":342},"11":{"name":"(anonymous_11)","decl":{"start":{"line":371,"column":2},"end":{"line":371,"column":3}},"loc":{"start":{"line":371,"column":43},"end":{"line":391,"column":3}},"line":371},"12":{"name":"(anonymous_12)","decl":{"start":{"line":393,"column":2},"end":{"line":393,"column":3}},"loc":{"start":{"line":393,"column":46},"end":{"line":423,"column":3}},"line":393},"13":{"name":"(anonymous_13)","decl":{"start":{"line":425,"column":2},"end":{"line":425,"column":3}},"loc":{"start":{"line":425,"column":45},"end":{"line":447,"column":3}},"line":425},"14":{"name":"(anonymous_14)","decl":{"start":{"line":451,"column":2},"end":{"line":451,"column":3}},"loc":{"start":{"line":451,"column":42},"end":{"line":490,"column":3}},"line":451},"15":{"name":"(anonymous_15)","decl":{"start":{"line":493,"column":2},"end":{"line":493,"column":3}},"loc":{"start":{"line":493,"column":40},"end":{"line":528,"column":3}},"line":493},"16":{"name":"(anonymous_16)","decl":{"start":{"line":531,"column":2},"end":{"line":531,"column":3}},"loc":{"start":{"line":531,"column":43},"end":{"line":543,"column":3}},"line":531},"17":{"name":"(anonymous_17)","decl":{"start":{"line":546,"column":2},"end":{"line":546,"column":3}},"loc":{"start":{"line":546,"column":42},"end":{"line":577,"column":3}},"line":546},"18":{"name":"(anonymous_18)","decl":{"start":{"line":580,"column":2},"end":{"line":580,"column":3}},"loc":{"start":{"line":580,"column":42},"end":{"line":593,"column":3}},"line":580}},"branchMap":{"0":{"loc":{"start":{"line":14,"column":41},"end":{"line":14,"column":57}},"type":"default-arg","locations":[{"start":{"line":14,"column":48},"end":{"line":14,"column":57}}],"line":14},"1":{"loc":{"start":{"line":26,"column":24},"end":{"line":26,"column":78}},"type":"binary-expr","locations":[{"start":{"line":26,"column":24},"end":{"line":26,"column":51}},{"start":{"line":26,"column":55},"end":{"line":26,"column":78}}],"line":26},"2":{"loc":{"start":{"line":67,"column":6},"end":{"line":69,"column":7}},"type":"if","locations":[{"start":{"line":67,"column":6},"end":{"line":69,"column":7}},{"start":{},"end":{}}],"line":67},"3":{"loc":{"start":{"line":67,"column":10},"end":{"line":67,"column":29}},"type":"binary-expr","locations":[{"start":{"line":67,"column":10},"end":{"line":67,"column":16}},{"start":{"line":67,"column":20},"end":{"line":67,"column":29}}],"line":67},"4":{"loc":{"start":{"line":73,"column":6},"end":{"line":75,"column":7}},"type":"if","locations":[{"start":{"line":73,"column":6},"end":{"line":75,"column":7}},{"start":{},"end":{}}],"line":73},"5":{"loc":{"start":{"line":73,"column":10},"end":{"line":73,"column":48}},"type":"binary-expr","locations":[{"start":{"line":73,"column":10},"end":{"line":73,"column":15}},{"start":{"line":73,"column":19},"end":{"line":73,"column":48}}],"line":73},"6":{"loc":{"start":{"line":118,"column":6},"end":{"line":118,"column":62}},"type":"if","locations":[{"start":{"line":118,"column":6},"end":{"line":118,"column":62}},{"start":{},"end":{}}],"line":118},"7":{"loc":{"start":{"line":119,"column":6},"end":{"line":119,"column":71}},"type":"if","locations":[{"start":{"line":119,"column":6},"end":{"line":119,"column":71}},{"start":{},"end":{}}],"line":119},"8":{"loc":{"start":{"line":120,"column":6},"end":{"line":130,"column":7}},"type":"if","locations":[{"start":{"line":120,"column":6},"end":{"line":130,"column":7}},{"start":{},"end":{}}],"line":120},"9":{"loc":{"start":{"line":122,"column":8},"end":{"line":129,"column":9}},"type":"if","locations":[{"start":{"line":122,"column":8},"end":{"line":129,"column":9}},{"start":{"line":124,"column":15},"end":{"line":129,"column":9}}],"line":122},"10":{"loc":{"start":{"line":122,"column":12},"end":{"line":122,"column":50}},"type":"binary-expr","locations":[{"start":{"line":122,"column":12},"end":{"line":122,"column":28}},{"start":{"line":122,"column":32},"end":{"line":122,"column":50}}],"line":122},"11":{"loc":{"start":{"line":124,"column":15},"end":{"line":129,"column":9}},"type":"if","locations":[{"start":{"line":124,"column":15},"end":{"line":129,"column":9}},{"start":{"line":126,"column":15},"end":{"line":129,"column":9}}],"line":124},"12":{"loc":{"start":{"line":131,"column":6},"end":{"line":131,"column":47}},"type":"if","locations":[{"start":{"line":131,"column":6},"end":{"line":131,"column":47}},{"start":{},"end":{}}],"line":131},"13":{"loc":{"start":{"line":132,"column":6},"end":{"line":132,"column":95}},"type":"if","locations":[{"start":{"line":132,"column":6},"end":{"line":132,"column":95}},{"start":{},"end":{}}],"line":132},"14":{"loc":{"start":{"line":151,"column":6},"end":{"line":151,"column":71}},"type":"if","locations":[{"start":{"line":151,"column":6},"end":{"line":151,"column":71}},{"start":{},"end":{}}],"line":151},"15":{"loc":{"start":{"line":161,"column":14},"end":{"line":161,"column":22}},"type":"default-arg","locations":[{"start":{"line":161,"column":21},"end":{"line":161,"column":22}}],"line":161},"16":{"loc":{"start":{"line":161,"column":24},"end":{"line":161,"column":34}},"type":"default-arg","locations":[{"start":{"line":161,"column":32},"end":{"line":161,"column":34}}],"line":161},"17":{"loc":{"start":{"line":161,"column":36},"end":{"line":161,"column":47}},"type":"default-arg","locations":[{"start":{"line":161,"column":45},"end":{"line":161,"column":47}}],"line":161},"18":{"loc":{"start":{"line":163,"column":6},"end":{"line":168,"column":7}},"type":"if","locations":[{"start":{"line":163,"column":6},"end":{"line":168,"column":7}},{"start":{},"end":{}}],"line":163},"19":{"loc":{"start":{"line":198,"column":6},"end":{"line":198,"column":81}},"type":"if","locations":[{"start":{"line":198,"column":6},"end":{"line":198,"column":81}},{"start":{},"end":{}}],"line":198},"20":{"loc":{"start":{"line":200,"column":6},"end":{"line":202,"column":7}},"type":"if","locations":[{"start":{"line":200,"column":6},"end":{"line":202,"column":7}},{"start":{},"end":{}}],"line":200},"21":{"loc":{"start":{"line":206,"column":23},"end":{"line":206,"column":58}},"type":"binary-expr","locations":[{"start":{"line":206,"column":23},"end":{"line":206,"column":35}},{"start":{"line":206,"column":39},"end":{"line":206,"column":58}}],"line":206},"22":{"loc":{"start":{"line":207,"column":22},"end":{"line":207,"column":45}},"type":"binary-expr","locations":[{"start":{"line":207,"column":22},"end":{"line":207,"column":37}},{"start":{"line":207,"column":41},"end":{"line":207,"column":45}}],"line":207},"23":{"loc":{"start":{"line":210,"column":6},"end":{"line":219,"column":7}},"type":"if","locations":[{"start":{"line":210,"column":6},"end":{"line":219,"column":7}},{"start":{},"end":{}}],"line":210},"24":{"loc":{"start":{"line":245,"column":6},"end":{"line":247,"column":7}},"type":"if","locations":[{"start":{"line":245,"column":6},"end":{"line":247,"column":7}},{"start":{},"end":{}}],"line":245},"25":{"loc":{"start":{"line":250,"column":35},"end":{"line":250,"column":123}},"type":"binary-expr","locations":[{"start":{"line":250,"column":35},"end":{"line":250,"column":46}},{"start":{"line":250,"column":50},"end":{"line":250,"column":80}},{"start":{"line":250,"column":84},"end":{"line":250,"column":123}}],"line":250},"26":{"loc":{"start":{"line":254,"column":6},"end":{"line":260,"column":7}},"type":"if","locations":[{"start":{"line":254,"column":6},"end":{"line":260,"column":7}},{"start":{},"end":{}}],"line":254},"27":{"loc":{"start":{"line":254,"column":10},"end":{"line":254,"column":36}},"type":"binary-expr","locations":[{"start":{"line":254,"column":10},"end":{"line":254,"column":19}},{"start":{"line":254,"column":23},"end":{"line":254,"column":36}}],"line":254},"28":{"loc":{"start":{"line":256,"column":10},"end":{"line":256,"column":47}},"type":"cond-expr","locations":[{"start":{"line":256,"column":22},"end":{"line":256,"column":40}},{"start":{"line":256,"column":43},"end":{"line":256,"column":47}}],"line":256},"29":{"loc":{"start":{"line":257,"column":10},"end":{"line":257,"column":55}},"type":"cond-expr","locations":[{"start":{"line":257,"column":26},"end":{"line":257,"column":48}},{"start":{"line":257,"column":51},"end":{"line":257,"column":55}}],"line":257},"30":{"loc":{"start":{"line":276,"column":23},"end":{"line":276,"column":131}},"type":"binary-expr","locations":[{"start":{"line":276,"column":23},"end":{"line":276,"column":60}},{"start":{"line":276,"column":64},"end":{"line":276,"column":89}},{"start":{"line":276,"column":93},"end":{"line":276,"column":104}},{"start":{"line":276,"column":108},"end":{"line":276,"column":131}}],"line":276},"31":{"loc":{"start":{"line":290,"column":23},"end":{"line":290,"column":131}},"type":"binary-expr","locations":[{"start":{"line":290,"column":23},"end":{"line":290,"column":60}},{"start":{"line":290,"column":64},"end":{"line":290,"column":89}},{"start":{"line":290,"column":93},"end":{"line":290,"column":104}},{"start":{"line":290,"column":108},"end":{"line":290,"column":131}}],"line":290},"32":{"loc":{"start":{"line":297
[...]
column":17},"end":{"line":12,"column":56}},"6":{"start":{"line":12,"column":39},"end":{"line":12,"column":55}},"7":{"start":{"line":14,"column":2},"end":{"line":38,"column":3}},"8":{"start":{"line":15,"column":27},"end":{"line":25,"column":5}},"9":{"start":{"line":27,"column":4},"end":{"line":32,"column":5}},"10":{"start":{"line":28,"column":6},"end":{"line":31,"column":9}},"11":{"start":{"line":33,"column":4},"end":{"line":33,"column":38}},"12":{"start":{"line":34,"column":4},"end":{"line":34,"column":27}},"13":{"start":{"line":37,"column":4},"end":{"line":37,"column":28}},"14":{"start":{"line":41,"column":2},"end":{"line":41,"column":74}},"15":{"start":{"line":43,"column":2},"end":{"line":53,"column":3}},"16":{"start":{"line":44,"column":4},"end":{"line":50,"column":5}},"17":{"start":{"line":45,"column":22},"end":{"line":45,"column":82}},"18":{"start":{"line":46,"column":6},"end":{"line":46,"column":89}},"19":{"start":{"line":47,"column":6},"end":{"line":47,"column":33}},"20":{"start":{"line":49,"column":6},"end":{"line":49,"column":30}},"21":{"start":{"line":52,"column":4},"end":{"line":52,"column":28}},"22":{"start":{"line":56,"column":19},"end":{"line":81,"column":1}},"23":{"start":{"line":57,"column":2},"end":{"line":59,"column":3}},"24":{"start":{"line":58,"column":4},"end":{"line":58,"column":98}},"25":{"start":{"line":60,"column":2},"end":{"line":80,"column":3}},"26":{"start":{"line":61,"column":23},"end":{"line":61,"column":47}},"27":{"start":{"line":62,"column":19},"end":{"line":64,"column":6}},"28":{"start":{"line":65,"column":4},"end":{"line":77,"column":7}},"29":{"start":{"line":66,"column":6},"end":{"line":66,"column":47}},"30":{"start":{"line":66,"column":34},"end":{"line":66,"column":45}},"31":{"start":{"line":67,"column":6},"end":{"line":75,"column":9}},"32":{"start":{"line":68,"column":8},"end":{"line":74,"column":9}},"33":{"start":{"line":69,"column":10},"end":{"line":69,"column":40}},"34":{"start":{"line":70,"column":28},"end":{"line":70,"column":90}},"35":{"start":{"line":71,"column":10},"end":{"line":71,"column":29}},"36":{"start":{"line":73,"column":10},"end":{"line":73,"column":75}},"37":{"start":{"line":76,"column":6},"end":{"line":76,"column":30}},"38":{"start":{"line":79,"column":4},"end":{"line":79,"column":63}},"39":{"start":{"line":83,"column":0},"end":{"line":87,"column":2}}},"fnMap":{"0":{"name":"(anonymous_0)","decl":{"start":{"line":12,"column":32},"end":{"line":12,"column":33}},"loc":{"start":{"line":12,"column":39},"end":{"line":12,"column":55}},"line":12},"1":{"name":"(anonymous_1)","decl":{"start":{"line":56,"column":19},"end":{"line":56,"column":20}},"loc":{"start":{"line":56,"column":48},"end":{"line":81,"column":1}},"line":56},"2":{"name":"(anonymous_2)","decl":{"start":{"line":65,"column":23},"end":{"line":65,"column":24}},"loc":{"start":{"line":65,"column":44},"end":{"line":77,"column":5}},"line":65},"3":{"name":"(anonymous_3)","decl":{"start":{"line":66,"column":25},"end":{"line":66,"column":26}},"loc":{"start":{"line":66,"column":34},"end":{"line":66,"column":45}},"line":66},"4":{"name":"(anonymous_4)","decl":{"start":{"line":67,"column":26},"end":{"line":67,"column":27}},"loc":{"start":{"line":67,"column":38},"end":{"line":75,"column":7}},"line":67}},"branchMap":{"0":{"loc":{"start":{"line":14,"column":2},"end":{"line":38,"column":3}},"type":"if","locations":[{"start":{"line":14,"column":2},"end":{"line":38,"column":3}},{"start":{"line":35,"column":9},"end":{"line":38,"column":3}}],"line":14},"1":{"loc":{"start":{"line":27,"column":4},"end":{"line":32,"column":5}},"type":"if","locations":[{"start":{"line":27,"column":4},"end":{"line":32,"column":5}},{"start":{},"end":{}}],"line":27},"2":{"loc":{"start":{"line":41,"column":53},"end":{"line":41,"column":72}},"type":"binary-expr","locations":[{"start":{"line":41,"column":53},"end":{"line":41,"column":65}},{"start":{"line":41,"column":69},"end":{"line":41,"column":72}}],"line":41},"3":{"loc":{"start":{"line":43,"column":2},"end":{"line":53,"column":3}},"type":"if","locations":[{"start":{"line":43,"column":2},"end":{"line":53,"column":3}},{"start":{"line":51,"column":9},"end":{"line":53,"column":3}}],"line":43},"4":{"loc":{"start":{"line":45,"column":22},"end":{"line":45,"column":82}},"type":"cond-expr","locations":[{"start":{"line":45,"column":60},"end":{"line":45,"column":75}},{"start":{"line":45,"column":78},"end":{"line":45,"column":82}}],"line":45},"5":{"loc":{"start":{"line":46,"column":15},"end":{"line":46,"column":88}},"type":"cond-expr","locations":[{"start":{"line":46,"column":65},"end":{"line":46,"column":81}},{"start":{"line":46,"column":84},"end":{"line":46,"column":88}}],"line":46},"6":{"loc":{"start":{"line":46,"column":15},"end":{"line":46,"column":62}},"type":"binary-expr","locations":[{"start":{"line":46,"column":15},"end":{"line":46,"column":22}},{"start":{"line":46,"column":26},"end":{"line":46,"column":62}}],"line":46},"7":{"loc":{"start":{"line":57,"column":2},"end":{"line":59,"column":3}},"type":"if","locations":[{"start":{"line":57,"column":2},"end":{"line":59,"column":3}},{"start":{},"end":{}}],"line":57},"8":{"loc":{"start":{"line":57,"column":6},"end":{"line":57,"column":33}},"type":"binary-expr","locations":[{"start":{"line":57,"column":6},"end":{"line":57,"column":22}},{"start":{"line":57,"column":26},"end":{"line":57,"column":33}}],"line":57},"9":{"loc":{"start":{"line":73,"column":56},"end":{"line":73,"column":71}},"type":"binary-expr","locations":[{"start":{"line":73,"column":56},"end":{"line":73,"column":66}},{"start":{"line":73,"column":70},"end":{"line":73,"column":71}}],"line":73}},"s":{"0":15,"1":15,"2":15,"3":15,"4":15,"5":15,"6":25,"7":15,"8":5,"9":5,"10":5,"11":4,"12":4,"13":10,"14":1,"15":1,"16":1,"17":1,"18":1,"19":1,"20":0,"21":0,"22":15,"23":6,"24":1,"25":5,"26":5,"27":4,"28":4,"29":4,"30":1,"31":4,"32":3,"33":3,"34":2,"35":2,"36":1,"37":4,"38":1,"39":15},"f":{"0":25,"1":6,"2":4,"3":1,"4":3},"b":{"0":[5,10],"1":[5,0],"2":[1,0],"3":[1,0],"4":[1,0],"5":[1,0],"6":[1,1],"7":[1,5],"8":[6,5],"9":[1,0]},"_coverageSchema":"1a1c01bbd47fc00a2c39e90264f33305004495a9","hash":"c1bf22aefb661468004ee7042a032e2b3c0fba68"}
,"C:\\Users\\radia\\OneDrive\\Documents\\Hacktiv 8\\Phase 2-1\\IP-HCK86\\server\\helper\\jwt.js": {"path":"C:\\Users\\radia\\OneDrive\\Documents\\Hacktiv 8\\Phase 2-1\\IP-HCK86\\server\\helper\\jwt.js","statementMap":{"0":{"start":{"line":1,"column":12},"end":{"line":1,"column":35}},"1":{"start":{"line":3,"column":18},"end":{"line":5,"column":1}},"2":{"start":{"line":4,"column":2},"end":{"line":4,"column":63}},"3":{"start":{"line":7,"column":20},"end":{"line":9,"column":1}},"4":{"start":{"line":8,"column":2},"end":{"line":8,"column":63}},"5":{"start":{"line":11,"column":0},"end":{"line":14,"column":2}}},"fnMap":{"0":{"name":"(anonymous_0)","decl":{"start":{"line":3,"column":18},"end":{"line":3,"column":19}},"loc":{"start":{"line":3,"column":31},"end":{"line":5,"column":1}},"line":3},"1":{"name":"(anonymous_1)","decl":{"start":{"line":7,"column":20},"end":{"line":7,"column":21}},"loc":{"start":{"line":7,"column":31},"end":{"line":9,"column":1}},"line":7}},"branchMap":{"0":{"loc":{"start":{"line":4,"column":27},"end":{"line":4,"column":61}},"type":"binary-expr","locations":[{"start":{"line":4,"column":27},"end":{"line":4,"column":49}},{"start":{"line":4,"column":53},"end":{"line":4,"column":61}}],"line":4},"1":{"loc":{"start":{"line":8,"column":27},"end":{"line":8,"column":61}},"type":"binary-expr","locations":[{"start":{"line":8,"column":27},"end":{"line":8,"column":49}},{"start":{"line":8,"column":53},"end":{"line":8,"column":61}}],"line":8}},"s":{"0":6,"1":6,"2":1,"3":6,"4":1,"5":6},"f":{"0":1,"1":1},"b":{"0":[1,0],"1":[1,0]},"_coverageSchema":"1a1c01bbd47fc00a2c39e90264f33305004495a9","hash":"a62ed720302058779bc2acabb0cde6b532e11566"}
,"C:\\Users\\radia\\OneDrive\\Documents\\Hacktiv 8\\Phase 2-1\\IP-HCK86\\server\\helper\\mailer.js": {"path":"C:\\Users\\radia\\OneDrive\\Documents\\Hacktiv 8\\Phase 2-1\\IP-HCK86\\server\\helper\\mailer.js","statementMap":{"0":{"start":{"line":2,"column":19},"end":{"line":2,"column":40}},"1":{"start":{"line":4,"column":24},"end":{"line":4,"column":28}},"2":{"start":{"line":7,"column":2},"end":{"line":7,"column":50}},"3":{"start":{"line":7,"column":25},"end":{"line":7,"column":50}},"4":{"start":{"line":9,"column":61},"end":{"line":9,"column":72}},"5":{"start":{"line":11,"column":2},"end":{"line":23,"column":3}},"6":{"start":{"line":12,"column":4},"end":{"line":17,"column":7}},"7":{"start":{"line":20,"column":4},"end":{"line":22,"column":7}},"8":{"start":{"line":25,"column":2},"end":{"line":25,"column":27}},"9":{"start":{"line":29,"column":22},"end":{"line":29,"column":41}},"10":{"start":{"line":30,"column":19},"end":{"line":30,"column":110}},"11":{"start":{"line":31,"column":15},"end":{"line":31,"column":86}},"12":{"start":{"line":32,"column":2},"end":{"line":32,"column":14}},"13":{"start":{"line":35,"column":0},"end":{"line":38,"column":2}}},"fnMap":{"0":{"name":"createTransporter","decl":{"start":{"line":6,"column":9},"end":{"line":6,"column":26}},"loc":{"start":{"line":6,"column":29},"end":{"line":26,"column":1}},"line":6},"1":{"name":"sendMail","decl":{"start":{"line":28,"column":15},"end":{"line":28,"column":23}},"loc":{"start":{"line":28,"column":59},"end":{"line":33,"column":1}},"line":28}},"branchMap":{"0":{"loc":{"start":{"line":7,"column":2},"end":{"line":7,"column":50}},"type":"if","locations":[{"start":{"line":7,"column":2},"end":{"line":7,"column":50}},{"start":{},"end":{}}],"line":7},"1":{"loc":{"start":{"line":11,"column":2},"end":{"line":23,"column":3}},"type":"if","locations":[{"start":{"line":11,"column":2},"end":{"line":23,"column":3}},{"start":{"line":18,"column":9},"end":{"line":23,"column":3}}],"line":11},"2":{"loc":{"start":{"line":11,"column":6},"end":{"line":11,"column":30}},"type":"binary-expr","locations":[{"start":{"line":11,"column":6},"end":{"line":11,"column":16}},{"start":{"line":11,"column":20},"end":{"line":11,"column":30}}],"line":11},"3":{"loc":{"start":{"line":16,"column":12},"end":{"line":16,"column":89}},"type":"cond-expr","locations":[{"start":{"line":16,"column":39},"end":{"line":16,"column":77}},{"start":{"line":16,"column":80},"end":{"line":16,"column":89}}],"line":16},"4":{"loc":{"start":{"line":16,"column":12},"end":{"line":16,"column":36}},"type":"binary-expr","locations":[{"start":{"line":16,"column":12},"end":{"line":16,"column":22}},{"start":{"line":16,"column":26},"end":{"line":16,"column":36}}],"line":16},"5":{"loc":{"start":{"line":30,"column":19},"end":{"line":30,"column":110}},"type":"binary-expr","locations":[{"start":{"line":30,"column":19},"end":{"line":30,"column":23}},{"start":{"line":30,"column":27},"end":{"line":30,"column":49}},{"start":{"line":30,"column":53},"end":{"line":30,"column":75}},{"start":{"line":30,"column":79},"end":{"line":30,"column":110}}],"line":30}},"s":{"0":5,"1":5,"2":3,"3":1,"4":2,"5":2,"6":1,"7":1,"8":2,"9":1,"10":1,"11":1,"12":1,"13":5},"f":{"0":3,"1":1},"b":{"0":[1,2],"1":[1,1],"2":[2,1],"3":[1,0],"4":[1,1],"5":[1,1,1,0]},"_coverageSchema":"1a1c01bbd47fc00a2c39e90264f33305004495a9","hash":"5e41514a145600a6f0ec5e6f59fcafc606c18d1b"}
,"C:\\Users\\radia\\OneDrive\\Documents\\Hacktiv 8\\Phase 2-1\\IP-HCK86\\server\\middlewares\\authentication.js": {"path":"C:\\Users\\radia\\OneDrive\\Documents\\Hacktiv 8\\Phase 2-1\\IP-HCK86\\server\\middlewares\\authentication.js","statementMap":{"0":{"start":{"line":1,"column":24},"end":{"line":1,"column":48}},"1":{"start":{"line":2,"column":17},"end":{"line":2,"column":37}},"2":{"start":{"line":4,"column":23},"end":{"line":31,"column":1}},"3":{"start":{"line":5,"column":2},"end":{"line":30,"column":3}},"4":{"start":{"line":6,"column":30},"end":{"line":6,"column":41}},"5":{"start":{"line":8,"column":4},"end":{"line":10,"column":5}},"6":{"start":{"line":9,"column":6},"end":{"line":9,"column":74}},"7":{"start":{"line":12,"column":18},"end":{"line":12,"column":45}},"8":{"start":{"line":14,"column":4},"end":{"line":16,"column":5}},"9":{"start":{"line":15,"column":6},"end":{"line":15,"column":70}},"10":{"start":{"line":18,"column":20},"end":{"line":18,"column":38}},"11":{"start":{"line":20,"column":17},"end":{"line":20,"column":48}},"12":{"start":{"line":22,"column":4},"end":{"line":24,"column":5}},"13":{"start":{"line":23,"column":6},"end":{"line":23,"column":64}},"14":{"start":{"line":26,"column":4},"end":{"line":26,"column":20}},"15":{"start":{"line":27,"column":4},"end":{"line":27,"column":11}},"16":{"start":{"line":29,"column":4},"end":{"line":29,"column":16}},"17":{"start":{"line":33,"column":22},"end":{"line":44,"column":1}},"18":{"start":{"line":34,"column":2},"end":{"line":43,"column":4}},"19":{"start":{"line":35,"column":4},"end":{"line":42,"column":5}},"20":{"start":{"line":36,"column":6},"end":{"line":38,"column":7}},"21":{"start":{"line":37,"column":8},"end":{"line":37,"column":62}},"22":{"start":{"line":39,"column":6},"end":{"line":39,"column":13}},"23":{"start":{"line":41,"column":6},"end":{"line":41,"column":18}},"24":{"start":{"line":46,"column":0},"end":{"line":49,"column":2}}},"fnMap":{"0":{"name":"(anonymous_0)","decl":{"start":{"line":4,"column":23},"end":{"line":4,"column":24}},"loc":{"start":{"line":4,"column":49},"end":{"line":31,"column":1}},"line":4},"1":{"name":"(anonymous_1)","decl":{"start":{"line":33,"column":22},"end":{"line":33,"column":23}},"loc":{"start":{"line":33,"column":33},"end":{"line":44,"column":1}},"line":33},"2":{"name":"(anonymous_2)","decl":{"start":{"line":34,"column":9},"end":{"line":34,"column":10}},"loc":{"start":{"line":34,"column":29},"end":{"line":43,"column":3}},"line":34}},"branchMap":{"0":{"loc":{"start":{"line":8,"column":4},"end":{"line":10,"column":5}},"type":"if","locations":[{"start":{"line":8,"column":4},"end":{"line":10,"column":5}},{"start":{},"end":{}}],"line":8},"1":{"loc":{"start":{"line":14,"column":4},"end":{"line":16,"column":5}},"type":"if","locations":[{"start":{"line":14,"column":4},"end":{"line":16,"column":5}},{"start":{},"end":{}}],"line":14},"2":{"loc":{"start":{"line":22,"column":4},"end":{"line":24,"column":5}},"type":"if","locations":[{"start":{"line":22,"column":4},"end":{"line":24,"column":5}},{"start":{},"end":{}}],"line":22},"3":{"loc":{"start":{"line":36,"column":6},"end":{"line":38,"column":7}},"type":"if","locations":[{"start":{"line":36,"column":6},"end":{"line":38,"column":7}},{"start":{},"end":{}}],"line":36}},"s":{"0":1,"1":1,"2":1,"3":5,"4":5,"5":5,"6":1,"7":4,"8":4,"9":1,"10":3,"11":2,"12":2,"13":1,"14":1,"15":1,"16":4,"17":1,"18":2,"19":2,"20":2,"21":1,"22":1,"23":1,"24":1},"f":{"0":5,"1":2,"2":2},"b":{"0":[1,4],"1":[1,3],"2":[1,1],"3":[1,1]},"_coverageSchema":"1a1c01bbd47fc00a2c39e90264f33305004495a9","hash":"151909791ee4573fe3363c5d9ac21269e80f2234"}
,"C:\\Users\\radia\\OneDrive\\Documents\\Hacktiv 8\\Phase 2-1\\IP-HCK86\\server\\middlewares\\errorHandler.js": {"path":"C:\\Users\\radia\\OneDrive\\Documents\\Hacktiv 8\\Phase 2-1\\IP-HCK86\\server\\middlewares\\errorHandler.js","statementMap":{"0":{"start":{"line":1,"column":21},"end":{"line":53,"column":1}},"1":{"start":{"line":2,"column":2},"end":{"line":2,"column":33}},"2":{"start":{"line":4,"column":15},"end":{"line":4,"column":18}},"3":{"start":{"line":5,"column":16},"end":{"line":5,"column":39}},"4":{"start":{"line":7,"column":2},"end":{"line":47,"column":3}},"5":{"start":{"line":10,"column":6},"end":{"line":10,"column":19}},"6":{"start":{"line":11,"column":6},"end":{"line":11,"column":40}},"7":{"start":{"line":12,"column":6},"end":{"line":12,"column":12}},"8":{"start":{"line":14,"column":6},"end":{"line":14,"column":19}},"9":{"start":{"line":15,"column":6},"end":{"line":15,"column":47}},"10":{"start":{"line":16,"column":6},"end":{"line":16,"column":12}},"11":{"start":{"line":18,"column":6},"end":{"line":18,"column":19}},"12":{"start":{"line":19,"column":6},"end":{"line":19,"column":32}},"13":{"start":{"line":20,"column":6},"end":{"line":20,"column":12}},"14":{"start":{"line":22,"column":6},"end":{"line":22,"column":19}},"15":{"start":{"line":23,"column":6},"end":{"line":23,"column":32}},"16":{"start":{"line":24,"column":6},"end":{"line":24,"column":12}},"17":{"start":{"line":26,"column":6},"end":{"line":26,"column":19}},"18":{"start":{"line":27,"column":6},"end":{"line":27,"column":55}},"19":{"start":{"line":28,"column":6},"end":{"line":28,"column":12}},"20":{"start":{"line":30,"column":6},"end":{"line":30,"column":19}},"21":{"start":{"line":31,"column":6},"end":{"line":31,"column":52}},"22":{"start":{"line":32,"column":6},"end":{"line":32,"column":12}},"23":{"start":{"line":34,"column":6},"end":{"line":34,"column":19}},"24":{"start":{"line":35,"column":6},"end":{"line":35,"column":50}},"25":{"start":{"line":36,"column":6},"end":{"line":36,"column":12}},"26":{"start":{"line":38,"column":6},"end":{"line":38,"column":19}},"27":{"start":{"line":39,"column":6},"end":{"line":39,"column":47}},"28":{"start":{"line":40,"column":6},"end":{"line":40,"column":12}},"29":{"start":{"line":42,"column":6},"end":{"line":45,"column":7}},"30":{"start":{"line":43,"column":8},"end":{"line":43,"column":30}},"31":{"start":{"line":44,"column":8},"end":{"line":44,"column":32}},"32":{"start":{"line":46,"column":6},"end":{"line":46,"column":12}},"33":{"start":{"line":49,"column":2},"end":{"line":52,"column":5}},"34":{"start":{"line":55,"column":0},"end":{"line":57,"column":2}}},"fnMap":{"0":{"name":"(anonymous_0)","decl":{"start":{"line":1,"column":21},"end":{"line":1,"column":22}},"loc":{"start":{"line":1,"column":48},"end":{"line":53,"column":1}},"line":1}},"branchMap":{"0":{"loc":{"start":{"line":7,"column":2},"end":{"line":47,"column":3}},"type":"switch","locations":[{"start":{"line":8,"column":4},"end":{"line":8,"column":36}},{"start":{"line":9,"column":4},"end":{"line":12,"column":12}},{"start":{"line":13,"column":4},"end":{"line":16,"column":12}},{"start":{"line":17,"column":4},"end":{"line":20,"column":12}},{"start":{"line":21,"column":4},"end":{"line":24,"column":12}},{"start":{"line":25,"column":4},"end":{"line":28,"column":12}},{"start":{"line":29,"column":4},"end":{"line":32,"column":12}},{"start":{"line":33,"column":4},"end":{"line":36,"column":12}},{"start":{"line":37,"column":4},"end":{"line":40,"column":12}},{"start":{"line":41,"column":4},"end":{"line":46,"column":12}}],"line":7},"1":{"loc":{"start":{"line":27,"column":16},"end":{"line":27,"column":54}},"type":"binary-expr","locations":[{"start":{"line":27,"column":16},"end":{"line":27,"column":29}},{"start":{"line":27,"column":33},"end":{"line":27,"column":54}}],"line":27},"2":{"loc":{"start":{"line":31,"column":16},"end":{"line":31,"column":51}},"type":"binary-expr","locations":[{"start":{"line":31,"column":16},"end":{"line":31,"column":29}},{"start":{"line":31,"column":33},"end":{"line":31,"column":51}}],"line":31},"3":{"loc":{"start":{"line":35,"column":16},"end":{"line":35,"column":49}},"type":"binary-expr","locations":[{"start":{"line":35,"column":16},"end":{"line":35,"column":29}},{"start":{"line":35,"column":33},"end":{"line":35,"column":49}}],"line":35},"4":{"loc":{"start":{"line":39,"column":16},"end":{"line":39,"column":46}},"type":"binary-expr","locations":[{"start":{"line":39,"column":16},"end":{"line":39,"column":29}},{"start":{"line":39,"column":33},"end":{"line":39,"column":46}}],"line":39},"5":{"loc":{"start":{"line":42,"column":6},"end":{"line":45,"column":7}},"type":"if","locations":[{"start":{"line":42,"column":6},"end":{"line":45,"column":7}},{"start":{},"end":{}}],"line":42}},"s":{"0":1,"1":15,"2":15,"3":15,"4":15,"5":2,"6":2,"7":2,"8":1,"9":1,"10":1,"11":1,"12":1,"13":1,"14":1,"15":1,"16":1,"17":2,"18":2,"19":2,"20":2,"21":2,"22":2,"23":2,"24":2,"25":2,"26":2,"27":2,"28":2,"29":2,"30":1,"31":1,"32":2,"33":15,"34":1},"f":{"0":15},"b":{"0":[1,2,1,1,1,2,2,2,2,2],"1":[2,1],"2":[2,1],"3":[2,1],"4":[2,1],"5":[1,1]},"_coverageSchema":"1a1c01bbd47fc00a2c39e90264f33305004495a9","hash":"1828311252e873acb24789b5ed9de474b6d1357d"}
}
