{"C:\\Users\\radia\\OneDrive\\Documents\\Hacktiv 8\\Phase 2-1\\IP-HCK86\\server\\controllers\\courseController.js": {"path":"C:\\Users\\radia\\OneDrive\\Documents\\Hacktiv 8\\Phase 2-1\\IP-HCK86\\server\\controllers\\courseController.js","statementMap":{"0":{"start":{"line":1,"column":45},"end":{"line":1,"column":65}},"1":{"start":{"line":2,"column":15},"end":{"line":2,"column":35}},"2":{"start":{"line":3,"column":23},"end":{"line":3,"column":52}},"3":{"start":{"line":7,"column":4},"end":{"line":38,"column":5}},"4":{"start":{"line":8,"column":42},"end":{"line":8,"column":51}},"5":{"start":{"line":9,"column":20},"end":{"line":9,"column":41}},"6":{"start":{"line":11,"column":6},"end":{"line":11,"column":46}},"7":{"start":{"line":11,"column":20},"end":{"line":11,"column":46}},"8":{"start":{"line":12,"column":6},"end":{"line":12,"column":37}},"9":{"start":{"line":12,"column":17},"end":{"line":12,"column":37}},"10":{"start":{"line":13,"column":6},"end":{"line":18,"column":7}},"11":{"start":{"line":14,"column":8},"end":{"line":17,"column":10}},"12":{"start":{"line":20,"column":22},"end":{"line":30,"column":8}},"13":{"start":{"line":32,"column":6},"end":{"line":35,"column":9}},"14":{"start":{"line":37,"column":6},"end":{"line":37,"column":18}},"15":{"start":{"line":42,"column":4},"end":{"line":69,"column":5}},"16":{"start":{"line":43,"column":21},"end":{"line":43,"column":31}},"17":{"start":{"line":45,"column":21},"end":{"line":57,"column":8}},"18":{"start":{"line":59,"column":6},"end":{"line":61,"column":7}},"19":{"start":{"line":60,"column":8},"end":{"line":60,"column":64}},"20":{"start":{"line":63,"column":6},"end":{"line":66,"column":9}},"21":{"start":{"line":68,"column":6},"end":{"line":68,"column":18}},"22":{"start":{"line":73,"column":4},"end":{"line":101,"column":5}},"23":{"start":{"line":74,"column":77},"end":{"line":74,"column":85}},"24":{"start":{"line":76,"column":25},"end":{"line":76,"column":29}},"25":{"start":{"line":77,"column":6},"end":{"line":80,"column":7}},"26":{"start":{"line":78,"column":25},"end":{"line":78,"column":73}},"27":{"start":{"line":79,"column":8},"end":{"line":79,"column":60}},"28":{"start":{"line":82,"column":21},"end":{"line":92,"column":8}},"29":{"start":{"line":94,"column":6},"end":{"line":98,"column":9}},"30":{"start":{"line":100,"column":6},"end":{"line":100,"column":18}},"31":{"start":{"line":105,"column":4},"end":{"line":131,"column":5}},"32":{"start":{"line":106,"column":21},"end":{"line":106,"column":31}},"33":{"start":{"line":107,"column":22},"end":{"line":107,"column":30}},"34":{"start":{"line":109,"column":21},"end":{"line":111,"column":8}},"35":{"start":{"line":113,"column":6},"end":{"line":115,"column":7}},"36":{"start":{"line":114,"column":8},"end":{"line":114,"column":90}},"37":{"start":{"line":117,"column":6},"end":{"line":120,"column":7}},"38":{"start":{"line":118,"column":25},"end":{"line":118,"column":73}},"39":{"start":{"line":119,"column":8},"end":{"line":119,"column":65}},"40":{"start":{"line":122,"column":6},"end":{"line":122,"column":35}},"41":{"start":{"line":124,"column":6},"end":{"line":128,"column":9}},"42":{"start":{"line":130,"column":6},"end":{"line":130,"column":18}},"43":{"start":{"line":135,"column":4},"end":{"line":154,"column":5}},"44":{"start":{"line":136,"column":21},"end":{"line":136,"column":31}},"45":{"start":{"line":138,"column":21},"end":{"line":140,"column":8}},"46":{"start":{"line":142,"column":6},"end":{"line":144,"column":7}},"47":{"start":{"line":143,"column":8},"end":{"line":143,"column":90}},"48":{"start":{"line":146,"column":6},"end":{"line":146,"column":29}},"49":{"start":{"line":148,"column":6},"end":{"line":151,"column":9}},"50":{"start":{"line":153,"column":6},"end":{"line":153,"column":18}},"51":{"start":{"line":158,"column":4},"end":{"line":175,"column":5}},"52":{"start":{"line":159,"column":22},"end":{"line":167,"column":8}},"53":{"start":{"line":169,"column":6},"end":{"line":172,"column":9}},"54":{"start":{"line":174,"column":6},"end":{"line":174,"column":18}},"55":{"start":{"line":179,"column":4},"end":{"line":199,"column":5}},"56":{"start":{"line":180,"column":21},"end":{"line":180,"column":31}},"57":{"start":{"line":182,"column":21},"end":{"line":184,"column":8}},"58":{"start":{"line":186,"column":6},"end":{"line":188,"column":7}},"59":{"start":{"line":187,"column":8},"end":{"line":187,"column":90}},"60":{"start":{"line":190,"column":6},"end":{"line":190,"column":64}},"61":{"start":{"line":192,"column":6},"end":{"line":196,"column":9}},"62":{"start":{"line":198,"column":6},"end":{"line":198,"column":18}},"63":{"start":{"line":202,"column":2},"end":{"line":225,"column":3}},"64":{"start":{"line":203,"column":19},"end":{"line":203,"column":39}},"65":{"start":{"line":206,"column":23},"end":{"line":215,"column":6}},"66":{"start":{"line":217,"column":25},"end":{"line":217,"column":66}},"67":{"start":{"line":217,"column":50},"end":{"line":217,"column":65}},"68":{"start":{"line":219,"column":4},"end":{"line":222,"column":7}},"69":{"start":{"line":224,"column":4},"end":{"line":224,"column":16}},"70":{"start":{"line":229,"column":0},"end":{"line":229,"column":34}}},"fnMap":{"0":{"name":"(anonymous_0)","decl":{"start":{"line":6,"column":2},"end":{"line":6,"column":3}},"loc":{"start":{"line":6,"column":45},"end":{"line":39,"column":3}},"line":6},"1":{"name":"(anonymous_1)","decl":{"start":{"line":41,"column":2},"end":{"line":41,"column":3}},"loc":{"start":{"line":41,"column":45},"end":{"line":70,"column":3}},"line":41},"2":{"name":"(anonymous_2)","decl":{"start":{"line":72,"column":2},"end":{"line":72,"column":3}},"loc":{"start":{"line":72,"column":44},"end":{"line":102,"column":3}},"line":72},"3":{"name":"(anonymous_3)","decl":{"start":{"line":104,"column":2},"end":{"line":104,"column":3}},"loc":{"start":{"line":104,"column":44},"end":{"line":132,"column":3}},"line":104},"4":{"name":"(anonymous_4)","decl":{"start":{"line":134,"column":2},"end":{"line":134,"column":3}},"loc":{"start":{"line":134,"column":44},"end":{"line":155,"column":3}},"line":134},"5":{"name":"(anonymous_5)","decl":{"start":{"line":157,"column":2},"end":{"line":157,"column":3}},"loc":{"start":{"line":157,"column":44},"end":{"line":176,"column":3}},"line":157},"6":{"name":"(anonymous_6)","decl":{"start":{"line":178,"column":2},"end":{"line":178,"column":3}},"loc":{"start":{"line":178,"column":45},"end":{"line":200,"column":3}},"line":178},"7":{"name":"(anonymous_7)","decl":{"start":{"line":201,"column":2},"end":{"line":201,"column":3}},"loc":{"start":{"line":201,"column":51},"end":{"line":226,"column":1}},"line":201},"8":{"name":"(anonymous_8)","decl":{"start":{"line":217,"column":40},"end":{"line":217,"column":41}},"loc":{"start":{"line":217,"column":50},"end":{"line":217,"column":65}},"line":217}},"branchMap":{"0":{"loc":{"start":{"line":11,"column":6},"end":{"line":11,"column":46}},"type":"if","locations":[{"start":{"line":11,"column":6},"end":{"line":11,"column":46}},{"start":{},"end":{}}],"line":11},"1":{"loc":{"start":{"line":12,"column":6},"end":{"line":12,"column":37}},"type":"if","locations":[{"start":{"line":12,"column":6},"end":{"line":12,"column":37}},{"start":{},"end":{}}],"line":12},"2":{"loc":{"start":{"line":13,"column":6},"end":{"line":18,"column":7}},"type":"if","locations":[{"start":{"line":13,"column":6},"end":{"line":18,"column":7}},{"start":{},"end":{}}],"line":13},"3":{"loc":{"start":{"line":59,"column":6},"end":{"line":61,"column":7}},"type":"if","locations":[{"start":{"line":59,"column":6},"end":{"line":61,"column":7}},{"start":{},"end":{}}],"line":59},"4":{"loc":{"start":{"line":77,"column":6},"end":{"line":80,"column":7}},"type":"if","locations":[{"start":{"line":77,"column":6},"end":{"line":80,"column":7}},{"start":{},"end":{}}],"line":77},"5":{"loc":{"start":{"line":113,"column":6},"end":{"line":115,"column":7}},"type":"if","locations":[{"start":{"line":113,"column":6},"end":{"line":115,"column":7}},{"start":{},"end":{}}],"line":113},"6":{"loc":{"start":{"line":117,"column":6},"end":{"line":120,"column":7}},"type":"if","locations":[{"start":{"line":117,"column":6},"end":{"line":120,"column":7}},{"start":{},"end":{}}],"line":117},"7":{"loc":{"start":{"line":142,"column":6},"end":{"line":144,"column":7}},"type":"if","locations":[{"start":{"line":142,"column":6},"end":{"line":144,"column":7}},{"start":{},"end":{}}],"line":142},"8":{"loc":{"start":{"line":186,"column":6},"end":{"line":188,"column":7}},"type":"if","locations":[{"start":{"line":186,"column":6},"end":{"line":188,"column":7}},{"start":{},"end":{}}],"line":186},"9":{"loc":{"start":{"line":194,"column":27},"end":{"line":194,"column":75}},"type":"cond-expr","locations":[{"start":{"line":194,"column":48},"end":{"line":194,"column":59}},{"start":{"line":194,"column":62},"end":{"line":194,"column":75}}],"line":194}},"s":{"0":4,"1":4,"2":4,"3":0,"4":0,"5":0,"6":0,"7":0,"8":0,"9":0,"10":0,"11":0,"12":0,"13":0,"14":0,"15":0,"16":0,"17":0,"18":0,"19":0,"20":0,"21":0,"22":0,"23":0,"24":0,"25":0,"26":0,"27":0,"28":0,"29":0,"30":0,"31":0,"32":0,"33":0,"34":0,"35":0,"36":0,"37":0,"38":0,"39":0,"40":0,"41":0,"42":0,"43":0,"44":0,"45":0,"46":0,"47":0,"48":0,"49":0,"50":0,"51":0,"52":0,"53":0,"54":0,"55":0,"56":0,"57":0,"58":0,"59":0,"60":0,"61":0,"62":0,"63":0,"64":0,"65":0,"66":0,"67":0,"68":0,"69":0,"70":4},"f":{"0":0,"1":0,"2":0,"3":0,"4":0,"5":0,"6":0,"7":0,"8":0},"b":{"0":[0,0],"1":[0,0],"2":[0,0],"3":[0,0],"4":[0,0],"5":[0,0],"6":[0,0],"7":[0,0],"8":[0,0],"9":[0,0]},"_coverageSchema":"1a1c01bbd47fc00a2c39e90264f33305004495a9","hash":"99aad4113499609f97b74681c39d9b6fb15054e7"}
,"C:\\Users\\radia\\OneDrive\\Documents\\Hacktiv 8\\Phase 2-1\\IP-HCK86\\server\\controllers\\enrollmentController.js": {"path":"C:\\Users\\radia\\OneDrive\\Documents\\Hacktiv 8\\Phase 2-1\\IP-HCK86\\server\\controllers\\enrollmentController.js","statementMap":{"0":{"start":{"line":1,"column":55},"end":{"line":1,"column":75}},"1":{"start":{"line":5,"column":4},"end":{"line":33,"column":5}},"2":{"start":{"line":6,"column":19},"end":{"line":6,"column":59}},"3":{"start":{"line":8,"column":21},"end":{"line":8,"column":52}},"4":{"start":{"line":9,"column":6},"end":{"line":11,"column":7}},"5":{"start":{"line":10,"column":8},"end":{"line":10,"column":81}},"6":{"start":{"line":13,"column":33},"end":{"line":15,"column":8}},"7":{"start":{"line":17,"column":6},"end":{"line":19,"column":7}},"8":{"start":{"line":18,"column":8},"end":{"line":18,"column":81}},"9":{"start":{"line":21,"column":25},"end":{"line":24,"column":8}},"10":{"start":{"line":26,"column":6},"end":{"line":30,"column":9}},"11":{"start":{"line":32,"column":6},"end":{"line":32,"column":18}},"12":{"start":{"line":37,"column":4},"end":{"line":61,"column":5}},"13":{"start":{"line":38,"column":26},"end":{"line":53,"column":8}},"14":{"start":{"line":55,"column":6},"end":{"line":58,"column":9}},"15":{"start":{"line":60,"column":6},"end":{"line":60,"column":18}},"16":{"start":{"line":65,"column":4},"end":{"line":72,"column":5}},"17":{"start":{"line":66,"column":27},"end":{"line":66,"column":37}},"18":{"start":{"line":67,"column":25},"end":{"line":67,"column":95}},"19":{"start":{"line":68,"column":6},"end":{"line":68,"column":83}},"20":{"start":{"line":68,"column":23},"end":{"line":68,"column":83}},"21":{"start":{"line":69,"column":6},"end":{"line":69,"column":87}},"22":{"start":{"line":71,"column":6},"end":{"line":71,"column":18}},"23":{"start":{"line":76,"column":4},"end":{"line":101,"column":5}},"24":{"start":{"line":77,"column":27},"end":{"line":77,"column":37}},"25":{"start":{"line":78,"column":27},"end":{"line":78,"column":35}},"26":{"start":{"line":80,"column":25},"end":{"line":82,"column":8}},"27":{"start":{"line":84,"column":6},"end":{"line":86,"column":7}},"28":{"start":{"line":85,"column":8},"end":{"line":85,"column":68}},"29":{"start":{"line":88,"column":6},"end":{"line":88,"column":44}},"30":{"start":{"line":90,"column":6},"end":{"line":92,"column":7}},"31":{"start":{"line":91,"column":8},"end":{"line":91,"column":61}},"32":{"start":{"line":94,"column":6},"end":{"line":98,"column":9}},"33":{"start":{"line":100,"column":6},"end":{"line":100,"column":18}},"34":{"start":{"line":105,"column":4},"end":{"line":140,"column":5}},"35":{"start":{"line":106,"column":37},"end":{"line":106,"column":47}},"36":{"start":{"line":107,"column":21},"end":{"line":107,"column":32}},"37":{"start":{"line":108,"column":25},"end":{"line":108,"column":82}},"38":{"start":{"line":109,"column":6},"end":{"line":109,"column":83}},"39":{"start":{"line":109,"column":23},"end":{"line":109,"column":83}},"40":{"start":{"line":112,"column":21},"end":{"line":112,"column":76}},"41":{"start":{"line":113,"column":6},"end":{"line":117,"column":7}},"42":{"start":{"line":114,"column":8},"end":{"line":114,"column":107}},"43":{"start":{"line":115,"column":13},"end":{"line":117,"column":7}},"44":{"start":{"line":116,"column":8},"end":{"line":116,"column":78}},"45":{"start":{"line":120,"column":28},"end":{"line":120,"column":93}},"46":{"start":{"line":121,"column":24},"end":{"line":121,"column":52}},"47":{"start":{"line":121,"column":47},"end":{"line":121,"column":51}},"48":{"start":{"line":122,"column":29},"end":{"line":122,"column":112}},"49":{"start":{"line":123,"column":20},"end":{"line":123,"column":41}},"50":{"start":{"line":124,"column":22},"end":{"line":124,"column":79}},"51":{"start":{"line":126,"column":6},"end":{"line":126,"column":120}},"52":{"start":{"line":128,"column":6},"end":{"line":137,"column":9}},"53":{"start":{"line":139,"column":6},"end":{"line":139,"column":18}},"54":{"start":{"line":144,"column":4},"end":{"line":157,"column":5}},"55":{"start":{"line":145,"column":27},"end":{"line":145,"column":37}},"56":{"start":{"line":146,"column":21},"end":{"line":146,"column":32}},"57":{"start":{"line":147,"column":22},"end":{"line":147,"column":87}},"58":{"start":{"line":148,"column":24},"end":{"line":148,"column":46}},"59":{"start":{"line":148,"column":41},"end":{"line":148,"column":45}},"60":{"start":{"line":149,"column":6},"end":{"line":151,"column":7}},"61":{"start":{"line":150,"column":8},"end":{"line":150,"column":65}},"62":{"start":{"line":152,"column":24},"end":{"line":152,"column":135}},"63":{"start":{"line":153,"column":18},"end":{"line":153,"column":48}},"64":{"start":{"line":153,"column":37},"end":{"line":153,"column":47}},"65":{"start":{"line":154,"column":6},"end":{"line":154,"column":57}},"66":{"start":{"line":156,"column":6},"end":{"line":156,"column":18}},"67":{"start":{"line":161,"column":4},"end":{"line":181,"column":5}},"68":{"start":{"line":162,"column":27},"end":{"line":162,"column":37}},"69":{"start":{"line":164,"column":25},"end":{"line":166,"column":8}},"70":{"start":{"line":168,"column":6},"end":{"line":170,"column":7}},"71":{"start":{"line":169,"column":8},"end":{"line":169,"column":68}},"72":{"start":{"line":172,"column":6},"end":{"line":172,"column":70}},"73":{"start":{"line":174,"column":6},"end":{"line":178,"column":9}},"74":{"start":{"line":180,"column":6},"end":{"line":180,"column":18}},"75":{"start":{"line":185,"column":4},"end":{"line":208,"column":5}},"76":{"start":{"line":186,"column":24},"end":{"line":200,"column":8}},"77":{"start":{"line":202,"column":6},"end":{"line":205,"column":9}},"78":{"start":{"line":207,"column":6},"end":{"line":207,"column":18}},"79":{"start":{"line":212,"column":4},"end":{"line":220,"column":5}},"80":{"start":{"line":213,"column":27},"end":{"line":213,"column":35}},"81":{"start":{"line":214,"column":25},"end":{"line":214,"column":95}},"82":{"start":{"line":215,"column":6},"end":{"line":215,"column":83}},"83":{"start":{"line":215,"column":23},"end":{"line":215,"column":83}},"84":{"start":{"line":216,"column":6},"end":{"line":216,"column":52}},"85":{"start":{"line":217,"column":6},"end":{"line":217,"column":95}},"86":{"start":{"line":219,"column":6},"end":{"line":219,"column":18}},"87":{"start":{"line":224,"column":4},"end":{"line":232,"column":5}},"88":{"start":{"line":225,"column":27},"end":{"line":225,"column":37}},"89":{"start":{"line":226,"column":25},"end":{"line":226,"column":95}},"90":{"start":{"line":227,"column":6},"end":{"line":227,"column":83}},"91":{"start":{"line":227,"column":23},"end":{"line":227,"column":83}},"92":{"start":{"line":228,"column":6},"end":{"line":228,"column":53}},"93":{"start":{"line":229,"column":6},"end":{"line":229,"column":99}},"94":{"start":{"line":231,"column":6},"end":{"line":231,"column":18}},"95":{"start":{"line":236,"column":4},"end":{"line":255,"column":5}},"96":{"start":{"line":237,"column":27},"end":{"line":237,"column":37}},"97":{"start":{"line":239,"column":25},"end":{"line":241,"column":8}},"98":{"start":{"line":243,"column":6},"end":{"line":245,"column":7}},"99":{"start":{"line":244,"column":8},"end":{"line":244,"column":68}},"100":{"start":{"line":247,"column":6},"end":{"line":247,"column":33}},"101":{"start":{"line":249,"column":6},"end":{"line":252,"column":9}},"102":{"start":{"line":254,"column":6},"end":{"line":254,"column":18}},"103":{"start":{"line":259,"column":0},"end":{"line":259,"column":38}}},"fnMap":{"0":{"name":"(anonymous_0)","decl":{"start":{"line":4,"column":2},"end":{"line":4,"column":3}},"loc":{"start":{"line":4,"column":44},"end":{"line":34,"column":3}},"line":4},"1":{"name":"(anonymous_1)","decl":{"start":{"line":36,"column":2},"end":{"line":36,"column":3}},"loc":{"start":{"line":36,"column":48},"end":{"line":62,"column":3}},"line":36},"2":{"name":"(anonymous_2)","decl":{"start":{"line":64,"column":2},"end":{"line":64,"column":3}},"loc":{"start":{"line":64,"column":43},"end":{"line":73,"column":3}},"line":64},"3":{"name":"(anonymous_3)","decl":{"start":{"line":75,"column":2},"end":{"line":75,"column":3}},"loc":{"start":{"line":75,"column":46},"end":{"line":102,"column":3}},"line":75},"4":{"name":"(anonymous_4)","decl":{"start":{"line":104,"column":2},"end":{"line":104,"column":3}},"loc":{"start":{"line":104,"column":50},"end":{"line":141,"column":3}},"line":104},"5":{"name":"(anonymous_5)","decl":{"start":{"line":121,"column":42},"end":{"line":121,"column":43}},"loc":{"start":{"line":121,"column":47},"end":{"line":121,"column":51}},"line":121},"6":{"name":"(anonymous_6)","decl":{"start":{"line":143,"column":2},"end":{"line":143,"column":3}},"loc":{"start":{"line":143,"column":51},"end":{"line":158,"column":3}},"line":143},"7":{"name":"(anonymous_7)","decl":{"start":{"line":148,"column":36},"end":{"line":148,"column":37}},"loc":{"start":{"line":148,"column":41},"end":{"line":148,"column":45}},"line":148},"8":{"name":"(anonymous_8)","decl":{"start":{"line":153,"column":32},"end":{"line":153,"column":33}},"loc":{"start":{"line":153,"column":37},"end":{"line":153,"column":47}},"line":153},"9":{"name":"(anonymous_9)","decl":{"start":{"line":160,"column":2},"end":{"line":160,"column":3}},"loc":{"start":{"line":160,"column":46},"end":{"line":182,"column":3}},"line":160},"10":{"name":"(anonymous_10)","decl":{"start":{"line":184,"column":2},"end":{"line":184,"column":3}},"loc":{"start":{"line":184,"column":44},"end":{"line":209,"column":3}},"line":184},"11":{"name":"(anonymous_11)","decl":{"start":{"line":211,"column":2},"end":{"line":211,"column":3}},"loc":{"start":{"line":211,"column":43},"end":{"line":221,"column":3}},"line":211},"12":{"name":"(anonymous_12)","decl":{"start":{"line":223,"column":2},"end":{"line":223,"column":3}},"loc":{"start":{"line":223,"column":46},"end":{"line":233,"column":3}},"line":223},"13":{"name":"(anonymous_13)","decl":{"start":{"line":235,"column":2},"end":{"line":235,"column":3}},"loc":{"start":{"line":235,"column":46},"end":{"line":256,"column":3}},"line":235}},"branchMap":{"0":{"loc":{"start":{"line":6,"column":19},"end":{"line":6,"column":59}},"type":"binary-expr","locations":[{"start":{"line":6,"column":19},"end":{"line":6,"column":38}},{"start":{"line":6,"column":42},"end":{"line":6,"column":59}}],"line":6},"1":{"loc":{"start":{"line":9,"column":6},"end":{"line":11,"column":7}},"type":"if","locations":[{"start":{"line":9,"column":6},"end":{"line":11,"column":7}},{"start":{},"end":{}}],"line":9},"2":{"loc":{"start":{"line":9,"column":10},"end":{"line":9,"column":40}},"type":"binary-expr","locations":[{"start":{"line":9,"column":10},"end":{"line":9,"column":17}},{"start":{"line":9,"column":21},"end":{"line":9,"column":40}}],"line":9},"3":{"loc":{"start":{"line":17,"column":6},"end":{"line":19,"column":7}},"type":"if","locations":[{"start":{"line":17,"column":6},"end":{"line":19,"column":7}},{"start":{},"end":{}}],"line":17},"4":{"loc":{"start":{"line":68,"column":6},"end":{"line":68,"column":83}},"type":"if","locations":[{"start":{"line":68,"column":6},"end":{"line":68,"column":83}},{"start":{},"end":{}}],"line":68},"5":{"loc":{"start":{"line":84,"column":6},"end":{"line":86,"column":7}},"type":"if","locations":[{"start":{"line":84,"column":6},"end":{"line":86,"column":7}},{"start":{},"end":{}}],"line":84},"6":{"loc":{"start":{"line":90,"column":6},"end":{"line":92,"column":7}},"type":"if","locations":[{"start":{"line":90,"column":6},"end":{"line":92,"column":7}},{"start":{},"end":{}}],"line":90},"7":{"loc":{"start":{"line":109,"column":6},"end":{"line":109,"column":83}},"type":"if","locations":[{"start":{"line":109,"column":6},"end":{"line":109,"column":83}},{"start":{},"end":{}}],"line":109},"8":{"loc":{"start":{"line":113,"column":6},"end":{"line":117,"column":7}},"type":"if","locations":[{"start":{"line":113,"column":6},"end":{"line":117,"column":7}},{"start":{"line":115,"column":13},"end":{"line":117,"column":7}}],"line":113},"9":{"loc":{"start":{"line":115,"column":13},"end":{"line":117,"column":7}},"type":"if","locations":[{"start":{"line":115,"column":13},"end":{"line":117,"column":7}},{"start":{},"end":{}}],"line":115},"10":{"loc":{"start":{"line":123,"column":20},"end":{"line":123,"column":41}},"type":"binary-expr","locations":[{"start":{"line":123,"column":20},"end":{"line":123,"column":36}},{"start":{"line":123,"column":40},"end":{"line":123,"column":41}}],"line":123},"11":{"loc":{"start":{"line":126,"column":64},"end":{"line":126,"column":116}},"type":"cond-expr","locations":[{"start":{"line":126,"column":81},"end":{"line":126,"column":91}},{"start":{"line":126,"column":94},"end":{"line":126,"column":116}}],"line":126},"12":{"loc":{"start":{"line":149,"column":6},"end":{"line":151,"column":7}},"type":"if","locations":[{"start":{"line":149,"column":6},"end":{"line":151,"column":7}},{"start":{},"end":{}}],"line":149},"13":{"loc":{"start":{"line":168,"column":6},"end":{"line":170,"column":7}},"type":"if","locations":[{"start":{"line":168,"column":6},"end":{"line":170,"column":7}},{"start":{},"end":{}}],"line":168},"14":{"loc":{"start":{"line":176,"column":27},"end":{"line":176,"column":78}},"type":"cond-expr","locations":[{"start":{"line":176,"column":51},"end":{"line":176,"column":61}},{"start":{"line":176,"column":64},"end":{"line":176,"column":78}}],"line":176},"15":{"loc":{"start":{"line":215,"column":6},"end":{"line":215,"column":83}},"type":"if","locations":[{"start":{"line":215,"column":6},"end":{"line":215,"column":83}},{"start":{},"end":{}}],"line":215},"16":{"loc":{"start":{"line":227,"column":6},"end":{"line":227,"column":83}},"type":"if","locations":[{"start":{"line":227,"column":6},"end":{"line":227,"column":83}},{"start":{},"end":{}}],"line":227},"17":{"loc":{"start":{"line":243,"column":6},"end":{"line":245,"column":7}},"type":"if","locations":[{"start":{"line":243,"column":6},"end":{"line":245,"column":7}},{"start":{},"end":{}}],"line":243}},"s":{"0":9,"1":0,"2":0,"3":0,"4":0,"5":0,"6":0,"7":0,"8":0,"9":0,"10":0,"11":0,"12":0,"13":0,"14":0,"15":0,"16":0,"17":0,"18":0,"19":0,"20":0,"21":0,"22":0,"23":0,"24":0,"25":0,"26":0,"27":0,"28":0,"29":0,"30":0,"31":0,"32":0,"33":0,"34":0,"35":0,"36":0,"37":0,"38":0,"39":0,"40":0,"41":0,"42":0,"43":0,"44":0,"45":0,"46":0,"47":0,"48":0,"49":0,"50":0,"51":0,"52":0,"53":0,"54":0,"55":0,"56":0,"57":0,"58":0,"59":0,"60":0,"61":0,"62":0,"63":0,"64":0,"65":0,"66":0,"67":0,"68":0,"69":0,"70":0,"71":0,"72":0,"73":0,"74":0,"75":0,"76":0,"77":0,"78":0,"79":0,"80":0,"81":0,"82":0,"83":0,"84":0,"85":0,"86":0,"87":0,"88":0,"89":0,"90":0,"91":0,"92":0,"93":0,"94":0,"95":0,"96":0,"97":0,"98":0,"99":0,"100":0,"101":0,"102":0,"103":9},"f":{"0":0,"1":0,"2":0,"3":0,"4":0,"5":0,"6":0,"7":0,"8":0,"9":0,"10":0,"11":0,"12":0,"13":0},"b":{"0":[0,0],"1":[0,0],"2":[0,0],"3":[0,0],"4":[0,0],"5":[0,0],"6":[0,0],"7":[0,0],"8":[0,0],"9":[0,0],"10":[0,0],"11":[0,0],"12":[0,0],"13":[0,0],"14":[0,0],"15":[0,0],"16":[0,0],"17":[0,0]},"_coverageSchema":"1a1c01bbd47fc00a2c39e90264f33305004495a9","hash":"b6652033ec8269af72f0c8a5c6e8444ba5be7c27"}
,"C:\\Users\\radia\\OneDrive\\Documents\\Hacktiv 8\\Phase 2-1\\IP-HCK86\\server\\controllers\\userController.js": {"path":"C:\\Users\\radia\\OneDrive\\Documents\\Hacktiv 8\\Phase 2-1\\IP-HCK86\\server\\controllers\\userController.js","statementMap":{"0":{"start":{"line":1,"column":17},"end":{"line":1,"column":37}},"1":{"start":{"line":2,"column":15},"end":{"line":2,"column":35}},"2":{"start":{"line":3,"column":22},"end":{"line":3,"column":46}},"3":{"start":{"line":4,"column":12},"end":{"line":4,"column":35}},"4":{"start":{"line":5,"column":21},"end":{"line":5,"column":48}},"5":{"start":{"line":6,"column":14},"end":{"line":6,"column":39}},"6":{"start":{"line":8,"column":0},"end":{"line":8,"column":30}},"7":{"start":{"line":9,"column":14},"end":{"line":9,"column":30}},"8":{"start":{"line":13,"column":4},"end":{"line":60,"column":5}},"9":{"start":{"line":14,"column":62},"end":{"line":14,"column":70}},"10":{"start":{"line":16,"column":19},"end":{"line":21,"column":8}},"11":{"start":{"line":24,"column":6},"end":{"line":46,"column":7}},"12":{"start":{"line":25,"column":22},"end":{"line":25,"column":93}},"13":{"start":{"line":26,"column":24},"end":{"line":26,"column":78}},"14":{"start":{"line":27,"column":26},"end":{"line":27,"column":86}},"15":{"start":{"line":29,"column":8},"end":{"line":43,"column":11}},"16":{"start":{"line":45,"column":8},"end":{"line":45,"column":70}},"17":{"start":{"line":48,"column":6},"end":{"line":57,"column":9}},"18":{"start":{"line":59,"column":6},"end":{"line":59,"column":18}},"19":{"start":{"line":64,"column":4},"end":{"line":95,"column":5}},"20":{"start":{"line":65,"column":34},"end":{"line":65,"column":42}},"21":{"start":{"line":67,"column":6},"end":{"line":69,"column":7}},"22":{"start":{"line":68,"column":8},"end":{"line":68,"column":81}},"23":{"start":{"line":71,"column":19},"end":{"line":71,"column":59}},"24":{"start":{"line":73,"column":6},"end":{"line":75,"column":7}},"25":{"start":{"line":74,"column":8},"end":{"line":74,"column":77}},"26":{"start":{"line":77,"column":20},"end":{"line":77,"column":65}},"27":{"start":{"line":79,"column":6},"end":{"line":92,"column":9}},"28":{"start":{"line":94,"column":6},"end":{"line":94,"column":18}},"29":{"start":{"line":99,"column":4},"end":{"line":110,"column":5}},"30":{"start":{"line":100,"column":19},"end":{"line":102,"column":8}},"31":{"start":{"line":104,"column":6},"end":{"line":107,"column":9}},"32":{"start":{"line":109,"column":6},"end":{"line":109,"column":18}},"33":{"start":{"line":114,"column":4},"end":{"line":145,"column":5}},"34":{"start":{"line":115,"column":77},"end":{"line":115,"column":85}},"35":{"start":{"line":117,"column":22},"end":{"line":117,"column":24}},"36":{"start":{"line":118,"column":6},"end":{"line":118,"column":62}},"37":{"start":{"line":118,"column":34},"end":{"line":118,"column":62}},"38":{"start":{"line":119,"column":6},"end":{"line":119,"column":71}},"39":{"start":{"line":119,"column":37},"end":{"line":119,"column":71}},"40":{"start":{"line":120,"column":6},"end":{"line":130,"column":7}},"41":{"start":{"line":122,"column":8},"end":{"line":129,"column":9}},"42":{"start":{"line":123,"column":10},"end":{"line":123,"column":35}},"43":{"start":{"line":124,"column":15},"end":{"line":129,"column":9}},"44":{"start":{"line":125,"column":10},"end":{"line":125,"column":40}},"45":{"start":{"line":128,"column":10},"end":{"line":128,"column":93}},"46":{"start":{"line":131,"column":6},"end":{"line":131,"column":47}},"47":{"start":{"line":131,"column":29},"end":{"line":131,"column":47}},"48":{"start":{"line":132,"column":6},"end":{"line":132,"column":95}},"49":{"start":{"line":132,"column":45},"end":{"line":132,"column":95}},"50":{"start":{"line":134,"column":6},"end":{"line":134,"column":65}},"51":{"start":{"line":136,"column":26},"end":{"line":136,"column":101}},"52":{"start":{"line":138,"column":6},"end":{"line":142,"column":9}},"53":{"start":{"line":144,"column":6},"end":{"line":144,"column":18}},"54":{"start":{"line":149,"column":4},"end":{"line":156,"column":5}},"55":{"start":{"line":150,"column":19},"end":{"line":150,"column":51}},"56":{"start":{"line":151,"column":6},"end":{"line":151,"column":71}},"57":{"start":{"line":151,"column":17},"end":{"line":151,"column":71}},"58":{"start":{"line":152,"column":6},"end":{"line":152,"column":27}},"59":{"start":{"line":153,"column":6},"end":{"line":153,"column":74}},"60":{"start":{"line":155,"column":6},"end":{"line":155,"column":18}},"61":{"start":{"line":160,"column":4},"end":{"line":192,"column":5}},"62":{"start":{"line":161,"column":52},"end":{"line":161,"column":61}},"63":{"start":{"line":162,"column":20},"end":{"line":162,"column":22}},"64":{"start":{"line":163,"column":6},"end":{"line":168,"column":7}},"65":{"start":{"line":164,"column":8},"end":{"line":167,"column":10}},"66":{"start":{"line":170,"column":21},"end":{"line":176,"column":8}},"67":{"start":{"line":178,"column":6},"end":{"line":189,"column":9}},"68":{"start":{"line":191,"column":6},"end":{"line":191,"column":18}},"69":{"start":{"line":196,"column":4},"end":{"line":238,"column":5}},"70":{"start":{"line":197,"column":26},"end":{"line":197,"column":34}},"71":{"start":{"line":198,"column":6},"end":{"line":198,"column":81}},"72":{"start":{"line":198,"column":20},"end":{"line":198,"column":81}},"73":{"start":{"line":200,"column":6},"end":{"line":202,"column":7}},"74":{"start":{"line":201,"column":8},"end":{"line":201,"column":96}},"75":{"start":{"line":204,"column":22},"end":{"line":204,"column":63}},"76":{"start":{"line":205,"column":20},"end":{"line":205,"column":33}},"77":{"start":{"line":206,"column":23},"end":{"line":206,"column":58}},"78":{"start":{"line":207,"column":22},"end":{"line":207,"column":45}},"79":{"start":{"line":209,"column":17},"end":{"line":209,"column":57}},"80":{"start":{"line":210,"column":6},"end":{"line":219,"column":7}},"81":{"start":{"line":211,"column":8},"end":{"line":218,"column":11}},"82":{"start":{"line":221,"column":20},"end":{"line":221,"column":65}},"83":{"start":{"line":222,"column":6},"end":{"line":235,"column":9}},"84":{"start":{"line":237,"column":6},"end":{"line":237,"column":18}},"85":{"start":{"line":243,"column":4},"end":{"line":329,"column":5}},"86":{"start":{"line":244,"column":36},"end":{"line":244,"column":44}},"87":{"start":{"line":245,"column":6},"end":{"line":247,"column":7}},"88":{"start":{"line":246,"column":8},"end":{"line":246,"column":76}},"89":{"start":{"line":250,"column":35},"end":{"line":250,"column":123}},"90":{"start":{"line":252,"column":23},"end":{"line":252,"column":51}},"91":{"start":{"line":253,"column":27},"end":{"line":253,"column":59}},"92":{"start":{"line":254,"column":6},"end":{"line":260,"column":7}},"93":{"start":{"line":255,"column":24},"end":{"line":258,"column":36}},"94":{"start":{"line":259,"column":8},"end":{"line":259,"column":100}},"95":{"start":{"line":264,"column":6},"end":{"line":280,"column":7}},"96":{"start":{"line":265,"column":21},"end":{"line":265,"column":42}},"97":{"start":{"line":266,"column":8},"end":{"line":266,"column":34}},"98":{"start":{"line":267,"column":8},"end":{"line":267,"column":43}},"99":{"start":{"line":268,"column":8},"end":{"line":268,"column":51}},"100":{"start":{"line":269,"column":8},"end":{"line":269,"column":58}},"101":{"start":{"line":270,"column":8},"end":{"line":270,"column":56}},"102":{"start":{"line":272,"column":8},"end":{"line":274,"column":11}},"103":{"start":{"line":276,"column":23},"end":{"line":276,"column":131}},"104":{"start":{"line":277,"column":8},"end":{"line":277,"column":32}},"105":{"start":{"line":278,"column":8},"end":{"line":278,"column":64}},"106":{"start":{"line":279,"column":8},"end":{"line":279,"column":18}},"107":{"start":{"line":281,"column":41},"end":{"line":281,"column":54}},"108":{"start":{"line":285,"column":6},"end":{"line":294,"column":7}},"109":{"start":{"line":286,"column":8},"end":{"line":288,"column":11}},"110":{"start":{"line":290,"column":23},"end":{"line":290,"column":131}},"111":{"start":{"line":291,"column":8},"end":{"line":291,"column":32}},"112":{"start":{"line":292,"column":8},"end":{"line":292,"column":64}},"113":{"start":{"line":293,"column":8},"end":{"line":293,"column":18}},"114":{"start":{"line":295,"column":39},"end":{"line":295,"column":51}},"115":{"start":{"line":297,"column":6},"end":{"line":297,"column":98}},"116":{"start":{"line":297,"column":18},"end":{"line":297,"column":98}},"117":{"start":{"line":299,"column":17},"end":{"line":299,"column":57}},"118":{"start":{"line":300,"column":6},"end":{"line":309,"column":7}},"119":{"start":{"line":301,"column":8},"end":{"line":308,"column":11}},"120":{"start":{"line":311,"column":20},"end":{"line":311,"column":65}},"121":{"start":{"line":312,"column":6},"end":{"line":326,"column":9}},"122":{"start":{"line":328,"column":6},"end":{"line":328,"column":18}},"123":{"start":{"line":333,"column":19},"end":{"line":333,"column":53}},"124":{"start":{"line":334,"column":4},"end":{"line":334,"column":52}},"125":{"start":{"line":338,"column":19},"end":{"line":338,"column":53}},"126":{"start":{"line":339,"column":4},"end":{"line":339,"column":37}},"127":{"start":{"line":343,"column":4},"end":{"line":368,"column":5}},"128":{"start":{"line":344,"column":19},"end":{"line":344,"column":51}},"129":{"start":{"line":345,"column":6},"end":{"line":345,"column":71}},"130":{"start":{"line":345,"column":17},"end":{"line":345,"column":71}},"131":{"start":{"line":346,"column":6},"end":{"line":348,"column":7}},"132":{"start":{"line":347,"column":8},"end":{"line":347,"column":90}},"133":{"start":{"line":350,"column":20},"end":{"line":350,"column":81}},"134":{"start":{"line":351,"column":22},"end":{"line":351,"column":76}},"135":{"start":{"line":352,"column":24},"end":{"line":352,"column":84}},"136":{"start":{"line":354,"column":6},"end":{"line":363,"column":9}},"137":{"start":{"line":365,"column":6},"end":{"line":365,"column":82}},"138":{"start":{"line":367,"column":6},"end":{"line":367,"column":18}},"139":{"start":{"line":372,"column":4},"end":{"line":390,"column":5}},"140":{"start":{"line":373,"column":24},"end":{"line":373,"column":32}},"141":{"start":{"line":374,"column":6},"end":{"line":374,"column":77}},"142":{"start":{"line":374,"column":18},"end":{"line":374,"column":77}},"143":{"start":{"line":375,"column":22},"end":{"line":375,"column":51}},"144":{"start":{"line":376,"column":6},"end":{"line":376,"column":97}},"145":{"start":{"line":376,"column":37},"end":{"line":376,"column":97}},"146":{"start":{"line":378,"column":19},"end":{"line":378,"column":51}},"147":{"start":{"line":379,"column":6},"end":{"line":379,"column":71}},"148":{"start":{"line":379,"column":17},"end":{"line":379,"column":71}},"149":{"start":{"line":380,"column":6},"end":{"line":383,"column":7}},"150":{"start":{"line":381,"column":8},"end":{"line":381,"column":31}},"151":{"start":{"line":382,"column":8},"end":{"line":382,"column":26}},"152":{"start":{"line":384,"column":6},"end":{"line":384,"column":73}},"153":{"start":{"line":386,"column":6},"end":{"line":388,"column":7}},"154":{"start":{"line":387,"column":8},"end":{"line":387,"column":65}},"155":{"start":{"line":389,"column":6},"end":{"line":389,"column":18}},"156":{"start":{"line":394,"column":4},"end":{"line":422,"column":5}},"157":{"start":{"line":395,"column":24},"end":{"line":395,"column":32}},"158":{"start":{"line":396,"column":6},"end":{"line":396,"column":77}},"159":{"start":{"line":396,"column":18},"end":{"line":396,"column":77}},"160":{"start":{"line":397,"column":19},"end":{"line":397,"column":59}},"161":{"start":{"line":399,"column":6},"end":{"line":417,"column":7}},"162":{"start":{"line":400,"column":22},"end":{"line":400,"column":82}},"163":{"start":{"line":401,"column":24},"end":{"line":401,"column":78}},"164":{"start":{"line":402,"column":25},"end":{"line":402,"column":87}},"165":{"start":{"line":403,"column":8},"end":{"line":416,"column":9}},"166":{"start":{"line":404,"column":10},"end":{"line":413,"column":13}},"167":{"start":{"line":415,"column":10},"end":{"line":415,"column":75}},"168":{"start":{"line":419,"column":6},"end":{"line":419,"column":106}},"169":{"start":{"line":421,"column":6},"end":{"line":421,"column":18}},"170":{"start":{"line":426,"column":4},"end":{"line":446,"column":5}},"171":{"start":{"line":427,"column":37},"end":{"line":427,"column":45}},"172":{"start":{"line":428,"column":6},"end":{"line":428,"column":110}},"173":{"start":{"line":428,"column":34},"end":{"line":428,"column":110}},"174":{"start":{"line":429,"column":6},"end":{"line":429,"column":122}},"175":{"start":{"line":429,"column":42},"end":{"line":429,"column":122}},"176":{"start":{"line":431,"column":22},"end":{"line":431,"column":51}},"177":{"start":{"line":432,"column":6},"end":{"line":432,"column":96}},"178":{"start":{"line":432,"column":36},"end":{"line":432,"column":96}},"179":{"start":{"line":434,"column":19},"end":{"line":434,"column":51}},"180":{"start":{"line":435,"column":6},"end":{"line":435,"column":71}},"181":{"start":{"line":435,"column":17},"end":{"line":435,"column":71}},"182":{"start":{"line":437,"column":6},"end":{"line":437,"column":34}},"183":{"start":{"line":438,"column":6},"end":{"line":438,"column":24}},"184":{"start":{"line":440,"column":6},"end":{"line":440,"column":82}},"185":{"start":{"line":442,"column":6},"end":{"line":444,"column":7}},"186":{"start":{"line":443,"column":8},"end":{"line":443,"column":65}},"187":{"start":{"line":445,"column":6},"end":{"line":445,"column":18}},"188":{"start":{"line":452,"column":4},"end":{"line":489,"column":5}},"189":{"start":{"line":453,"column":111},"end":{"line":453,"column":119}},"190":{"start":{"line":454,"column":6},"end":{"line":456,"column":7}},"191":{"start":{"line":455,"column":8},"end":{"line":455,"column":92}},"192":{"start":{"line":458,"column":28},"end":{"line":458,"column":96}},"193":{"start":{"line":459,"column":24},"end":{"line":459,"column":78}},"194":{"start":{"line":461,"column":21},"end":{"line":461,"column":61}},"195":{"start":{"line":462,"column":6},"end":{"line":462,"column":95}},"196":{"start":{"line":462,"column":18},"end":{"line":462,"column":95}},"197":{"start":{"line":464,"column":19},"end":{"line":473,"column":8}},"198":{"start":{"line":475,"column":6},"end":{"line":486,"column":9}},"199":{"start":{"line":488,"column":6},"end":{"line":488,"column":18}},"200":{"start":{"line":494,"column":4},"end":{"line":527,"column":5}},"201":{"start":{"line":495,"column":58},"end":{"line":495,"column":67}},"202":{"start":{"line":496,"column":20},"end":{"line":496,"column":22}},"203":{"start":{"line":497,"column":6},"end":{"line":497,"column":87}},"204":{"start":{"line":497,"column":69},"end":{"line":497,"column":87}},"205":{"start":{"line":498,"column":6},"end":{"line":503,"column":7}},"206":{"start":{"line":499,"column":8},"end":{"line":502,"column":10}},"207":{"start":{"line":505,"column":21},"end":{"line":511,"column":8}},"208":{"start":{"line":513,"column":6},"end":{"line":524,"column":9}},"209":{"start":{"line":526,"column":6},"end":{"line":526,"column":18}},"210":{"start":{"line":532,"column":4},"end":{"line":542,"column":5}},"211":{"start":{"line":533,"column":21},"end":{"line":533,"column":31}},"212":{"start":{"line":536,"column":19},"end":{"line":536,"column":85}},"213":{"start":{"line":537,"column":6},"end":{"line":537,"column":71}},"214":{"start":{"line":537,"column":17},"end":{"line":537,"column":71}},"215":{"start":{"line":539,"column":6},"end":{"line":539,"column":58}},"216":{"start":{"line":541,"column":6},"end":{"line":541,"column":18}},"217":{"start":{"line":547,"column":4},"end":{"line":576,"column":5}},"218":{"start":{"line":548,"column":21},"end":{"line":548,"column":31}},"219":{"start":{"line":549,"column":21},"end":{"line":549,"column":55}},"220":{"start":{"line":550,"column":22},"end":{"line":550,"column":47}},"221":{"start":{"line":551,"column":6},"end":{"line":551,"column":85}},"222":{"start":{"line":551,"column":31},"end":{"line":551,"column":85}},"223":{"start":{"line":553,"column":22},"end":{"line":553,"column":24}},"224":{"start":{"line":554,"column":92},"end":{"line":554,"column":100}},"225":{"start":{"line":555,"column":6},"end":{"line":555,"column":62}},"226":{"start":{"line":555,"column":34},"end":{"line":555,"column":62}},"227":{"start":{"line":556,"column":6},"end":{"line":556,"column":80}},"228":{"start":{"line":556,"column":40},"end":{"line":556,"column":80}},"229":{"start":{"line":557,"column":6},"end":{"line":557,"column":95}},"230":{"start":{"line":557,"column":45},"end":{"line":557,"column":95}},"231":{"start":{"line":558,"column":6},"end":{"line":558,"column":62}},"232":{"start":{"line":558,"column":34},"end":{"line":558,"column":62}},"233":{"start":{"line":559,"column":6},"end":{"line":567,"column":7}},"234":{"start":{"line":560,"column":8},"end":{"line":565,"column":9}},"235":{"start":{"line":561,"column":10},"end":{"line":563,"column":11}},"236":{"start":{"line":562,"column":12},"end":{"line":562,"column":66}},"237":{"start":{"line":564,"column":10},"end":{"line":564,"column":30}},"238":{"start":{"line":566,"column":8},"end":{"line":566,"column":72}},"239":{"start":{"line":566,"column":38},"end":{"line":566,"column":72}},"240":{"start":{"line":569,"column":6},"end":{"line":569,"column":52}},"241":{"start":{"line":570,"column":22},"end":{"line":570,"column":88}},"242":{"start":{"line":571,"column":6},"end":{"line":571,"column":74}},"243":{"start":{"line":571,"column":20},"end":{"line":571,"column":74}},"244":{"start":{"line":573,"column":6},"end":{"line":573,"column":86}},"245":{"start":{"line":575,"column":6},"end":{"line":575,"column":18}},"246":{"start":{"line":581,"column":4},"end":{"line":592,"column":5}},"247":{"start":{"line":582,"column":21},"end":{"line":582,"column":31}},"248":{"start":{"line":583,"column":21},"end":{"line":583,"column":55}},"249":{"start":{"line":584,"column":22},"end":{"line":584,"column":47}},"250":{"start":{"line":585,"column":6},"end":{"line":585,"column":85}},"251":{"start":{"line":585,"column":31},"end":{"line":585,"column":85}},"252":{"start":{"line":586,"column":19},"end":{"line":586,"column":42}},"253":{"start":{"line":587,"column":6},"end":{"line":587,"column":71}},"254":{"start":{"line":587,"column":17},"end":{"line":587,"column":71}},"255":{"start":{"line":588,"column":6},"end":{"line":588,"column":27}},"256":{"start":{"line":589,"column":6},"end":{"line":589,"column":71}},"257":{"start":{"line":591,"column":6},"end":{"line":591,"column":18}},"258":{"start":{"line":596,"column":0},"end":{"line":596,"column":32}}},"fnMap":{"0":{"name":"(anonymous_0)","decl":{"start":{"line":12,"column":2},"end":{"line":12,"column":3}},"loc":{"start":{"line":12,"column":40},"end":{"line":61,"column":3}},"line":12},"1":{"name":"(anonymous_1)","decl":{"start":{"line":63,"column":2},"end":{"line":63,"column":3}},"loc":{"start":{"line":63,"column":37},"end":{"line":96,"column":3}},"line":63},"2":{"name":"(anonymous_2)","decl":{"start":{"line":98,"column":2},"end":{"line":98,"column":3}},"loc":{"start":{"line":98,"column":42},"end":{"line":111,"column":3}},"line":98},"3":{"name":"(anonymous_3)","decl":{"start":{"line":113,"column":2},"end":{"line":113,"column":3}},"loc":{"start":{"line":113,"column":45},"end":{"line":146,"column":3}},"line":113},"4":{"name":"(anonymous_4)","decl":{"start":{"line":148,"column":2},"end":{"line":148,"column":3}},"loc":{"start":{"line":148,"column":45},"end":{"line":157,"column":3}},"line":148},"5":{"name":"(anonymous_5)","decl":{"start":{"line":159,"column":2},"end":{"line":159,"column":3}},"loc":{"start":{"line":159,"column":43},"end":{"line":193,"column":3}},"line":159},"6":{"name":"(anonymous_6)","decl":{"start":{"line":195,"column":2},"end":{"line":195,"column":3}},"loc":{"start":{"line":195,"column":44},"end":{"line":239,"column":3}},"line":195},"7":{"name":"(anonymous_7)","decl":{"start":{"line":242,"column":2},"end":{"line":242,"column":3}},"loc":{"start":{"line":242,"column":43},"end":{"line":330,"column":3}},"line":242},"8":{"name":"(anonymous_8)","decl":{"start":{"line":332,"column":2},"end":{"line":332,"column":3}},"loc":{"start":{"line":332,"column":46},"end":{"line":335,"column":3}},"line":332},"9":{"name":"(anonymous_9)","decl":{"start":{"line":337,"column":2},"end":{"line":337,"column":3}},"loc":{"start":{"line":337,"column":34},"end":{"line":340,"column":3}},"line":337},"10":{"name":"(anonymous_10)","decl":{"start":{"line":342,"column":2},"end":{"line":342,"column":3}},"loc":{"start":{"line":342,"column":56},"end":{"line":369,"column":3}},"line":342},"11":{"name":"(anonymous_11)","decl":{"start":{"line":371,"column":2},"end":{"line":371,"column":3}},"loc":{"start":{"line":371,"column":43},"end":{"line":391,"column":3}},"line":371},"12":{"name":"(anonymous_12)","decl":{"start":{"line":393,"column":2},"end":{"line":393,"column":3}},"loc":{"start":{"line":393,"column":46},"end":{"line":423,"column":3}},"line":393},"13":{"name":"(anonymous_13)","decl":{"start":{"line":425,"column":2},"end":{"line":425,"column":3}},"loc":{"start":{"line":425,"column":45},"end":{"line":447,"column":3}},"line":425},"14":{"name":"(anonymous_14)","decl":{"start":{"line":451,"column":2},"end":{"line":451,"column":3}},"loc":{"start":{"line":451,"column":42},"end":{"line":490,"column":3}},"line":451},"15":{"name":"(anonymous_15)","decl":{"start":{"line":493,"column":2},"end":{"line":493,"column":3}},"loc":{"start":{"line":493,"column":40},"end":{"line":528,"column":3}},"line":493},"16":{"name":"(anonymous_16)","decl":{"start":{"line":531,"column":2},"end":{"line":531,"column":3}},"loc":{"start":{"line":531,"column":43},"end":{"line":543,"column":3}},"line":531},"17":{"name":"(anonymous_17)","decl":{"start":{"line":546,"column":2},"end":{"line":546,"column":3}},"loc":{"start":{"line":546,"column":42},"end":{"line":577,"column":3}},"line":546},"18":{"name":"(anonymous_18)","decl":{"start":{"line":580,"column":2},"end":{"line":580,"column":3}},"loc":{"start":{"line":580,"column":42},"end":{"line":593,"column":3}},"line":580}},"branchMap":{"0":{"loc":{"start":{"line":14,"column":41},"end":{"line":14,"column":57}},"type":"default-arg","locations":[{"start":{"line":14,"column":48},"end":{"line":14,"column":57}}],"line":14},"1":{"loc":{"start":{"line":26,"column":24},"end":{"line":26,"column":78}},"type":"binary-expr","locations":[{"start":{"line":26,"column":24},"end":{"line":26,"column":51}},{"start":{"line":26,"column":55},"end":{"line":26,"column":78}}],"line":26},"2":{"loc":{"start":{"line":67,"column":6},"end":{"line":69,"column":7}},"type":"if","locations":[{"start":{"line":67,"column":6},"end":{"line":69,"column":7}},{"start":{},"end":{}}],"line":67},"3":{"loc":{"start":{"line":67,"column":10},"end":{"line":67,"column":29}},"type":"binary-expr","locations":[{"start":{"line":67,"column":10},"end":{"line":67,"column":16}},{"start":{"line":67,"column":20},"end":{"line":67,"column":29}}],"line":67},"4":{"loc":{"start":{"line":73,"column":6},"end":{"line":75,"column":7}},"type":"if","locations":[{"start":{"line":73,"column":6},"end":{"line":75,"column":7}},{"start":{},"end":{}}],"line":73},"5":{"loc":{"start":{"line":73,"column":10},"end":{"line":73,"column":48}},"type":"binary-expr","locations":[{"start":{"line":73,"column":10},"end":{"line":73,"column":15}},{"start":{"line":73,"column":19},"end":{"line":73,"column":48}}],"line":73},"6":{"loc":{"start":{"line":118,"column":6},"end":{"line":118,"column":62}},"type":"if","locations":[{"start":{"line":118,"column":6},"end":{"line":118,"column":62}},{"start":{},"end":{}}],"line":118},"7":{"loc":{"start":{"line":119,"column":6},"end":{"line":119,"column":71}},"type":"if","locations":[{"start":{"line":119,"column":6},"end":{"line":119,"column":71}},{"start":{},"end":{}}],"line":119},"8":{"loc":{"start":{"line":120,"column":6},"end":{"line":130,"column":7}},"type":"if","locations":[{"start":{"line":120,"column":6},"end":{"line":130,"column":7}},{"start":{},"end":{}}],"line":120},"9":{"loc":{"start":{"line":122,"column":8},"end":{"line":129,"column":9}},"type":"if","locations":[{"start":{"line":122,"column":8},"end":{"line":129,"column":9}},{"start":{"line":124,"column":15},"end":{"line":129,"column":9}}],"line":122},"10":{"loc":{"start":{"line":122,"column":12},"end":{"line":122,"column":50}},"type":"binary-expr","locations":[{"start":{"line":122,"column":12},"end":{"line":122,"column":28}},{"start":{"line":122,"column":32},"end":{"line":122,"column":50}}],"line":122},"11":{"loc":{"start":{"line":124,"column":15},"end":{"line":129,"column":9}},"type":"if","locations":[{"start":{"line":124,"column":15},"end":{"line":129,"column":9}},{"start":{"line":126,"column":15},"end":{"line":129,"column":9}}],"line":124},"12":{"loc":{"start":{"line":131,"column":6},"end":{"line":131,"column":47}},"type":"if","locations":[{"start":{"line":131,"column":6},"end":{"line":131,"column":47}},{"start":{},"end":{}}],"line":131},"13":{"loc":{"start":{"line":132,"column":6},"end":{"line":132,"column":95}},"type":"if","locations":[{"start":{"line":132,"column":6},"end":{"line":132,"column":95}},{"start":{},"end":{}}],"line":132},"14":{"loc":{"start":{"line":151,"column":6},"end":{"line":151,"column":71}},"type":"if","locations":[{"start":{"line":151,"column":6},"end":{"line":151,"column":71}},{"start":{},"end":{}}],"line":151},"15":{"loc":{"start":{"line":161,"column":14},"end":{"line":161,"column":22}},"type":"default-arg","locations":[{"start":{"line":161,"column":21},"end":{"line":161,"column":22}}],"line":161},"16":{"loc":{"start":{"line":161,"column":24},"end":{"line":161,"column":34}},"type":"default-arg","locations":[{"start":{"line":161,"column":32},"end":{"line":161,"column":34}}],"line":161},"17":{"loc":{"start":{"line":161,"column":36},"end":{"line":161,"column":47}},"type":"default-arg","locations":[{"start":{"line":161,"column":45},"end":{"line":161,"column":47}}],"line":161},"18":{"loc":{"start":{"line":163,"column":6},"end":{"line":168,"column":7}},"type":"if","locations":[{"start":{"line":163,"column":6},"end":{"line":168,"column":7}},{"start":{},"end":{}}],"line":163},"19":{"loc":{"start":{"line":198,"column":6},"end":{"line":198,"column":81}},"type":"if","locations":[{"start":{"line":198,"column":6},"end":{"line":198,"column":81}},{"start":{},"end":{}}],"line":198},"20":{"loc":{"start":{"line":200,"column":6},"end":{"line":202,"column":7}},"type":"if","locations":[{"start":{"line":200,"column":6},"end":{"line":202,"column":7}},{"start":{},"end":{}}],"line":200},"21":{"loc":{"start":{"line":206,"column":23},"end":{"line":206,"column":58}},"type":"binary-expr","locations":[{"start":{"line":206,"column":23},"end":{"line":206,"column":35}},{"start":{"line":206,"column":39},"end":{"line":206,"column":58}}],"line":206},"22":{"loc":{"start":{"line":207,"column":22},"end":{"line":207,"column":45}},"type":"binary-expr","locations":[{"start":{"line":207,"column":22},"end":{"line":207,"column":37}},{"start":{"line":207,"column":41},"end":{"line":207,"column":45}}],"line":207},"23":{"loc":{"start":{"line":210,"column":6},"end":{"line":219,"column":7}},"type":"if","locations":[{"start":{"line":210,"column":6},"end":{"line":219,"column":7}},{"start":{},"end":{}}],"line":210},"24":{"loc":{"start":{"line":245,"column":6},"end":{"line":247,"column":7}},"type":"if","locations":[{"start":{"line":245,"column":6},"end":{"line":247,"column":7}},{"start":{},"end":{}}],"line":245},"25":{"loc":{"start":{"line":250,"column":35},"end":{"line":250,"column":123}},"type":"binary-expr","locations":[{"start":{"line":250,"column":35},"end":{"line":250,"column":46}},{"start":{"line":250,"column":50},"end":{"line":250,"column":80}},{"start":{"line":250,"column":84},"end":{"line":250,"column":123}}],"line":250},"26":{"loc":{"start":{"line":254,"column":6},"end":{"line":260,"column":7}},"type":"if","locations":[{"start":{"line":254,"column":6},"end":{"line":260,"column":7}},{"start":{},"end":{}}],"line":254},"27":{"loc":{"start":{"line":254,"column":10},"end":{"line":254,"column":36}},"type":"binary-expr","locations":[{"start":{"line":254,"column":10},"end":{"line":254,"column":19}},{"start":{"line":254,"column":23},"end":{"line":254,"column":36}}],"line":254},"28":{"loc":{"start":{"line":256,"column":10},"end":{"line":256,"column":47}},"type":"cond-expr","locations":[{"start":{"line":256,"column":22},"end":{"line":256,"column":40}},{"start":{"line":256,"column":43},"end":{"line":256,"column":47}}],"line":256},"29":{"loc":{"start":{"line":257,"column":10},"end":{"line":257,"column":55}},"type":"cond-expr","locations":[{"start":{"line":257,"column":26},"end":{"line":257,"column":48}},{"start":{"line":257,"column":51},"end":{"line":257,"column":55}}],"line":257},"30":{"loc":{"start":{"line":276,"column":23},"end":{"line":276,"column":131}},"type":"binary-expr","locations":[{"start":{"line":276,"column":23},"end":{"line":276,"column":60}},{"start":{"line":276,"column":64},"end":{"line":276,"column":89}},{"start":{"line":276,"column":93},"end":{"line":276,"column":104}},{"start":{"line":276,"column":108},"end":{"line":276,"column":131}}],"line":276},"31":{"loc":{"start":{"line":290,"column":23},"end":{"line":290,"column":131}},"type":"binary-expr","locations":[{"start":{"line":290,"column":23},"end":{"line":290,"column":60}},{"start":{"line":290,"column":64},"end":{"line":290,"column":89}},{"start":{"line":290,"column":93},"end":{"line":290,"column":104}},{"start":{"line":290,"column":108},"end":{"line":290,"column":131}}],"line":290},"32":{"loc":{"start":{"line":297,"column":6},"end":{"line":297,"column":98}},"type":"if","locations":[{"start":{"line":297,"column":6},"end":{"line":297,"column":98}},{"start":{},"end":{}}],"line":297},"33":{"loc":{"start":{"line":300,"column":6},"end":{"line":309,"column":7}},"type":"if","locations":[{"start":{"line":300,"column":6},"end":{"line":309,"column":7}},{"start":{},"end":{}}],"line":300},"34":{"loc":{"start":{"line":304,"column":20},"end":{"line":304,"column":47}},"type":"binary-expr","locations":[{"start":{"line":304,"column":20},"end":{"line":304,"column":24}},{"start":{"line":304,"column":28},"end":{"line":304,"column":47}}],"line":304},"35":{"loc":{"start":{"line":306,"column":26},"end":{"line":306,"column":41}},"type":"binary-expr","locations":[{"start":{"line":306,"column":26},"end":{"line":306,"column":33}},{"start":{"line":306,"column":37},"end":{"line":306,"column":41}}],"line":306},"36":{"loc":{"start":{"line":333,"column":19},"end":{"line":333,"column":53}},"type":"binary-expr","locations":[{"start":{"line":333,"column":19},"end":{"line":333,"column":41}},{"start":{"line":333,"column":45},"end":{"line":333,"column":53}}],"line":333},"37":{"loc":{"start":{"line":338,"column":19},"end":{"line":338,"column":53}},"type":"binary-expr","locations":[{"start":{"line":338,"column":19},"end":{"line":338,"column":41}},{"start":{"line":338,"column":45},"end":{"line":338,"column":53}}],"line":338},"38":{"loc":{"start":{"line":345,"column":6},"end":{"line":345,"column":71}},"type":"if","locations":[{"start":{"line":345,"column":6},"end":{"line":345,"column":71}},{"start":{},"end":{}}],"line":345},"39":{"loc":{"start":{"line":346,"column":6},"end":{"line":348,"column":7}},"type":"if","locations":[{"start":{"line":346,"column":6},"end":{"line":348,"column":7}},{"start":{},"end":{}}],"line":346},"40":{"loc":{"start":{"line":351,"column":22},"end":{"line":351,"column":76}},"type":"binary-expr","locations":[{"start":{"line":351,"column":22},"end":{"line":351,"column":49}},{"start":{"line":351,"column":53},"end":{"line":351,"column":76}}],"line":351},"41":{"loc":{"start":{"line":374,"column":6},"end":{"line":374,"column":77}},"type":"if","locations":[{"start":{"line":374,"column":6},"end":{"line":374,"column":77}},{"start":{},"end":{}}],"line":374},"42":{"loc":{"start":{"line":376,"column":6},"end":{"line":376,"column":97}},"type":"if","locations":[{"start":{"line":376,"column":6},"end":{"line":376,"column":97}},{"start":{},"end":{}}],"line":376},"43":{"loc":{"start":{"line":379,"column":6},"end":{"line":379,"column":71}},"type":"if","locations":[{"start":{"line":379,"column":6},"end":{"line":379,"column":71}},{"start":{},"end":{}}],"line":379},"44":{"loc":{"start":{"line":380,"column":6},"end":{"line":383,"column":7}},"type":"if","locations":[{"start":{"line":380,"column":6},"end":{"line":383,"column":7}},{"start":{},"end":{}}],"line":380},"45":{"loc":{"start":{"line":386,"column":6},"end":{"line":388,"column":7}},"type":"if","locations":[{"start":{"line":386,"column":6},"end":{"line":388,"column":7}},{"start":{},"end":{}}],"line":386},"46":{"loc":{"start":{"line":396,"column":6},"end":{"line":396,"column":77}},"type":"if","locations":[{"start":{"line":396,"column":6},"end":{"line":396,"column":77}},{"start":{},"end":{}}],"line":396},"47":{"loc":{"start":{"line":399,"column":6},"end":{"line":417,"column":7}},"type":"if","locations":[{"start":{"line":399,"column":6},"end":{"line":417,"column":7}},{"start":{},"end":{}}],"line":399},"48":{"loc":{"start":{"line":401,"column":24},"end":{"line":401,"column":78}},"type":"binary-expr","locations":[{"start":{"line":401,"column":24},"end":{"line":401,"column":51}},{"start":{"line":401,"column":55},"end":{"line":401,"column":78}}],"line":401},"49":{"loc":{"start":{"line":428,"column":6},"end":{"line":428,"column":110}},"type":"if","locations":[{"start":{"line":428,"column":6},"end":{"line":428,"column":110}},{"start":{},"end":{}}],"line":428},"50":{"loc":{"start":{"line":428,"column":10},"end":{"line":428,"column":32}},"type":"binary-expr","locations":[{"start":{"line":428,"column":10},"end":{"line":428,"column":16}},{"start":{"line":428,"column":20},"end":{"line":428,"column":32}}],"line":428},"51":{"loc":{"start":{"line":429,"column":6},"end":{"line":429,"column":122}},"type":"if","locations":[{"start":{"line":429,"column":6},"end":{"line":429,"column":122}},{"start":{},"end":{}}],"line":429},"52":{"loc":{"start":{"line":432,"column":6},"end":{"line":432,"column":96}},"type":"if","locations":[{"start":{"line":432,"column":6},"end":{"line":432,"column":96}},{"start":{},"end":{}}],"line":432},"53":{"loc":{"start":{"line":435,"column":6},"end":{"line":435,"column":71}},"type":"if","locations":[{"start":{"line":435,"column":6},"end":{"line":435,"column":71}},{"start":{},"end":{}}],"line":435},"54":{"loc":{"start":{"line":442,"column":6},"end":{"line":444,"column":7}},"type":"if","locations":[{"start":{"line":442,"column":6},"end":{"line":444,"column":7}},{"start":{},"end":{}}],"line":442},"55":{"loc":{"start":{"line":453,"column":41},"end":{"line":453,"column":57}},"type":"default-arg","locations":[{"start":{"line":453,"column":48},"end":{"line":453,"column":57}}],"line":453},"56":{"loc":{"start":{"line":454,"column":6},"end":{"line":456,"column":7}},"type":"if","locations":[{"start":{"line":454,"column":6},"end":{"line":456,"column":7}},{"start":{},"end":{}}],"line":454},"57":{"loc":{"start":{"line":454,"column":10},"end":{"line":454,"column":42}},"type":"binary-expr","locations":[{"start":{"line":454,"column":10},"end":{"line":454,"column":16}},{"start":{"line":454,"column":20},"end":{"line":454,"column":29}},{"start":{"line":454,"column":33},"end":{"line":454,"column":42}}],"line":454},"58":{"loc":{"start":{"line":458,"column":28},"end":{"line":458,"column":96}},"type":"cond-expr","locations":[{"start":{"line":458,"column":80},"end":{"line":458,"column":84}},{"start":{"line":458,"column":87},"end":{"line":458,"column":96}}],"line":458},"59":{"loc":{"start":{"line":459,"column":24},"end":{"line":459,"column":78}},"type":"cond-expr","locations":[{"start":{"line":459,"column":53},"end":{"line":459,"column":66}},{"start":{"line":459,"column":69},"end":{"line":459,"column":78}}],"line":459},"60":{"loc":{"start":{"line":462,"column":6},"end":{"line":462,"column":95}},"type":"if","locations":[{"start":{"line":462,"column":6},"end":{"line":462,"column":95}},{"start":{},"end":{}}],"line":462},"61":{"loc":{"start":{"line":469,"column":24},"end":{"line":469,"column":46}},"type":"binary-expr","locations":[{"start":{"line":469,"column":24},"end":{"line":469,"column":38}},{"start":{"line":469,"column":42},"end":{"line":469,"column":46}}],"line":469},"62":{"loc":{"start":{"line":470,"column":29},"end":{"line":470,"column":54}},"type":"binary-expr","locations":[{"start":{"line":470,"column":29},"end":{"line":470,"column":48}},{"start":{"line":470,"column":52},"end":{"line":470,"column":54}}],"line":470},"63":{"loc":{"start":{"line":472,"column":20},"end":{"line":472,"column":102}},"type":"cond-expr","locations":[{"start":{"line":472,"column":84},"end":{"line":472,"column":94}},{"start":{"line":472,"column":97},"end":{"line":472,"column":102}}],"line":472},"64":{"loc":{"start":{"line":472,"column":20},"end":{"line":472,"column":81}},"type":"binary-expr","locations":[{"start":{"line":472,"column":20},"end":{"line":472,"column":46}},{"start":{"line":472,"column":50},"end":{"line":472,"column":81}}],"line":472},"65":{"loc":{"start":{"line":495,"column":14},"end":{"line":495,"column":22}},"type":"default-arg","locations":[{"start":{"line":495,"column":21},"end":{"line":495,"column":22}}],"line":495},"66":{"loc":{"start":{"line":495,"column":24},"end":{"line":495,"column":34}},"type":"default-arg","locations":[{"start":{"line":495,"column":32},"end":{"line":495,"column":34}}],"line":495},"67":{"loc":{"start":{"line":495,"column":36},"end":{"line":495,"column":47}},"type":"default-arg","locations":[{"start":{"line":495,"column":45},"end":{"line":495,"column":47}}],"line":495},"68":{"loc":{"start":{"line":497,"column":6},"end":{"line":497,"column":87}},"type":"if","locations":[{"start":{"line":497,"column":6},"end":{"line":497,"column":87}},{"start":{},"end":{}}],"line":497},"69":{"loc":{"start":{"line":497,"column":10},"end":{"line":497,"column":67}},"type":"binary-expr","locations":[{"start":{"line":497,"column":10},"end":{"line":497,"column":14}},{"start":{"line":497,"column":18},"end":{"line":497,"column":67}}],"line":497},"70":{"loc":{"start":{"line":498,"column":6},"end":{"line":503,"column":7}},"type":"if","locations":[{"start":{"line":498,"column":6},"end":{"line":503,"column":7}},{"start":{},"end":{}}],"line":498},"71":{"loc":{"start":{"line":537,"column":6},"end":{"line":537,"column":71}},"type":"if","locations":[{"start":{"line":537,"column":6},"end":{"line":537,"column":71}},{"start":{},"end":{}}],"line":537},"72":{"loc":{"start":{"line":551,"column":6},"end":{"line":551,"column":85}},"type":"if","locations":[{"start":{"line":551,"column":6},"end":{"line":551,"column":85}},{"start":{},"end":{}}],"line":551},"73":{"loc":{"start":{"line":551,"column":10},"end":{"line":551,"column":29}},"type":"binary-expr","locations":[{"start":{"line":551,"column":10},"end":{"line":551,"column":17}},{"start":{"line":551,"column":21},"end":{"line":551,"column":29}}],"line":551},"74":{"loc":{"start":{"line":555,"column":6},"end":{"line":555,"column":62}},"type":"if","locations":[{"start":{"line":555,"column":6},"end":{"line":555,"column":62}},{"start":{},"end":{}}],"line":555},"75":{"loc":{"start":{"line":556,"column":6},"end":{"line":556,"column":80}},"type":"if","locations":[{"start":{"line":556,"column":6},"end":{"line":556,"column":80}},{"start":{},"end":{}}],"line":556},"76":{"loc":{"start":{"line":557,"column":6},"end":{"line":557,"column":95}},"type":"if","locations":[{"start":{"line":557,"column":6},"end":{"line":557,"column":95}},{"start":{},"end":{}}],"line":557},"77":{"loc":{"start":{"line":558,"column":6},"end":{"line":558,"column":62}},"type":"if","locations":[{"start":{"line":558,"column":6},"end":{"line":558,"column":62}},{"start":{},"end":{}}],"line":558},"78":{"loc":{"start":{"line":559,"column":6},"end":{"line":567,"column":7}},"type":"if","locations":[{"start":{"line":559,"column":6},"end":{"line":567,"column":7}},{"start":{},"end":{}}],"line":559},"79":{"loc":{"start":{"line":560,"column":8},"end":{"line":565,"column":9}},"type":"if","locations":[{"start":{"line":560,"column":8},"end":{"line":565,"column":9}},{"start":{},"end":{}}],"line":560},"80":{"loc":{"start":{"line":561,"column":10},"end":{"line":563,"column":11}},"type":"if","locations":[{"start":{"line":561,"column":10},"end":{"line":563,"column":11}},{"start":{},"end":{}}],"line":561},"81":{"loc":{"start":{"line":566,"column":8},"end":{"line":566,"column":72}},"type":"if","locations":[{"start":{"line":566,"column":8},"end":{"line":566,"column":72}},{"start":{},"end":{}}],"line":566},"82":{"loc":{"start":{"line":571,"column":6},"end":{"line":571,"column":74}},"type":"if","locations":[{"start":{"line":571,"column":6},"end":{"line":571,"column":74}},{"start":{},"end":{}}],"line":571},"83":{"loc":{"start":{"line":585,"column":6},"end":{"line":585,"column":85}},"type":"if","locations":[{"start":{"line":585,"column":6},"end":{"line":585,"column":85}},{"start":{},"end":{}}],"line":585},"84":{"loc":{"start":{"line":585,"column":10},"end":{"line":585,"column":29}},"type":"binary-expr","locations":[{"start":{"line":585,"column":10},"end":{"line":585,"column":17}},{"start":{"line":585,"column":21},"end":{"line":585,"column":29}}],"line":585},"85":{"loc":{"start":{"line":587,"column":6},"end":{"line":587,"column":71}},"type":"if","locations":[{"start":{"line":587,"column":6},"end":{"line":587,"column":71}},{"start":{},"end":{}}],"line":587}},"s":{"0":7,"1":7,"2":7,"3":7,"4":7,"5":7,"6":7,"7":7,"8":1,"9":1,"10":1,"11":1,"12":1,"13":1,"14":1,"15":1,"16":0,"17":1,"18":0,"19":0,"20":0,"21":0,"22":0,"23":0,"24":0,"25":0,"26":0,"27":0,"28":0,"29":0,"30":0,"31":0,"32":0,"33":0,"34":0,"35":0,"36":0,"37":0,"38":0,"39":0,"40":0,"41":0,"42":0,"43":0,"44":0,"45":0,"46":0,"47":0,"48":0,"49":0,"50":0,"51":0,"52":0,"53":0,"54":0,"55":0,"56":0,"57":0,"58":0,"59":0,"60":0,"61":0,"62":0,"63":0,"64":0,"65":0,"66":0,"67":0,"68":0,"69":0,"70":0,"71":0,"72":0,"73":0,"74":0,"75":0,"76":0,"77":0,"78":0,"79":0,"80":0,"81":0,"82":0,"83":0,"84":0,"85":0,"86":0,"87":0,"88":0,"89":0,"90":0,"91":0,"92":0,"93":0,"94":0,"95":0,"96":0,"97":0,"98":0,"99":0,"100":0,"101":0,"102":0,"103":0,"104":0,"105":0,"106":0,"107":0,"108":0,"109":0,"110":0,"111":0,"112":0,"113":0,"114":0,"115":0,"116":0,"117":0,"118":0,"119":0,"120":0,"121":0,"122":0,"123":1,"124":1,"125":0,"126":0,"127":0,"128":0,"129":0,"130":0,"131":0,"132":0,"133":0,"134":0,"135":0,"136":0,"137":0,"138":0,"139":0,"140":0,"141":0,"142":0,"143":0,"144":0,"145":0,"146":0,"147":0,"148":0,"149":0,"150":0,"151":0,"152":0,"153":0,"154":0,"155":0,"156":0,"157":0,"158":0,"159":0,"160":0,"161":0,"162":0,"163":0,"164":0,"165":0,"166":0,"167":0,"168":0,"169":0,"170":0,"171":0,"172":0,"173":0,"174":0,"175":0,"176":0,"177":0,"178":0,"179":0,"180":0,"181":0,"182":0,"183":0,"184":0,"185":0,"186":0,"187":0,"188":0,"189":0,"190":0,"191":0,"192":0,"193":0,"194":0,"195":0,"196":0,"197":0,"198":0,"199":0,"200":0,"201":0,"202":0,"203":0,"204":0,"205":0,"206":0,"207":0,"208":0,"209":0,"210":0,"211":0,"212":0,"213":0,"214":0,"215":0,"216":0,"217":0,"218":0,"219":0,"220":0,"221":0,"222":0,"223":0,"224":0,"225":0,"226":0,"227":0,"228":0,"229":0,"230":0,"231":0,"232":0,"233":0,"234":0,"235":0,"236":0,"237":0,"238":0,"239":0,"240":0,"241":0,"242":0,"243":0,"244":0,"245":0,"246":0,"247":0,"248":0,"249":0,"250":0,"251":0,"252":0,"253":0,"254":0,"255":0,"256":0,"257":0,"258":7},"f":{"0":1,"1":0,"2":0,"3":0,"4":0,"5":0,"6":0,"7":0,"8":1,"9":0,"10":0,"11":0,"12":0,"13":0,"14":0,"15":0,"16":0,"17":0,"18":0},"b":{"0":[1],"1":[1,1],"2":[0,0],"3":[0,0],"4":[0,0],"5":[0,0],"6":[0,0],"7":[0,0],"8":[0,0],"9":[0,0],"10":[0,0],"11":[0,0],"12":[0,0],"13":[0,0],"14":[0,0],"15":[0],"16":[0],"17":[0],"18":[0,0],"19":[0,0],"20":[0,0],"21":[0,0],"22":[0,0],"23":[0,0],"24":[0,0],"25":[0,0,0],"26":[0,0],"27":[0,0],"28":[0,0],"29":[0,0],"30":[0,0,0,0],"31":[0,0,0,0],"32":[0,0],"33":[0,0],"34":[0,0],"35":[0,0],"36":[1,1],"37":[0,0],"38":[0,0],"39":[0,0],"40":[0,0],"41":[0,0],"42":[0,0],"43":[0,0],"44":[0,0],"45":[0,0],"46":[0,0],"47":[0,0],"48":[0,0],"49":[0,0],"50":[0,0],"51":[0,0],"52":[0,0],"53":[0,0],"54":[0,0],"55":[0],"56":[0,0],"57":[0,0,0],"58":[0,0],"59":[0,0],"60":[0,0],"61":[0,0],"62":[0,0],"63":[0,0],"64":[0,0],"65":[0],"66":[0],"67":[0],"68":[0,0],"69":[0,0],"70":[0,0],"71":[0,0],"72":[0,0],"73":[0,0],"74":[0,0],"75":[0,0],"76":[0,0],"77":[0,0],"78":[0,0],"79":[0,0],"80":[0,0],"81":[0,0],"82":[0,0],"83":[0,0],"84":[0,0],"85":[0,0]},"_coverageSchema":"1a1c01bbd47fc00a2c39e90264f33305004495a9","hash":"eb6ec1f84f7ba74695a61140e5f65007f0b8b6f8"}
,"C:\\Users\\radia\\OneDrive\\Documents\\Hacktiv 8\\Phase 2-1\\IP-HCK86\\server\\helper\\firebase.js": {"path":"C:\\Users\\radia\\OneDrive\\Documents\\Hacktiv 8\\Phase 2-1\\IP-HCK86\\server\\helper\\firebase.js","statementMap":{"0":{"start":{"line":1,"column":14},"end":{"line":1,"column":39}},"1":{"start":{"line":3,"column":22},"end":{"line":3,"column":27}},"2":{"start":{"line":4,"column":13},"end":{"line":4,"column":17}},"3":{"start":{"line":6,"column":0},"end":{"line":54,"column":1}},"4":{"start":{"line":7,"column":19},"end":{"line":11,"column":3}},"5":{"start":{"line":12,"column":17},"end":{"line":12,"column":56}},"6":{"start":{"line":12,"column":39},"end":{"line":12,"column":55}},"7":{"start":{"line":14,"column":2},"end":{"line":38,"column":3}},"8":{"start":{"line":15,"column":27},"end":{"line":25,"column":5}},"9":{"start":{"line":27,"column":4},"end":{"line":32,"column":5}},"10":{"start":{"line":28,"column":6},"end":{"line":31,"column":9}},"11":{"start":{"line":33,"column":4},"end":{"line":33,"column":38}},"12":{"start":{"line":34,"column":4},"end":{"line":34,"column":27}},"13":{"start":{"line":37,"column":4},"end":{"line":37,"column":28}},"14":{"start":{"line":41,"column":2},"end":{"line":41,"column":74}},"15":{"start":{"line":43,"column":2},"end":{"line":53,"column":3}},"16":{"start":{"line":44,"column":4},"end":{"line":50,"column":5}},"17":{"start":{"line":45,"column":22},"end":{"line":45,"column":82}},"18":{"start":{"line":46,"column":6},"end":{"line":46,"column":89}},"19":{"start":{"line":47,"column":6},"end":{"line":47,"column":33}},"20":{"start":{"line":49,"column":6},"end":{"line":49,"column":30}},"21":{"start":{"line":52,"column":4},"end":{"line":52,"column":28}},"22":{"start":{"line":56,"column":19},"end":{"line":81,"column":1}},"23":{"start":{"line":57,"column":2},"end":{"line":59,"column":3}},"24":{"start":{"line":58,"column":4},"end":{"line":58,"column":98}},"25":{"start":{"line":60,"column":2},"end":{"line":80,"column":3}},"26":{"start":{"line":61,"column":23},"end":{"line":61,"column":47}},"27":{"start":{"line":62,"column":19},"end":{"line":64,"column":6}},"28":{"start":{"line":65,"column":4},"end":{"line":77,"column":7}},"29":{"start":{"line":66,"column":6},"end":{"line":66,"column":47}},"30":{"start":{"line":66,"column":34},"end":{"line":66,"column":45}},"31":{"start":{"line":67,"column":6},"end":{"line":75,"column":9}},"32":{"start":{"line":68,"column":8},"end":{"line":74,"column":9}},"33":{"start":{"line":69,"column":10},"end":{"line":69,"column":40}},"34":{"start":{"line":70,"column":28},"end":{"line":70,"column":90}},"35":{"start":{"line":71,"column":10},"end":{"line":71,"column":29}},"36":{"start":{"line":73,"column":10},"end":{"line":73,"column":75}},"37":{"start":{"line":76,"column":6},"end":{"line":76,"column":30}},"38":{"start":{"line":79,"column":4},"end":{"line":79,"column":63}},"39":{"start":{"line":83,"column":0},"end":{"line":87,"column":2}}},"fnMap":{"0":{"name":"(anonymous_0)","decl":{"start":{"line":12,"column":32},"end":{"line":12,"column":33}},"loc":{"start":{"line":12,"column":39},"end":{"line":12,"column":55}},"line":12},"1":{"name":"(anonymous_1)","decl":{"start":{"line":56,"column":19},"end":{"line":56,"column":20}},"loc":{"start":{"line":56,"column":48},"end":{"line":81,"column":1}},"line":56},"2":{"name":"(anonymous_2)","decl":{"start":{"line":65,"column":23},"end":{"line":65,"column":24}},"loc":{"start":{"line":65,"column":44},"end":{"line":77,"column":5}},"line":65},"3":{"name":"(anonymous_3)","decl":{"start":{"line":66,"column":25},"end":{"line":66,"column":26}},"loc":{"start":{"line":66,"column":34},"end":{"line":66,"column":45}},"line":66},"4":{"name":"(anonymous_4)","decl":{"start":{"line":67,"column":26},"end":{"line":67,"column":27}},"loc":{"start":{"line":67,"column":38},"end":{"line":75,"column":7}},"line":67}},"branchMap":{"0":{"loc":{"start":{"line":14,"column":2},"end":{"line":38,"column":3}},"type":"if","locations":[{"start":{"line":14,"column":2},"end":{"line":38,"column":3}},{"start":{"line":35,"column":9},"end":{"line":38,"column":3}}],"line":14},"1":{"loc":{"start":{"line":27,"column":4},"end":{"line":32,"column":5}},"type":"if","locations":[{"start":{"line":27,"column":4},"end":{"line":32,"column":5}},{"start":{},"end":{}}],"line":27},"2":{"loc":{"start":{"line":41,"column":53},"end":{"line":41,"column":72}},"type":"binary-expr","locations":[{"start":{"line":41,"column":53},"end":{"line":41,"column":65}},{"start":{"line":41,"column":69},"end":{"line":41,"column":72}}],"line":41},"3":{"loc":{"start":{"line":43,"column":2},"end":{"line":53,"column":3}},"type":"if","locations":[{"start":{"line":43,"column":2},"end":{"line":53,"column":3}},{"start":{"line":51,"column":9},"end":{"line":53,"column":3}}],"line":43},"4":{"loc":{"start":{"line":45,"column":22},"end":{"line":45,"column":82}},"type":"cond-expr","locations":[{"start":{"line":45,"column":60},"end":{"line":45,"column":75}},{"start":{"line":45,"column":78},"end":{"line":45,"column":82}}],"line":45},"5":{"loc":{"start":{"line":46,"column":15},"end":{"line":46,"column":88}},"type":"cond-expr","locations":[{"start":{"line":46,"column":65},"end":{"line":46,"column":81}},{"start":{"line":46,"column":84},"end":{"line":46,"column":88}}],"line":46},"6":{"loc":{"start":{"line":46,"column":15},"end":{"line":46,"column":62}},"type":"binary-expr","locations":[{"start":{"line":46,"column":15},"end":{"line":46,"column":22}},{"start":{"line":46,"column":26},"end":{"line":46,"column":62}}],"line":46},"7":{"loc":{"start":{"line":57,"column":2},"end":{"line":59,"column":3}},"type":"if","locations":[{"start":{"line":57,"column":2},"end":{"line":59,"column":3}},{"start":{},"end":{}}],"line":57},"8":{"loc":{"start":{"line":57,"column":6},"end":{"line":57,"column":33}},"type":"binary-expr","locations":[{"start":{"line":57,"column":6},"end":{"line":57,"column":22}},{"start":{"line":57,"column":26},"end":{"line":57,"column":33}}],"line":57},"9":{"loc":{"start":{"line":73,"column":56},"end":{"line":73,"column":71}},"type":"binary-expr","locations":[{"start":{"line":73,"column":56},"end":{"line":73,"column":66}},{"start":{"line":73,"column":70},"end":{"line":73,"column":71}}],"line":73}},"s":{"0":9,"1":9,"2":9,"3":9,"4":9,"5":9,"6":9,"7":9,"8":0,"9":0,"10":0,"11":0,"12":0,"13":9,"14":0,"15":0,"16":0,"17":0,"18":0,"19":0,"20":0,"21":0,"22":9,"23":0,"24":0,"25":0,"26":0,"27":0,"28":0,"29":0,"30":0,"31":0,"32":0,"33":0,"34":0,"35":0,"36":0,"37":0,"38":0,"39":9},"f":{"0":9,"1":0,"2":0,"3":0,"4":0},"b":{"0":[0,9],"1":[0,0],"2":[0,0],"3":[0,0],"4":[0,0],"5":[0,0],"6":[0,0],"7":[0,0],"8":[0,0],"9":[0,0]},"_coverageSchema":"1a1c01bbd47fc00a2c39e90264f33305004495a9","hash":"c1bf22aefb661468004ee7042a032e2b3c0fba68"}
,"C:\\Users\\radia\\OneDrive\\Documents\\Hacktiv 8\\Phase 2-1\\IP-HCK86\\server\\helper\\jwt.js": {"path":"C:\\Users\\radia\\OneDrive\\Documents\\Hacktiv 8\\Phase 2-1\\IP-HCK86\\server\\helper\\jwt.js","statementMap":{"0":{"start":{"line":1,"column":12},"end":{"line":1,"column":35}},"1":{"start":{"line":3,"column":18},"end":{"line":5,"column":1}},"2":{"start":{"line":4,"column":2},"end":{"line":4,"column":63}},"3":{"start":{"line":7,"column":20},"end":{"line":9,"column":1}},"4":{"start":{"line":8,"column":2},"end":{"line":8,"column":63}},"5":{"start":{"line":11,"column":0},"end":{"line":14,"column":2}}},"fnMap":{"0":{"name":"(anonymous_0)","decl":{"start":{"line":3,"column":18},"end":{"line":3,"column":19}},"loc":{"start":{"line":3,"column":31},"end":{"line":5,"column":1}},"line":3},"1":{"name":"(anonymous_1)","decl":{"start":{"line":7,"column":20},"end":{"line":7,"column":21}},"loc":{"start":{"line":7,"column":31},"end":{"line":9,"column":1}},"line":7}},"branchMap":{"0":{"loc":{"start":{"line":4,"column":27},"end":{"line":4,"column":61}},"type":"binary-expr","locations":[{"start":{"line":4,"column":27},"end":{"line":4,"column":49}},{"start":{"line":4,"column":53},"end":{"line":4,"column":61}}],"line":4},"1":{"loc":{"start":{"line":8,"column":27},"end":{"line":8,"column":61}},"type":"binary-expr","locations":[{"start":{"line":8,"column":27},"end":{"line":8,"column":49}},{"start":{"line":8,"column":53},"end":{"line":8,"column":61}}],"line":8}},"s":{"0":5,"1":5,"2":0,"3":5,"4":0,"5":5},"f":{"0":0,"1":0},"b":{"0":[0,0],"1":[0,0]},"_coverageSchema":"1a1c01bbd47fc00a2c39e90264f33305004495a9","hash":"a62ed720302058779bc2acabb0cde6b532e11566"}
,"C:\\Users\\radia\\OneDrive\\Documents\\Hacktiv 8\\Phase 2-1\\IP-HCK86\\server\\helper\\mailer.js": {"path":"C:\\Users\\radia\\OneDrive\\Documents\\Hacktiv 8\\Phase 2-1\\IP-HCK86\\server\\helper\\mailer.js","statementMap":{"0":{"start":{"line":2,"column":19},"end":{"line":2,"column":40}},"1":{"start":{"line":4,"column":24},"end":{"line":4,"column":28}},"2":{"start":{"line":7,"column":2},"end":{"line":7,"column":50}},"3":{"start":{"line":7,"column":25},"end":{"line":7,"column":50}},"4":{"start":{"line":9,"column":61},"end":{"line":9,"column":72}},"5":{"start":{"line":11,"column":2},"end":{"line":23,"column":3}},"6":{"start":{"line":12,"column":4},"end":{"line":17,"column":7}},"7":{"start":{"line":20,"column":4},"end":{"line":22,"column":7}},"8":{"start":{"line":25,"column":2},"end":{"line":25,"column":27}},"9":{"start":{"line":29,"column":22},"end":{"line":29,"column":41}},"10":{"start":{"line":30,"column":19},"end":{"line":30,"column":110}},"11":{"start":{"line":31,"column":15},"end":{"line":31,"column":86}},"12":{"start":{"line":32,"column":2},"end":{"line":32,"column":14}},"13":{"start":{"line":35,"column":0},"end":{"line":38,"column":2}}},"fnMap":{"0":{"name":"createTransporter","decl":{"start":{"line":6,"column":9},"end":{"line":6,"column":26}},"loc":{"start":{"line":6,"column":29},"end":{"line":26,"column":1}},"line":6},"1":{"name":"sendMail","decl":{"start":{"line":28,"column":15},"end":{"line":28,"column":23}},"loc":{"start":{"line":28,"column":59},"end":{"line":33,"column":1}},"line":28}},"branchMap":{"0":{"loc":{"start":{"line":7,"column":2},"end":{"line":7,"column":50}},"type":"if","locations":[{"start":{"line":7,"column":2},"end":{"line":7,"column":50}},{"start":{},"end":{}}],"line":7},"1":{"loc":{"start":{"line":11,"column":2},"end":{"line":23,"column":3}},"type":"if","locations":[{"start":{"line":11,"column":2},"end":{"line":23,"column":3}},{"start":{"line":18,"column":9},"end":{"line":23,"column":3}}],"line":11},"2":{"loc":{"start":{"line":11,"column":6},"end":{"line":11,"column":30}},"type":"binary-expr","locations":[{"start":{"line":11,"column":6},"end":{"line":11,"column":16}},{"start":{"line":11,"column":20},"end":{"line":11,"column":30}}],"line":11},"3":{"loc":{"start":{"line":16,"column":12},"end":{"line":16,"column":89}},"type":"cond-expr","locations":[{"start":{"line":16,"column":39},"end":{"line":16,"column":77}},{"start":{"line":16,"column":80},"end":{"line":16,"column":89}}],"line":16},"4":{"loc":{"start":{"line":16,"column":12},"end":{"line":16,"column":36}},"type":"binary-expr","locations":[{"start":{"line":16,"column":12},"end":{"line":16,"column":22}},{"start":{"line":16,"column":26},"end":{"line":16,"column":36}}],"line":16},"5":{"loc":{"start":{"line":30,"column":19},"end":{"line":30,"column":110}},"type":"binary-expr","locations":[{"start":{"line":30,"column":19},"end":{"line":30,"column":23}},{"start":{"line":30,"column":27},"end":{"line":30,"column":49}},{"start":{"line":30,"column":53},"end":{"line":30,"column":75}},{"start":{"line":30,"column":79},"end":{"line":30,"column":110}}],"line":30}},"s":{"0":3,"1":3,"2":0,"3":0,"4":0,"5":0,"6":0,"7":0,"8":0,"9":0,"10":0,"11":0,"12":0,"13":3},"f":{"0":0,"1":0},"b":{"0":[0,0],"1":[0,0],"2":[0,0],"3":[0,0],"4":[0,0],"5":[0,0,0,0]},"_coverageSchema":"1a1c01bbd47fc00a2c39e90264f33305004495a9","hash":"5e41514a145600a6f0ec5e6f59fcafc606c18d1b"}
,"C:\\Users\\radia\\OneDrive\\Documents\\Hacktiv 8\\Phase 2-1\\IP-HCK86\\server\\middlewares\\authentication.js": {"path":"C:\\Users\\radia\\OneDrive\\Documents\\Hacktiv 8\\Phase 2-1\\IP-HCK86\\server\\middlewares\\authentication.js","statementMap":{"0":{"start":{"line":1,"column":24},"end":{"line":1,"column":48}},"1":{"start":{"line":2,"column":17},"end":{"line":2,"column":37}},"2":{"start":{"line":4,"column":23},"end":{"line":31,"column":1}},"3":{"start":{"line":5,"column":2},"end":{"line":30,"column":3}},"4":{"start":{"line":6,"column":30},"end":{"line":6,"column":41}},"5":{"start":{"line":8,"column":4},"end":{"line":10,"column":5}},"6":{"start":{"line":9,"column":6},"end":{"line":9,"column":74}},"7":{"start":{"line":12,"column":18},"end":{"line":12,"column":45}},"8":{"start":{"line":14,"column":4},"end":{"line":16,"column":5}},"9":{"start":{"line":15,"column":6},"end":{"line":15,"column":70}},"10":{"start":{"line":18,"column":20},"end":{"line":18,"column":38}},"11":{"start":{"line":20,"column":17},"end":{"line":20,"column":48}},"12":{"start":{"line":22,"column":4},"end":{"line":24,"column":5}},"13":{"start":{"line":23,"column":6},"end":{"line":23,"column":64}},"14":{"start":{"line":26,"column":4},"end":{"line":26,"column":20}},"15":{"start":{"line":27,"column":4},"end":{"line":27,"column":11}},"16":{"start":{"line":29,"column":4},"end":{"line":29,"column":16}},"17":{"start":{"line":33,"column":22},"end":{"line":44,"column":1}},"18":{"start":{"line":34,"column":2},"end":{"line":43,"column":4}},"19":{"start":{"line":35,"column":4},"end":{"line":42,"column":5}},"20":{"start":{"line":36,"column":6},"end":{"line":38,"column":7}},"21":{"start":{"line":37,"column":8},"end":{"line":37,"column":62}},"22":{"start":{"line":39,"column":6},"end":{"line":39,"column":13}},"23":{"start":{"line":41,"column":6},"end":{"line":41,"column":18}},"24":{"start":{"line":46,"column":0},"end":{"line":49,"column":2}}},"fnMap":{"0":{"name":"(anonymous_0)","decl":{"start":{"line":4,"column":23},"end":{"line":4,"column":24}},"loc":{"start":{"line":4,"column":49},"end":{"line":31,"column":1}},"line":4},"1":{"name":"(anonymous_1)","decl":{"start":{"line":33,"column":22},"end":{"line":33,"column":23}},"loc":{"start":{"line":33,"column":33},"end":{"line":44,"column":1}},"line":33},"2":{"name":"(anonymous_2)","decl":{"start":{"line":34,"column":9},"end":{"line":34,"column":10}},"loc":{"start":{"line":34,"column":29},"end":{"line":43,"column":3}},"line":34}},"branchMap":{"0":{"loc":{"start":{"line":8,"column":4},"end":{"line":10,"column":5}},"type":"if","locations":[{"start":{"line":8,"column":4},"end":{"line":10,"column":5}},{"start":{},"end":{}}],"line":8},"1":{"loc":{"start":{"line":14,"column":4},"end":{"line":16,"column":5}},"type":"if","locations":[{"start":{"line":14,"column":4},"end":{"line":16,"column":5}},{"start":{},"end":{}}],"line":14},"2":{"loc":{"start":{"line":22,"column":4},"end":{"line":24,"column":5}},"type":"if","locations":[{"start":{"line":22,"column":4},"end":{"line":24,"column":5}},{"start":{},"end":{}}],"line":22},"3":{"loc":{"start":{"line":36,"column":6},"end":{"line":38,"column":7}},"type":"if","locations":[{"start":{"line":36,"column":6},"end":{"line":38,"column":7}},{"start":{},"end":{}}],"line":36}},"s":{"0":1,"1":1,"2":1,"3":0,"4":0,"5":0,"6":0,"7":0,"8":0,"9":0,"10":0,"11":0,"12":0,"13":0,"14":0,"15":0,"16":0,"17":1,"18":0,"19":0,"20":0,"21":0,"22":0,"23":0,"24":1},"f":{"0":0,"1":0,"2":0},"b":{"0":[0,0],"1":[0,0],"2":[0,0],"3":[0,0]},"_coverageSchema":"1a1c01bbd47fc00a2c39e90264f33305004495a9","hash":"151909791ee4573fe3363c5d9ac21269e80f2234"}
,"C:\\Users\\radia\\OneDrive\\Documents\\Hacktiv 8\\Phase 2-1\\IP-HCK86\\server\\middlewares\\errorHandler.js": {"path":"C:\\Users\\radia\\OneDrive\\Documents\\Hacktiv 8\\Phase 2-1\\IP-HCK86\\server\\middlewares\\errorHandler.js","statementMap":{"0":{"start":{"line":1,"column":21},"end":{"line":53,"column":1}},"1":{"start":{"line":2,"column":2},"end":{"line":2,"column":33}},"2":{"start":{"line":4,"column":15},"end":{"line":4,"column":18}},"3":{"start":{"line":5,"column":16},"end":{"line":5,"column":39}},"4":{"start":{"line":7,"column":2},"end":{"line":47,"column":3}},"5":{"start":{"line":10,"column":6},"end":{"line":10,"column":19}},"6":{"start":{"line":11,"column":6},"end":{"line":11,"column":40}},"7":{"start":{"line":12,"column":6},"end":{"line":12,"column":12}},"8":{"start":{"line":14,"column":6},"end":{"line":14,"column":19}},"9":{"start":{"line":15,"column":6},"end":{"line":15,"column":47}},"10":{"start":{"line":16,"column":6},"end":{"line":16,"column":12}},"11":{"start":{"line":18,"column":6},"end":{"line":18,"column":19}},"12":{"start":{"line":19,"column":6},"end":{"line":19,"column":32}},"13":{"start":{"line":20,"column":6},"end":{"line":20,"column":12}},"14":{"start":{"line":22,"column":6},"end":{"line":22,"column":19}},"15":{"start":{"line":23,"column":6},"end":{"line":23,"column":32}},"16":{"start":{"line":24,"column":6},"end":{"line":24,"column":12}},"17":{"start":{"line":26,"column":6},"end":{"line":26,"column":19}},"18":{"start":{"line":27,"column":6},"end":{"line":27,"column":55}},"19":{"start":{"line":28,"column":6},"end":{"line":28,"column":12}},"20":{"start":{"line":30,"column":6},"end":{"line":30,"column":19}},"21":{"start":{"line":31,"column":6},"end":{"line":31,"column":52}},"22":{"start":{"line":32,"column":6},"end":{"line":32,"column":12}},"23":{"start":{"line":34,"column":6},"end":{"line":34,"column":19}},"24":{"start":{"line":35,"column":6},"end":{"line":35,"column":50}},"25":{"start":{"line":36,"column":6},"end":{"line":36,"column":12}},"26":{"start":{"line":38,"column":6},"end":{"line":38,"column":19}},"27":{"start":{"line":39,"column":6},"end":{"line":39,"column":47}},"28":{"start":{"line":40,"column":6},"end":{"line":40,"column":12}},"29":{"start":{"line":42,"column":6},"end":{"line":45,"column":7}},"30":{"start":{"line":43,"column":8},"end":{"line":43,"column":30}},"31":{"start":{"line":44,"column":8},"end":{"line":44,"column":32}},"32":{"start":{"line":46,"column":6},"end":{"line":46,"column":12}},"33":{"start":{"line":49,"column":2},"end":{"line":52,"column":5}},"34":{"start":{"line":55,"column":0},"end":{"line":57,"column":2}}},"fnMap":{"0":{"name":"(anonymous_0)","decl":{"start":{"line":1,"column":21},"end":{"line":1,"column":22}},"loc":{"start":{"line":1,"column":48},"end":{"line":53,"column":1}},"line":1}},"branchMap":{"0":{"loc":{"start":{"line":7,"column":2},"end":{"line":47,"column":3}},"type":"switch","locations":[{"start":{"line":8,"column":4},"end":{"line":8,"column":36}},{"start":{"line":9,"column":4},"end":{"line":12,"column":12}},{"start":{"line":13,"column":4},"end":{"line":16,"column":12}},{"start":{"line":17,"column":4},"end":{"line":20,"column":12}},{"start":{"line":21,"column":4},"end":{"line":24,"column":12}},{"start":{"line":25,"column":4},"end":{"line":28,"column":12}},{"start":{"line":29,"column":4},"end":{"line":32,"column":12}},{"start":{"line":33,"column":4},"end":{"line":36,"column":12}},{"start":{"line":37,"column":4},"end":{"line":40,"column":12}},{"start":{"line":41,"column":4},"end":{"line":46,"column":12}}],"line":7},"1":{"loc":{"start":{"line":27,"column":16},"end":{"line":27,"column":54}},"type":"binary-expr","locations":[{"start":{"line":27,"column":16},"end":{"line":27,"column":29}},{"start":{"line":27,"column":33},"end":{"line":27,"column":54}}],"line":27},"2":{"loc":{"start":{"line":31,"column":16},"end":{"line":31,"column":51}},"type":"binary-expr","locations":[{"start":{"line":31,"column":16},"end":{"line":31,"column":29}},{"start":{"line":31,"column":33},"end":{"line":31,"column":51}}],"line":31},"3":{"loc":{"start":{"line":35,"column":16},"end":{"line":35,"column":49}},"type":"binary-expr","locations":[{"start":{"line":35,"column":16},"end":{"line":35,"column":29}},{"start":{"line":35,"column":33},"end":{"line":35,"column":49}}],"line":35},"4":{"loc":{"start":{"line":39,"column":16},"end":{"line":39,"column":46}},"type":"binary-expr","locations":[{"start":{"line":39,"column":16},"end":{"line":39,"column":29}},{"start":{"line":39,"column":33},"end":{"line":39,"column":46}}],"line":39},"5":{"loc":{"start":{"line":42,"column":6},"end":{"line":45,"column":7}},"type":"if","locations":[{"start":{"line":42,"column":6},"end":{"line":45,"column":7}},{"start":{},"end":{}}],"line":42}},"s":{"0":1,"1":0,"2":0,"3":0,"4":0,"5":0,"6":0,"7":0,"8":0,"9":0,"10":0,"11":0,"12":0,"13":0,"14":0,"15":0,"16":0,"17":0,"18":0,"19":0,"20":0,"21":0,"22":0,"23":0,"24":0,"25":0,"26":0,"27":0,"28":0,"29":0,"30":0,"31":0,"32":0,"33":0,"34":1},"f":{"0":0},"b":{"0":[0,0,0,0,0,0,0,0,0,0],"1":[0,0],"2":[0,0],"3":[0,0],"4":[0,0],"5":[0,0]},"_coverageSchema":"1a1c01bbd47fc00a2c39e90264f33305004495a9","hash":"1828311252e873acb24789b5ed9de474b6d1357d"}
}
