TN:
SF:controllers\aiController.js
FN:8,getGenAiModel
FN:20,genWithRetry
FN:37,(anonymous_2)
FN:47,genWithFallback
FN:48,(anonymous_4)
FN:85,(anonymous_5)
FN:146,(anonymous_6)
FN:212,(anonymous_7)
FN:298,(anonymous_8)
FN:357,(anonymous_9)
FNF:10
FNH:10
FNDA:35,getGenAiModel
FNDA:24,genWithRetry
FNDA:11,(anonymous_2)
FNDA:10,genWithFallback
FNDA:12,(anonymous_4)
FNDA:3,(anonymous_5)
FNDA:4,(anonymous_6)
FNDA:12,(anonymous_7)
FNDA:3,(anonymous_8)
FNDA:5,(anonymous_9)
DA:1,26
DA:5,26
DA:6,26
DA:9,35
DA:10,35
DA:11,1
DA:12,1
DA:13,1
DA:15,34
DA:16,34
DA:17,34
DA:22,24
DA:24,24
DA:25,35
DA:26,35
DA:28,20
DA:30,20
DA:32,11
DA:33,11
DA:34,11
DA:35,11
DA:36,11
DA:37,11
DA:38,11
DA:40,9
DA:41,9
DA:44,9
DA:48,12
DA:50,10
DA:51,10
DA:60,10
DA:62,10
DA:63,11
DA:64,11
DA:65,11
DA:66,11
DA:67,11
DA:68,5
DA:69,1
DA:71,5
DA:73,6
DA:74,6
DA:75,6
DA:76,3
DA:81,5
DA:86,3
DA:87,3
DA:89,3
DA:91,3
DA:112,3
DA:113,3
DA:114,3
DA:115,3
DA:116,3
DA:118,0
DA:121,3
DA:122,3
DA:123,1
DA:128,2
DA:142,0
DA:147,4
DA:148,4
DA:150,4
DA:152,3
DA:179,3
DA:180,3
DA:181,3
DA:182,3
DA:183,3
DA:185,0
DA:188,3
DA:189,3
DA:190,1
DA:195,2
DA:208,1
DA:213,12
DA:214,12
DA:216,12
DA:217,1
DA:224,11
DA:225,11
DA:226,11
DA:227,11
DA:228,11
DA:229,11
DA:230,1
DA:235,10
DA:237,10
DA:239,10
DA:249,10
DA:250,10
DA:252,5
DA:253,5
DA:254,5
DA:256,5
DA:257,1
DA:263,4
DA:264,1
DA:270,3
DA:271,2
DA:278,1
DA:281,5
DA:282,5
DA:284,5
DA:293,1
DA:294,1
DA:299,3
DA:300,3
DA:302,3
DA:304,3
DA:325,3
DA:326,3
DA:327,3
DA:328,3
DA:329,3
DA:331,0
DA:334,3
DA:335,3
DA:336,1
DA:341,2
DA:353,0
DA:358,5
DA:359,5
DA:361,5
DA:362,1
DA:368,4
DA:370,4
DA:382,4
DA:383,4
DA:385,3
DA:386,3
DA:388,3
DA:389,1
DA:394,2
DA:395,1
DA:400,1
DA:403,1
DA:404,1
DA:406,1
DA:415,1
DA:416,1
DA:421,26
LF:142
LH:137
BRDA:5,0,0,26
BRDA:5,0,1,24
BRDA:9,1,0,35
BRDA:9,1,1,1
BRDA:10,2,0,1
BRDA:10,2,1,34
BRDA:16,3,0,34
BRDA:16,3,1,23
BRDA:16,3,2,23
BRDA:20,4,0,0
BRDA:22,5,0,24
BRDA:22,5,1,18
BRDA:28,6,0,20
BRDA:28,6,1,0
BRDA:30,7,0,11
BRDA:30,7,1,9
BRDA:30,8,0,20
BRDA:30,8,1,13
BRDA:30,8,2,13
BRDA:30,8,3,13
BRDA:30,8,4,4
BRDA:30,8,5,16
BRDA:32,9,0,11
BRDA:32,9,1,0
BRDA:33,10,0,11
BRDA:33,10,1,0
BRDA:35,11,0,0
BRDA:35,11,1,11
BRDA:48,12,0,10
BRDA:48,12,1,7
BRDA:50,13,0,10
BRDA:50,13,1,10
BRDA:50,13,2,10
BRDA:51,14,0,10
BRDA:51,14,1,0
BRDA:63,15,0,0
BRDA:63,15,1,11
BRDA:68,16,0,1
BRDA:68,16,1,4
BRDA:73,17,0,6
BRDA:73,17,1,0
BRDA:75,18,0,3
BRDA:75,18,1,3
BRDA:75,19,0,6
BRDA:75,19,1,5
BRDA:75,19,2,5
BRDA:75,19,3,5
BRDA:75,19,4,3
BRDA:116,20,0,2
BRDA:116,20,1,1
BRDA:133,21,0,2
BRDA:133,21,1,1
BRDA:183,22,0,2
BRDA:183,22,1,1
BRDA:201,23,0,2
BRDA:201,23,1,1
BRDA:216,24,0,1
BRDA:216,24,1,11
BRDA:216,25,0,12
BRDA:216,25,1,12
BRDA:224,26,0,11
BRDA:224,26,1,0
BRDA:227,27,0,11
BRDA:227,27,1,10
BRDA:229,28,0,1
BRDA:229,28,1,10
BRDA:243,29,0,10
BRDA:243,29,1,9
BRDA:253,30,0,5
BRDA:253,30,1,0
BRDA:254,31,0,5
BRDA:254,31,1,0
BRDA:256,32,0,1
BRDA:256,32,1,4
BRDA:263,33,0,1
BRDA:263,33,1,3
BRDA:270,34,0,2
BRDA:270,34,1,1
BRDA:300,35,0,0
BRDA:329,36,0,2
BRDA:329,36,1,1
BRDA:347,37,0,2
BRDA:347,37,1,1
BRDA:361,38,0,1
BRDA:361,38,1,4
BRDA:361,39,0,5
BRDA:361,39,1,5
BRDA:373,40,0,4
BRDA:373,40,1,4
BRDA:386,41,0,3
BRDA:386,41,1,0
BRDA:388,42,0,1
BRDA:388,42,1,2
BRDA:394,43,0,1
BRDA:394,43,1,1
BRF:95
BRH:82
end_of_record
TN:
SF:controllers\courseController.js
FN:6,(anonymous_0)
FN:41,(anonymous_1)
FN:72,(anonymous_2)
FN:104,(anonymous_3)
FN:134,(anonymous_4)
FN:157,(anonymous_5)
FN:178,(anonymous_6)
FNF:7
FNH:7
FNDA:2,(anonymous_0)
FNDA:2,(anonymous_1)
FNDA:2,(anonymous_2)
FNDA:2,(anonymous_3)
FNDA:1,(anonymous_4)
FNDA:1,(anonymous_5)
FNDA:3,(anonymous_6)
DA:1,4
DA:2,4
DA:3,4
DA:7,2
DA:8,2
DA:9,2
DA:11,2
DA:12,2
DA:13,2
DA:14,1
DA:20,2
DA:32,2
DA:37,0
DA:42,2
DA:43,2
DA:45,2
DA:59,2
DA:60,1
DA:63,1
DA:68,1
DA:73,2
DA:74,2
DA:76,2
DA:77,2
DA:78,1
DA:79,1
DA:82,2
DA:94,2
DA:100,0
DA:105,2
DA:106,2
DA:107,2
DA:109,2
DA:113,2
DA:114,1
DA:117,1
DA:118,1
DA:119,1
DA:122,1
DA:124,1
DA:130,1
DA:135,1
DA:136,1
DA:138,1
DA:142,1
DA:143,0
DA:146,1
DA:148,1
DA:153,0
DA:158,1
DA:159,1
DA:169,1
DA:174,0
DA:179,3
DA:180,3
DA:182,3
DA:186,3
DA:187,1
DA:190,2
DA:192,2
DA:198,1
DA:203,4
LF:62
LH:57
BRDA:11,0,0,1
BRDA:11,0,1,1
BRDA:12,1,0,1
BRDA:12,1,1,1
BRDA:13,2,0,1
BRDA:13,2,1,1
BRDA:59,3,0,1
BRDA:59,3,1,1
BRDA:77,4,0,1
BRDA:77,4,1,1
BRDA:113,5,0,1
BRDA:113,5,1,1
BRDA:117,6,0,1
BRDA:117,6,1,0
BRDA:142,7,0,0
BRDA:142,7,1,1
BRDA:186,8,0,1
BRDA:186,8,1,2
BRDA:194,9,0,1
BRDA:194,9,1,1
BRF:20
BRH:18
end_of_record
TN:
SF:controllers\enrollmentController.js
FN:4,(anonymous_0)
FN:36,(anonymous_1)
FN:64,(anonymous_2)
FN:75,(anonymous_3)
FN:104,(anonymous_4)
FN:121,(anonymous_5)
FN:143,(anonymous_6)
FN:148,(anonymous_7)
FN:153,(anonymous_8)
FN:160,(anonymous_9)
FN:184,(anonymous_10)
FN:211,(anonymous_11)
FN:223,(anonymous_12)
FN:235,(anonymous_13)
FNF:14
FNH:14
FNDA:3,(anonymous_0)
FNDA:1,(anonymous_1)
FNDA:2,(anonymous_2)
FNDA:2,(anonymous_3)
FNDA:2,(anonymous_4)
FNDA:7,(anonymous_5)
FNDA:2,(anonymous_6)
FNDA:2,(anonymous_7)
FNDA:1,(anonymous_8)
FNDA:3,(anonymous_9)
FNDA:1,(anonymous_10)
FNDA:2,(anonymous_11)
FNDA:1,(anonymous_12)
FNDA:2,(anonymous_13)
DA:1,9
DA:5,3
DA:6,3
DA:8,3
DA:9,3
DA:10,1
DA:13,2
DA:17,2
DA:18,1
DA:21,1
DA:26,1
DA:32,2
DA:37,1
DA:38,1
DA:55,1
DA:60,0
DA:65,2
DA:66,2
DA:67,2
DA:68,2
DA:69,1
DA:71,1
DA:76,2
DA:77,2
DA:78,2
DA:80,2
DA:84,2
DA:85,1
DA:88,1
DA:90,1
DA:91,1
DA:94,1
DA:100,1
DA:105,2
DA:106,2
DA:107,2
DA:108,2
DA:109,2
DA:112,2
DA:113,2
DA:114,1
DA:115,1
DA:116,1
DA:120,2
DA:121,7
DA:122,2
DA:123,2
DA:124,2
DA:126,2
DA:128,2
DA:139,0
DA:144,2
DA:145,2
DA:146,2
DA:147,2
DA:148,2
DA:149,2
DA:150,1
DA:152,1
DA:153,1
DA:154,1
DA:156,0
DA:161,3
DA:162,3
DA:164,3
DA:168,3
DA:169,1
DA:172,2
DA:174,2
DA:180,1
DA:185,1
DA:186,1
DA:202,1
DA:207,0
DA:212,2
DA:213,2
DA:214,2
DA:215,2
DA:216,1
DA:217,1
DA:219,1
DA:224,1
DA:225,1
DA:226,1
DA:227,1
DA:228,1
DA:229,1
DA:231,0
DA:236,2
DA:237,2
DA:239,2
DA:243,2
DA:244,1
DA:247,1
DA:249,1
DA:254,1
DA:259,9
LF:97
LH:92
BRDA:6,0,0,3
BRDA:6,0,1,0
BRDA:9,1,0,1
BRDA:9,1,1,2
BRDA:9,2,0,3
BRDA:9,2,1,2
BRDA:17,3,0,1
BRDA:17,3,1,1
BRDA:68,4,0,1
BRDA:68,4,1,1
BRDA:84,5,0,1
BRDA:84,5,1,1
BRDA:90,6,0,1
BRDA:90,6,1,0
BRDA:109,7,0,0
BRDA:109,7,1,2
BRDA:113,8,0,1
BRDA:113,8,1,1
BRDA:115,9,0,1
BRDA:115,9,1,0
BRDA:123,10,0,2
BRDA:123,10,1,0
BRDA:126,11,0,0
BRDA:126,11,1,2
BRDA:149,12,0,1
BRDA:149,12,1,1
BRDA:168,13,0,1
BRDA:168,13,1,2
BRDA:176,14,0,1
BRDA:176,14,1,1
BRDA:215,15,0,1
BRDA:215,15,1,1
BRDA:227,16,0,0
BRDA:227,16,1,1
BRDA:243,17,0,1
BRDA:243,17,1,1
BRF:36
BRH:29
end_of_record
TN:
SF:controllers\userController.js
FN:12,(anonymous_0)
FN:63,(anonymous_1)
FN:98,(anonymous_2)
FN:113,(anonymous_3)
FN:148,(anonymous_4)
FN:159,(anonymous_5)
FN:195,(anonymous_6)
FN:242,(anonymous_7)
FN:332,(anonymous_8)
FN:337,(anonymous_9)
FN:342,(anonymous_10)
FN:371,(anonymous_11)
FN:393,(anonymous_12)
FN:425,(anonymous_13)
FN:451,(anonymous_14)
FN:493,(anonymous_15)
FN:531,(anonymous_16)
FN:546,(anonymous_17)
FN:580,(anonymous_18)
FNF:19
FNH:17
FNDA:1,(anonymous_0)
FNDA:3,(anonymous_1)
FNDA:1,(anonymous_2)
FNDA:3,(anonymous_3)
FNDA:2,(anonymous_4)
FNDA:0,(anonymous_5)
FNDA:3,(anonymous_6)
FNDA:4,(anonymous_7)
FNDA:3,(anonymous_8)
FNDA:0,(anonymous_9)
FNDA:2,(anonymous_10)
FNDA:3,(anonymous_11)
FNDA:3,(anonymous_12)
FNDA:4,(anonymous_13)
FNDA:3,(anonymous_14)
FNDA:1,(anonymous_15)
FNDA:1,(anonymous_16)
FNDA:3,(anonymous_17)
FNDA:2,(anonymous_18)
DA:1,7
DA:2,7
DA:3,7
DA:4,7
DA:5,7
DA:6,7
DA:8,7
DA:9,7
DA:13,1
DA:14,1
DA:16,1
DA:24,1
DA:25,1
DA:26,1
DA:27,1
DA:29,1
DA:45,0
DA:48,1
DA:59,0
DA:64,3
DA:65,3
DA:67,3
DA:68,1
DA:71,2
DA:73,2
DA:74,1
DA:77,1
DA:79,1
DA:94,2
DA:99,1
DA:100,1
DA:104,1
DA:109,0
DA:114,3
DA:115,3
DA:117,3
DA:118,3
DA:119,3
DA:120,3
DA:122,3
DA:123,1
DA:124,2
DA:125,1
DA:128,1
DA:131,2
DA:132,2
DA:134,2
DA:136,2
DA:138,2
DA:144,1
DA:149,2
DA:150,2
DA:151,2
DA:152,1
DA:153,1
DA:155,1
DA:160,0
DA:161,0
DA:162,0
DA:163,0
DA:164,0
DA:170,0
DA:178,0
DA:191,0
DA:196,3
DA:197,3
DA:198,3
DA:200,2
DA:201,1
DA:204,1
DA:205,1
DA:206,1
DA:207,1
DA:209,1
DA:210,1
DA:211,1
DA:221,1
DA:222,1
DA:237,2
DA:243,4
DA:244,4
DA:245,4
DA:246,0
DA:250,4
DA:252,4
DA:253,4
DA:254,4
DA:255,1
DA:259,1
DA:264,3
DA:265,3
DA:266,3
DA:267,3
DA:268,3
DA:269,3
DA:270,3
DA:272,3
DA:276,1
DA:277,1
DA:278,1
DA:279,1
DA:281,2
DA:285,2
DA:286,2
DA:290,1
DA:291,1
DA:292,1
DA:293,1
DA:295,1
DA:297,1
DA:299,1
DA:300,1
DA:301,1
DA:311,1
DA:312,1
DA:328,3
DA:333,3
DA:334,3
DA:338,0
DA:339,0
DA:343,2
DA:344,2
DA:345,2
DA:346,2
DA:347,1
DA:350,1
DA:351,1
DA:352,1
DA:354,1
DA:365,1
DA:367,0
DA:372,3
DA:373,3
DA:374,3
DA:375,2
DA:376,2
DA:378,1
DA:379,1
DA:380,1
DA:381,1
DA:382,1
DA:384,1
DA:386,2
DA:387,0
DA:389,2
DA:394,3
DA:395,3
DA:396,3
DA:397,2
DA:399,2
DA:400,1
DA:401,1
DA:402,1
DA:403,1
DA:404,1
DA:415,0
DA:419,2
DA:421,1
DA:426,4
DA:427,4
DA:428,4
DA:429,3
DA:431,2
DA:432,1
DA:434,1
DA:435,1
DA:437,1
DA:438,1
DA:440,1
DA:442,3
DA:443,1
DA:445,3
DA:452,3
DA:453,3
DA:454,3
DA:455,1
DA:458,2
DA:459,2
DA:461,2
DA:462,2
DA:464,1
DA:475,1
DA:488,2
DA:494,1
DA:495,1
DA:496,1
DA:497,1
DA:498,1
DA:499,1
DA:505,1
DA:513,1
DA:526,0
DA:532,1
DA:533,1
DA:536,1
DA:537,1
DA:539,0
DA:541,1
DA:547,3
DA:548,3
DA:549,3
DA:550,3
DA:551,3
DA:553,2
DA:554,2
DA:555,2
DA:556,2
DA:557,2
DA:558,2
DA:559,2
DA:560,1
DA:561,1
DA:562,1
DA:564,0
DA:566,0
DA:569,1
DA:570,1
DA:571,1
DA:573,0
DA:575,3
DA:581,2
DA:582,2
DA:583,2
DA:584,2
DA:585,2
DA:586,1
DA:587,1
DA:588,0
DA:589,0
DA:591,2
DA:596,7
LF:231
LH:207
BRDA:14,0,0,1
BRDA:26,1,0,1
BRDA:26,1,1,1
BRDA:67,2,0,1
BRDA:67,2,1,2
BRDA:67,3,0,3
BRDA:67,3,1,2
BRDA:73,4,0,1
BRDA:73,4,1,1
BRDA:73,5,0,2
BRDA:73,5,1,1
BRDA:118,6,0,0
BRDA:118,6,1,3
BRDA:119,7,0,0
BRDA:119,7,1,3
BRDA:120,8,0,3
BRDA:120,8,1,0
BRDA:122,9,0,1
BRDA:122,9,1,2
BRDA:122,10,0,3
BRDA:122,10,1,2
BRDA:124,11,0,1
BRDA:124,11,1,1
BRDA:131,12,0,0
BRDA:131,12,1,2
BRDA:132,13,0,0
BRDA:132,13,1,2
BRDA:151,14,0,1
BRDA:151,14,1,1
BRDA:161,15,0,0
BRDA:161,16,0,0
BRDA:161,17,0,0
BRDA:163,18,0,0
BRDA:163,18,1,0
BRDA:198,19,0,1
BRDA:198,19,1,2
BRDA:200,20,0,1
BRDA:200,20,1,1
BRDA:206,21,0,1
BRDA:206,21,1,0
BRDA:207,22,0,1
BRDA:207,22,1,0
BRDA:210,23,0,1
BRDA:210,23,1,0
BRDA:245,24,0,0
BRDA:245,24,1,4
BRDA:250,25,0,4
BRDA:250,25,1,3
BRDA:250,25,2,3
BRDA:254,26,0,1
BRDA:254,26,1,3
BRDA:254,27,0,4
BRDA:254,27,1,3
BRDA:256,28,0,1
BRDA:256,28,1,0
BRDA:257,29,0,1
BRDA:257,29,1,0
BRDA:276,30,0,1
BRDA:276,30,1,0
BRDA:276,30,2,0
BRDA:276,30,3,0
BRDA:290,31,0,1
BRDA:290,31,1,1
BRDA:290,31,2,0
BRDA:290,31,3,0
BRDA:297,32,0,0
BRDA:297,32,1,1
BRDA:300,33,0,1
BRDA:300,33,1,0
BRDA:304,34,0,1
BRDA:304,34,1,0
BRDA:306,35,0,1
BRDA:306,35,1,0
BRDA:333,36,0,3
BRDA:333,36,1,3
BRDA:338,37,0,0
BRDA:338,37,1,0
BRDA:345,38,0,0
BRDA:345,38,1,2
BRDA:346,39,0,1
BRDA:346,39,1,1
BRDA:351,40,0,1
BRDA:351,40,1,1
BRDA:374,41,0,1
BRDA:374,41,1,2
BRDA:376,42,0,1
BRDA:376,42,1,1
BRDA:379,43,0,0
BRDA:379,43,1,1
BRDA:380,44,0,1
BRDA:380,44,1,0
BRDA:386,45,0,0
BRDA:386,45,1,2
BRDA:396,46,0,1
BRDA:396,46,1,2
BRDA:399,47,0,1
BRDA:399,47,1,1
BRDA:401,48,0,1
BRDA:401,48,1,1
BRDA:428,49,0,1
BRDA:428,49,1,3
BRDA:428,50,0,4
BRDA:428,50,1,3
BRDA:429,51,0,1
BRDA:429,51,1,2
BRDA:432,52,0,0
BRDA:432,52,1,1
BRDA:435,53,0,0
BRDA:435,53,1,1
BRDA:442,54,0,1
BRDA:442,54,1,2
BRDA:453,55,0,2
BRDA:454,56,0,1
BRDA:454,56,1,2
BRDA:454,57,0,3
BRDA:454,57,1,2
BRDA:454,57,2,2
BRDA:458,58,0,2
BRDA:458,58,1,0
BRDA:459,59,0,1
BRDA:459,59,1,1
BRDA:462,60,0,1
BRDA:462,60,1,1
BRDA:469,61,0,1
BRDA:469,61,1,1
BRDA:470,62,0,1
BRDA:470,62,1,1
BRDA:472,63,0,0
BRDA:472,63,1,1
BRDA:472,64,0,1
BRDA:472,64,1,0
BRDA:495,65,0,0
BRDA:495,66,0,0
BRDA:495,67,0,0
BRDA:497,68,0,1
BRDA:497,68,1,0
BRDA:497,69,0,1
BRDA:497,69,1,1
BRDA:498,70,0,1
BRDA:498,70,1,0
BRDA:537,71,0,1
BRDA:537,71,1,0
BRDA:551,72,0,1
BRDA:551,72,1,2
BRDA:551,73,0,3
BRDA:551,73,1,2
BRDA:555,74,0,1
BRDA:555,74,1,1
BRDA:556,75,0,0
BRDA:556,75,1,2
BRDA:557,76,0,0
BRDA:557,76,1,2
BRDA:558,77,0,0
BRDA:558,77,1,2
BRDA:559,78,0,1
BRDA:559,78,1,1
BRDA:560,79,0,1
BRDA:560,79,1,0
BRDA:561,80,0,1
BRDA:561,80,1,0
BRDA:566,81,0,0
BRDA:566,81,1,0
BRDA:571,82,0,1
BRDA:571,82,1,0
BRDA:585,83,0,1
BRDA:585,83,1,1
BRDA:585,84,0,2
BRDA:585,84,1,1
BRDA:587,85,0,1
BRDA:587,85,1,0
BRF:170
BRH:119
end_of_record
TN:
SF:helper\firebase.js
FN:12,(anonymous_0)
FN:56,(anonymous_1)
FN:65,(anonymous_2)
FN:66,(anonymous_3)
FN:67,(anonymous_4)
FNF:5
FNH:5
FNDA:25,(anonymous_0)
FNDA:6,(anonymous_1)
FNDA:4,(anonymous_2)
FNDA:1,(anonymous_3)
FNDA:3,(anonymous_4)
DA:1,15
DA:3,15
DA:4,15
DA:6,15
DA:7,15
DA:12,25
DA:14,15
DA:15,5
DA:27,5
DA:28,5
DA:33,4
DA:34,4
DA:37,10
DA:41,1
DA:43,1
DA:44,1
DA:45,1
DA:46,1
DA:47,1
DA:49,0
DA:52,0
DA:56,15
DA:57,6
DA:58,1
DA:60,5
DA:61,5
DA:62,4
DA:65,4
DA:66,4
DA:67,4
DA:68,3
DA:69,3
DA:70,2
DA:71,2
DA:73,1
DA:76,4
DA:79,1
DA:83,15
LF:38
LH:36
BRDA:14,0,0,5
BRDA:14,0,1,10
BRDA:27,1,0,5
BRDA:27,1,1,0
BRDA:41,2,0,1
BRDA:41,2,1,0
BRDA:43,3,0,1
BRDA:43,3,1,0
BRDA:45,4,0,1
BRDA:45,4,1,0
BRDA:46,5,0,1
BRDA:46,5,1,0
BRDA:46,6,0,1
BRDA:46,6,1,1
BRDA:57,7,0,1
BRDA:57,7,1,5
BRDA:57,8,0,6
BRDA:57,8,1,5
BRDA:73,9,0,1
BRDA:73,9,1,0
BRF:20
BRH:14
end_of_record
TN:
SF:helper\jwt.js
FN:3,(anonymous_0)
FN:7,(anonymous_1)
FNF:2
FNH:2
FNDA:1,(anonymous_0)
FNDA:1,(anonymous_1)
DA:1,6
DA:3,6
DA:4,1
DA:7,6
DA:8,1
DA:11,6
LF:6
LH:6
BRDA:4,0,0,1
BRDA:4,0,1,0
BRDA:8,1,0,1
BRDA:8,1,1,0
BRF:4
BRH:2
end_of_record
TN:
SF:helper\mailer.js
FN:6,createTransporter
FN:28,sendMail
FNF:2
FNH:2
FNDA:3,createTransporter
FNDA:1,sendMail
DA:2,5
DA:4,5
DA:7,3
DA:9,2
DA:11,2
DA:12,1
DA:20,1
DA:25,2
DA:29,1
DA:30,1
DA:31,1
DA:32,1
DA:35,5
LF:13
LH:13
BRDA:7,0,0,1
BRDA:7,0,1,2
BRDA:11,1,0,1
BRDA:11,1,1,1
BRDA:11,2,0,2
BRDA:11,2,1,1
BRDA:16,3,0,1
BRDA:16,3,1,0
BRDA:16,4,0,1
BRDA:16,4,1,1
BRDA:30,5,0,1
BRDA:30,5,1,1
BRDA:30,5,2,1
BRDA:30,5,3,0
BRF:14
BRH:12
end_of_record
TN:
SF:middlewares\authentication.js
FN:4,(anonymous_0)
FN:33,(anonymous_1)
FN:34,(anonymous_2)
FNF:3
FNH:3
FNDA:5,(anonymous_0)
FNDA:2,(anonymous_1)
FNDA:2,(anonymous_2)
DA:1,1
DA:2,1
DA:4,1
DA:5,5
DA:6,5
DA:8,5
DA:9,1
DA:12,4
DA:14,4
DA:15,1
DA:18,3
DA:20,2
DA:22,2
DA:23,1
DA:26,1
DA:27,1
DA:29,4
DA:33,1
DA:34,2
DA:35,2
DA:36,2
DA:37,1
DA:39,1
DA:41,1
DA:46,1
LF:25
LH:25
BRDA:8,0,0,1
BRDA:8,0,1,4
BRDA:14,1,0,1
BRDA:14,1,1,3
BRDA:22,2,0,1
BRDA:22,2,1,1
BRDA:36,3,0,1
BRDA:36,3,1,1
BRF:8
BRH:8
end_of_record
TN:
SF:middlewares\errorHandler.js
FN:1,(anonymous_0)
FNF:1
FNH:1
FNDA:15,(anonymous_0)
DA:1,1
DA:2,15
DA:4,15
DA:5,15
DA:7,15
DA:10,2
DA:11,2
DA:12,2
DA:14,1
DA:15,1
DA:16,1
DA:18,1
DA:19,1
DA:20,1
DA:22,1
DA:23,1
DA:24,1
DA:26,2
DA:27,2
DA:28,2
DA:30,2
DA:31,2
DA:32,2
DA:34,2
DA:35,2
DA:36,2
DA:38,2
DA:39,2
DA:40,2
DA:42,2
DA:43,1
DA:44,1
DA:46,2
DA:49,15
DA:55,1
LF:35
LH:35
BRDA:7,0,0,1
BRDA:7,0,1,2
BRDA:7,0,2,1
BRDA:7,0,3,1
BRDA:7,0,4,1
BRDA:7,0,5,2
BRDA:7,0,6,2
BRDA:7,0,7,2
BRDA:7,0,8,2
BRDA:7,0,9,2
BRDA:27,1,0,2
BRDA:27,1,1,1
BRDA:31,2,0,2
BRDA:31,2,1,1
BRDA:35,3,0,2
BRDA:35,3,1,1
BRDA:39,4,0,2
BRDA:39,4,1,1
BRDA:42,5,0,1
BRDA:42,5,1,1
BRF:20
BRH:20
end_of_record
